2025-03-20T05:20:10.923Z  INFO 3584 --- [monitoringmicroservice] [ForkJoinPool.commonPool-worker-1] c.a.m.service.WaterReadingService        : Inserting record: 4250
2025-03-20T05:20:10.927Z DEBUG 3584 --- [monitoringmicroservice] [ForkJoinPool.commonPool-worker-1] org.hibernate.SQL                        : insert into river_water_quality_records (alkmgl,bodmgl,conduscm,cusol1mgl,cusol2ugl,fesol1ugl,no2nmgl,object_id,phph,timestamp,znsolugl,id) values (?,?,?,?,?,?,?,?,?,?,?,?)
2025-03-20T05:20:19.186Z DEBUG 3584 --- [monitoringmicroservice] [http-nio-8081-exec-6] org.hibernate.SQL                        : select wr1_0.id,wr1_0.alkmgl,wr1_0.bodmgl,wr1_0.conduscm,wr1_0.cusol1mgl,wr1_0.cusol2ugl,wr1_0.fesol1ugl,wr1_0.no2nmgl,wr1_0.object_id,wr1_0.phph,wr1_0.timestamp,wr1_0.znsolugl from river_water_quality_records wr1_0
2025-03-20T05:20:40.948Z  INFO 3584 --- [monitoringmicroservice] [ForkJoinPool.commonPool-worker-1] c.a.m.service.WaterReadingService        : Inserting record: 4365
2025-03-20T05:20:40.952Z DEBUG 3584 --- [monitoringmicroservice] [ForkJoinPool.commonPool-worker-1] org.hibernate.SQL                        : insert into river_water_quality_records (alkmgl,bodmgl,conduscm,cusol1mgl,cusol2ugl,fesol1ugl,no2nmgl,object_id,phph,timestamp,znsolugl,id) values (?,?,?,?,?,?,?,?,?,?,?,?)
2025-03-20T05:21:10.971Z  INFO 3584 --- [monitoringmicroservice] [ForkJoinPool.commonPool-worker-1] c.a.m.service.WaterReadingService        : Inserting record: 4391
2025-03-20T05:21:10.977Z DEBUG 3584 --- [monitoringmicroservice] [ForkJoinPool.commonPool-worker-1] org.hibernate.SQL                        : insert into river_water_quality_records (alkmgl,bodmgl,conduscm,cusol1mgl,cusol2ugl,fesol1ugl,no2nmgl,object_id,phph,timestamp,znsolugl,id) values (?,?,?,?,?,?,?,?,?,?,?,?)
2025-03-20T05:21:40.990Z  INFO 3584 --- [monitoringmicroservice] [ForkJoinPool.commonPool-worker-1] c.a.m.service.WaterReadingService        : Inserting record: 4885
2025-03-20T05:21:40.996Z DEBUG 3584 --- [monitoringmicroservice] [ForkJoinPool.commonPool-worker-1] org.hibernate.SQL                        : insert into river_water_quality_records (alkmgl,bodmgl,conduscm,cusol1mgl,cusol2ugl,fesol1ugl,no2nmgl,object_id,phph,timestamp,znsolugl,id) values (?,?,?,?,?,?,?,?,?,?,?,?)
2025-03-20T05:22:11.011Z  INFO 3584 --- [monitoringmicroservice] [ForkJoinPool.commonPool-worker-1] c.a.m.service.WaterReadingService        : Inserting record: 4911
2025-03-20T05:22:11.020Z DEBUG 3584 --- [monitoringmicroservice] [ForkJoinPool.commonPool-worker-1] org.hibernate.SQL                        : insert into river_water_quality_records (alkmgl,bodmgl,conduscm,cusol1mgl,cusol2ugl,fesol1ugl,no2nmgl,object_id,phph,timestamp,znsolugl,id) values (?,?,?,?,?,?,?,?,?,?,?,?)
2025-03-20T05:22:41.027Z  INFO 3584 --- [monitoringmicroservice] [ForkJoinPool.commonPool-worker-1] c.a.m.service.WaterReadingService        : Inserting record: 5104
2025-03-20T05:22:41.029Z DEBUG 3584 --- [monitoringmicroservice] [ForkJoinPool.commonPool-worker-1] org.hibernate.SQL                        : insert into river_water_quality_records (alkmgl,bodmgl,conduscm,cusol1mgl,cusol2ugl,fesol1ugl,no2nmgl,object_id,phph,timestamp,znsolugl,id) values (?,?,?,?,?,?,?,?,?,?,?,?)
2025-03-20T05:23:11.045Z  INFO 3584 --- [monitoringmicroservice] [ForkJoinPool.commonPool-worker-1] c.a.m.service.WaterReadingService        : Inserting record: 5105
2025-03-20T05:23:11.046Z DEBUG 3584 --- [monitoringmicroservice] [ForkJoinPool.commonPool-worker-1] org.hibernate.SQL                        : insert into river_water_quality_records (alkmgl,bodmgl,conduscm,cusol1mgl,cusol2ugl,fesol1ugl,no2nmgl,object_id,phph,timestamp,znsolugl,id) values (?,?,?,?,?,?,?,?,?,?,?,?)
2025-03-20T05:27:09.745Z  INFO 23920 --- [monitoringmicroservice] [main] c.a.m.MonitoringmicroserviceApplication  : Starting MonitoringmicroserviceApplication using Java 21.0.6 with PID 23920 (C:\Users\pbeln\eclipse-workspace\monitoringmicroservice\monitoringmicroservice\target\classes started by pbeln in C:\Users\pbeln\eclipse-workspace\monitoringmicroservice\monitoringmicroservice)
2025-03-20T05:27:09.746Z DEBUG 23920 --- [monitoringmicroservice] [main] c.a.m.MonitoringmicroserviceApplication  : Running with Spring Boot v3.4.3, Spring v6.2.3
2025-03-20T05:27:09.749Z  INFO 23920 --- [monitoringmicroservice] [main] c.a.m.MonitoringmicroserviceApplication  : No active profile set, falling back to 1 default profile: "default"
2025-03-20T05:27:10.363Z  INFO 23920 --- [monitoringmicroservice] [main] .s.d.r.c.RepositoryConfigurationDelegate : Bootstrapping Spring Data JPA repositories in DEFAULT mode.
2025-03-20T05:27:10.405Z  INFO 23920 --- [monitoringmicroservice] [main] .s.d.r.c.RepositoryConfigurationDelegate : Finished Spring Data repository scanning in 35 ms. Found 1 JPA repository interface.
2025-03-20T05:27:10.883Z  INFO 23920 --- [monitoringmicroservice] [main] o.s.b.w.embedded.tomcat.TomcatWebServer  : Tomcat initialized with port 8081 (http)
2025-03-20T05:27:10.900Z  INFO 23920 --- [monitoringmicroservice] [main] o.apache.catalina.core.StandardService   : Starting service [Tomcat]
2025-03-20T05:27:10.900Z  INFO 23920 --- [monitoringmicroservice] [main] o.apache.catalina.core.StandardEngine    : Starting Servlet engine: [Apache Tomcat/10.1.36]
2025-03-20T05:27:10.953Z  INFO 23920 --- [monitoringmicroservice] [main] o.a.c.c.C.[Tomcat].[localhost].[/]       : Initializing Spring embedded WebApplicationContext
2025-03-20T05:27:10.953Z  INFO 23920 --- [monitoringmicroservice] [main] w.s.c.ServletWebServerApplicationContext : Root WebApplicationContext: initialization completed in 1172 ms
2025-03-20T05:27:11.105Z  INFO 23920 --- [monitoringmicroservice] [main] o.hibernate.jpa.internal.util.LogHelper  : HHH000204: Processing PersistenceUnitInfo [name: default]
2025-03-20T05:27:11.140Z  INFO 23920 --- [monitoringmicroservice] [main] org.hibernate.Version                    : HHH000412: Hibernate ORM core version 6.6.8.Final
2025-03-20T05:27:11.161Z  INFO 23920 --- [monitoringmicroservice] [main] o.h.c.internal.RegionFactoryInitiator    : HHH000026: Second-level cache disabled
2025-03-20T05:27:11.363Z  INFO 23920 --- [monitoringmicroservice] [main] o.s.o.j.p.SpringPersistenceUnitInfo      : No LoadTimeWeaver setup: ignoring JPA class transformer
2025-03-20T05:27:11.386Z  WARN 23920 --- [monitoringmicroservice] [main] com.zaxxer.hikari.HikariConfig           : HikariPool-1 - idleTimeout has been set but has no effect because the pool is operating as a fixed size pool.
2025-03-20T05:27:11.387Z  INFO 23920 --- [monitoringmicroservice] [main] com.zaxxer.hikari.HikariDataSource       : HikariPool-1 - Starting...
2025-03-20T05:27:11.483Z  INFO 23920 --- [monitoringmicroservice] [main] com.zaxxer.hikari.pool.HikariPool        : HikariPool-1 - Added connection org.sqlite.jdbc4.JDBC4Connection@3c3e363
2025-03-20T05:27:11.486Z  INFO 23920 --- [monitoringmicroservice] [main] com.zaxxer.hikari.HikariDataSource       : HikariPool-1 - Start completed.
2025-03-20T05:27:11.514Z  INFO 23920 --- [monitoringmicroservice] [main] org.hibernate.orm.connections.pooling    : HHH10001005: Database info:
	Database JDBC URL [Connecting through datasource 'HikariDataSource (HikariPool-1)']
	Database driver: undefined/unknown
	Database version: 3.47.2
	Autocommit mode: undefined/unknown
	Isolation level: undefined/unknown
	Minimum pool size: undefined/unknown
	Maximum pool size: undefined/unknown
2025-03-20T05:27:11.948Z  INFO 23920 --- [monitoringmicroservice] [main] o.h.e.t.j.p.i.JtaPlatformInitiator       : HHH000489: No JTA platform available (set 'hibernate.transaction.jta.platform' to enable JTA platform integration)
2025-03-20T05:27:11.970Z  INFO 23920 --- [monitoringmicroservice] [main] j.LocalContainerEntityManagerFactoryBean : Initialized JPA EntityManagerFactory for persistence unit 'default'
2025-03-20T05:27:12.152Z  INFO 23920 --- [monitoringmicroservice] [main] c.a.m.service.WaterReadingService        : Starting CSV file processing...
2025-03-20T05:27:12.154Z  INFO 23920 --- [monitoringmicroservice] [ForkJoinPool.commonPool-worker-1] c.a.m.service.WaterReadingService        : Processing file: data/River_Water_Quality_Monitoring.csv
2025-03-20T05:27:12.163Z  INFO 23920 --- [monitoringmicroservice] [ForkJoinPool.commonPool-worker-1] c.a.m.service.WaterReadingService        : Inserting record: 1115
2025-03-20T05:27:12.177Z  INFO 23920 --- [monitoringmicroservice] [ForkJoinPool.commonPool-worker-1] o.s.b.f.s.DefaultListableBeanFactory     : Creating singleton bean 'transactionManager' in thread "ForkJoinPool.commonPool-worker-1" while other thread holds singleton lock for other beans [waterReadingService, waterReadingController]
2025-03-20T05:27:12.182Z  INFO 23920 --- [monitoringmicroservice] [ForkJoinPool.commonPool-worker-1] o.s.b.f.s.DefaultListableBeanFactory     : Creating singleton bean 'platformTransactionManagerCustomizers' in thread "ForkJoinPool.commonPool-worker-1" while other thread holds singleton lock for other beans [waterReadingService, waterReadingController, transactionManager]
2025-03-20T05:27:12.182Z  INFO 23920 --- [monitoringmicroservice] [ForkJoinPool.commonPool-worker-1] o.s.b.f.s.DefaultListableBeanFactory     : Creating singleton bean 'org.springframework.boot.autoconfigure.transaction.TransactionManagerCustomizationAutoConfiguration' in thread "ForkJoinPool.commonPool-worker-1" while other thread holds singleton lock for other beans [waterReadingService, waterReadingController, transactionManager, platformTransactionManagerCustomizers]
2025-03-20T05:27:12.183Z  INFO 23920 --- [monitoringmicroservice] [ForkJoinPool.commonPool-worker-1] o.s.b.f.s.DefaultListableBeanFactory     : Creating singleton bean 'transactionExecutionListeners' in thread "ForkJoinPool.commonPool-worker-1" while other thread holds singleton lock for other beans [waterReadingService, waterReadingController, transactionManager, platformTransactionManagerCustomizers]
2025-03-20T05:27:12.187Z  INFO 23920 --- [monitoringmicroservice] [ForkJoinPool.commonPool-worker-1] o.s.b.f.s.DefaultListableBeanFactory     : Creating singleton bean 'spring.transaction-org.springframework.boot.autoconfigure.transaction.TransactionProperties' in thread "ForkJoinPool.commonPool-worker-1" while other thread holds singleton lock for other beans [waterReadingService, waterReadingController, transactionManager, platformTransactionManagerCustomizers]
2025-03-20T05:27:12.262Z DEBUG 23920 --- [monitoringmicroservice] [ForkJoinPool.commonPool-worker-1] org.hibernate.SQL                        : insert into river_water_quality_records (alkmgl,bodmgl,conduscm,cusol1mgl,cusol2ugl,fesol1ugl,no2nmgl,object_id,phph,timestamp,znsolugl,id) values (?,?,?,?,?,?,?,?,?,?,?,?)
2025-03-20T05:27:12.310Z  WARN 23920 --- [monitoringmicroservice] [main] JpaBaseConfiguration$JpaWebConfiguration : spring.jpa.open-in-view is enabled by default. Therefore, database queries may be performed during view rendering. Explicitly configure spring.jpa.open-in-view to disable this warning
2025-03-20T05:27:12.354Z  INFO 23920 --- [monitoringmicroservice] [main] o.s.v.b.OptionalValidatorFactoryBean     : Failed to set up a Bean Validation provider: jakarta.validation.NoProviderFoundException: Unable to create a Configuration, because no Jakarta Bean Validation provider could be found. Add a provider like Hibernate Validator (RI) to your classpath.
2025-03-20T05:27:12.742Z  INFO 23920 --- [monitoringmicroservice] [main] o.s.b.w.embedded.tomcat.TomcatWebServer  : Tomcat started on port 8081 (http) with context path '/'
2025-03-20T05:27:12.751Z  INFO 23920 --- [monitoringmicroservice] [main] c.a.m.MonitoringmicroserviceApplication  : Started MonitoringmicroserviceApplication in 3.367 seconds (process running for 3.633)
2025-03-20T05:27:31.676Z  INFO 23920 --- [monitoringmicroservice] [http-nio-8081-exec-1] o.a.c.c.C.[Tomcat].[localhost].[/]       : Initializing Spring DispatcherServlet 'dispatcherServlet'
2025-03-20T05:27:31.676Z  INFO 23920 --- [monitoringmicroservice] [http-nio-8081-exec-1] o.s.web.servlet.DispatcherServlet        : Initializing Servlet 'dispatcherServlet'
2025-03-20T05:27:31.676Z  INFO 23920 --- [monitoringmicroservice] [http-nio-8081-exec-1] o.s.web.servlet.DispatcherServlet        : Completed initialization in 0 ms
2025-03-20T05:27:31.948Z DEBUG 23920 --- [monitoringmicroservice] [http-nio-8081-exec-1] org.hibernate.SQL                        : select wr1_0.id,wr1_0.alkmgl,wr1_0.bodmgl,wr1_0.conduscm,wr1_0.cusol1mgl,wr1_0.cusol2ugl,wr1_0.fesol1ugl,wr1_0.no2nmgl,wr1_0.object_id,wr1_0.phph,wr1_0.timestamp,wr1_0.znsolugl from river_water_quality_records wr1_0 order by wr1_0.timestamp desc limit ?
2025-03-20T05:27:42.288Z  INFO 23920 --- [monitoringmicroservice] [ForkJoinPool.commonPool-worker-1] c.a.m.service.WaterReadingService        : Inserting record: 1147
2025-03-20T05:27:42.291Z DEBUG 23920 --- [monitoringmicroservice] [ForkJoinPool.commonPool-worker-1] org.hibernate.SQL                        : insert into river_water_quality_records (alkmgl,bodmgl,conduscm,cusol1mgl,cusol2ugl,fesol1ugl,no2nmgl,object_id,phph,timestamp,znsolugl,id) values (?,?,?,?,?,?,?,?,?,?,?,?)
2025-03-20T05:27:42.681Z DEBUG 23920 --- [monitoringmicroservice] [http-nio-8081-exec-3] org.hibernate.SQL                        : select wr1_0.id,wr1_0.alkmgl,wr1_0.bodmgl,wr1_0.conduscm,wr1_0.cusol1mgl,wr1_0.cusol2ugl,wr1_0.fesol1ugl,wr1_0.no2nmgl,wr1_0.object_id,wr1_0.phph,wr1_0.timestamp,wr1_0.znsolugl from river_water_quality_records wr1_0
2025-03-20T05:28:12.306Z  INFO 23920 --- [monitoringmicroservice] [ForkJoinPool.commonPool-worker-1] c.a.m.service.WaterReadingService        : Inserting record: 1148
2025-03-20T05:28:12.310Z DEBUG 23920 --- [monitoringmicroservice] [ForkJoinPool.commonPool-worker-1] org.hibernate.SQL                        : insert into river_water_quality_records (alkmgl,bodmgl,conduscm,cusol1mgl,cusol2ugl,fesol1ugl,no2nmgl,object_id,phph,timestamp,znsolugl,id) values (?,?,?,?,?,?,?,?,?,?,?,?)
2025-03-20T05:28:42.317Z  INFO 23920 --- [monitoringmicroservice] [ForkJoinPool.commonPool-worker-1] c.a.m.service.WaterReadingService        : Inserting record: 1523
2025-03-20T05:28:42.319Z DEBUG 23920 --- [monitoringmicroservice] [ForkJoinPool.commonPool-worker-1] org.hibernate.SQL                        : insert into river_water_quality_records (alkmgl,bodmgl,conduscm,cusol1mgl,cusol2ugl,fesol1ugl,no2nmgl,object_id,phph,timestamp,znsolugl,id) values (?,?,?,?,?,?,?,?,?,?,?,?)
2025-03-20T05:29:12.337Z  INFO 23920 --- [monitoringmicroservice] [ForkJoinPool.commonPool-worker-1] c.a.m.service.WaterReadingService        : Inserting record: 1555
2025-03-20T05:29:12.337Z DEBUG 23920 --- [monitoringmicroservice] [ForkJoinPool.commonPool-worker-1] org.hibernate.SQL                        : insert into river_water_quality_records (alkmgl,bodmgl,conduscm,cusol1mgl,cusol2ugl,fesol1ugl,no2nmgl,object_id,phph,timestamp,znsolugl,id) values (?,?,?,?,?,?,?,?,?,?,?,?)
2025-03-20T05:29:42.352Z  INFO 23920 --- [monitoringmicroservice] [ForkJoinPool.commonPool-worker-1] c.a.m.service.WaterReadingService        : Inserting record: 1556
2025-03-20T05:29:42.355Z DEBUG 23920 --- [monitoringmicroservice] [ForkJoinPool.commonPool-worker-1] org.hibernate.SQL                        : insert into river_water_quality_records (alkmgl,bodmgl,conduscm,cusol1mgl,cusol2ugl,fesol1ugl,no2nmgl,object_id,phph,timestamp,znsolugl,id) values (?,?,?,?,?,?,?,?,?,?,?,?)
2025-03-20T05:30:12.366Z  INFO 23920 --- [monitoringmicroservice] [ForkJoinPool.commonPool-worker-1] c.a.m.service.WaterReadingService        : Inserting record: 1903
2025-03-20T05:30:12.372Z DEBUG 23920 --- [monitoringmicroservice] [ForkJoinPool.commonPool-worker-1] org.hibernate.SQL                        : insert into river_water_quality_records (alkmgl,bodmgl,conduscm,cusol1mgl,cusol2ugl,fesol1ugl,no2nmgl,object_id,phph,timestamp,znsolugl,id) values (?,?,?,?,?,?,?,?,?,?,?,?)
2025-03-20T05:30:42.389Z  INFO 23920 --- [monitoringmicroservice] [ForkJoinPool.commonPool-worker-1] c.a.m.service.WaterReadingService        : Inserting record: 1904
2025-03-20T05:30:42.391Z DEBUG 23920 --- [monitoringmicroservice] [ForkJoinPool.commonPool-worker-1] org.hibernate.SQL                        : insert into river_water_quality_records (alkmgl,bodmgl,conduscm,cusol1mgl,cusol2ugl,fesol1ugl,no2nmgl,object_id,phph,timestamp,znsolugl,id) values (?,?,?,?,?,?,?,?,?,?,?,?)
2025-03-20T05:31:12.412Z  INFO 23920 --- [monitoringmicroservice] [ForkJoinPool.commonPool-worker-1] c.a.m.service.WaterReadingService        : Inserting record: 1934
2025-03-20T05:31:12.412Z DEBUG 23920 --- [monitoringmicroservice] [ForkJoinPool.commonPool-worker-1] org.hibernate.SQL                        : insert into river_water_quality_records (alkmgl,bodmgl,conduscm,cusol1mgl,cusol2ugl,fesol1ugl,no2nmgl,object_id,phph,timestamp,znsolugl,id) values (?,?,?,?,?,?,?,?,?,?,?,?)
2025-03-20T05:31:42.439Z  INFO 23920 --- [monitoringmicroservice] [ForkJoinPool.commonPool-worker-1] c.a.m.service.WaterReadingService        : Inserting record: 1935
2025-03-20T05:31:42.444Z DEBUG 23920 --- [monitoringmicroservice] [ForkJoinPool.commonPool-worker-1] org.hibernate.SQL                        : insert into river_water_quality_records (alkmgl,bodmgl,conduscm,cusol1mgl,cusol2ugl,fesol1ugl,no2nmgl,object_id,phph,timestamp,znsolugl,id) values (?,?,?,?,?,?,?,?,?,?,?,?)
2025-03-20T05:32:12.457Z  INFO 23920 --- [monitoringmicroservice] [ForkJoinPool.commonPool-worker-1] c.a.m.service.WaterReadingService        : Inserting record: 2812
2025-03-20T05:32:12.460Z DEBUG 23920 --- [monitoringmicroservice] [ForkJoinPool.commonPool-worker-1] org.hibernate.SQL                        : insert into river_water_quality_records (alkmgl,bodmgl,conduscm,cusol1mgl,cusol2ugl,fesol1ugl,no2nmgl,object_id,phph,timestamp,znsolugl,id) values (?,?,?,?,?,?,?,?,?,?,?,?)
2025-03-20T05:32:40.492Z DEBUG 23920 --- [monitoringmicroservice] [http-nio-8081-exec-4] org.hibernate.SQL                        : select wr1_0.id,wr1_0.alkmgl,wr1_0.bodmgl,wr1_0.conduscm,wr1_0.cusol1mgl,wr1_0.cusol2ugl,wr1_0.fesol1ugl,wr1_0.no2nmgl,wr1_0.object_id,wr1_0.phph,wr1_0.timestamp,wr1_0.znsolugl from river_water_quality_records wr1_0 order by wr1_0.timestamp desc limit ?
2025-03-20T05:32:42.479Z  INFO 23920 --- [monitoringmicroservice] [ForkJoinPool.commonPool-worker-1] c.a.m.service.WaterReadingService        : Inserting record: 2813
2025-03-20T05:32:42.483Z DEBUG 23920 --- [monitoringmicroservice] [ForkJoinPool.commonPool-worker-1] org.hibernate.SQL                        : insert into river_water_quality_records (alkmgl,bodmgl,conduscm,cusol1mgl,cusol2ugl,fesol1ugl,no2nmgl,object_id,phph,timestamp,znsolugl,id) values (?,?,?,?,?,?,?,?,?,?,?,?)
2025-03-20T05:33:12.490Z  INFO 23920 --- [monitoringmicroservice] [ForkJoinPool.commonPool-worker-1] c.a.m.service.WaterReadingService        : Inserting record: 2843
2025-03-20T05:33:12.491Z DEBUG 23920 --- [monitoringmicroservice] [ForkJoinPool.commonPool-worker-1] org.hibernate.SQL                        : insert into river_water_quality_records (alkmgl,bodmgl,conduscm,cusol1mgl,cusol2ugl,fesol1ugl,no2nmgl,object_id,phph,timestamp,znsolugl,id) values (?,?,?,?,?,?,?,?,?,?,?,?)
2025-03-20T05:33:42.513Z  INFO 23920 --- [monitoringmicroservice] [ForkJoinPool.commonPool-worker-1] c.a.m.service.WaterReadingService        : Inserting record: 2844
2025-03-20T05:33:42.516Z DEBUG 23920 --- [monitoringmicroservice] [ForkJoinPool.commonPool-worker-1] org.hibernate.SQL                        : insert into river_water_quality_records (alkmgl,bodmgl,conduscm,cusol1mgl,cusol2ugl,fesol1ugl,no2nmgl,object_id,phph,timestamp,znsolugl,id) values (?,?,?,?,?,?,?,?,?,?,?,?)
2025-03-20T05:34:12.537Z  INFO 23920 --- [monitoringmicroservice] [ForkJoinPool.commonPool-worker-1] c.a.m.service.WaterReadingService        : Inserting record: 3434
2025-03-20T05:34:12.537Z DEBUG 23920 --- [monitoringmicroservice] [ForkJoinPool.commonPool-worker-1] org.hibernate.SQL                        : insert into river_water_quality_records (alkmgl,bodmgl,conduscm,cusol1mgl,cusol2ugl,fesol1ugl,no2nmgl,object_id,phph,timestamp,znsolugl,id) values (?,?,?,?,?,?,?,?,?,?,?,?)
2025-03-20T05:34:42.553Z  INFO 23920 --- [monitoringmicroservice] [ForkJoinPool.commonPool-worker-1] c.a.m.service.WaterReadingService        : Inserting record: 3435
2025-03-20T05:34:42.553Z DEBUG 23920 --- [monitoringmicroservice] [ForkJoinPool.commonPool-worker-1] org.hibernate.SQL                        : insert into river_water_quality_records (alkmgl,bodmgl,conduscm,cusol1mgl,cusol2ugl,fesol1ugl,no2nmgl,object_id,phph,timestamp,znsolugl,id) values (?,?,?,?,?,?,?,?,?,?,?,?)
2025-03-20T05:35:12.564Z  INFO 23920 --- [monitoringmicroservice] [ForkJoinPool.commonPool-worker-1] c.a.m.service.WaterReadingService        : Inserting record: 3465
2025-03-20T05:35:12.566Z DEBUG 23920 --- [monitoringmicroservice] [ForkJoinPool.commonPool-worker-1] org.hibernate.SQL                        : insert into river_water_quality_records (alkmgl,bodmgl,conduscm,cusol1mgl,cusol2ugl,fesol1ugl,no2nmgl,object_id,phph,timestamp,znsolugl,id) values (?,?,?,?,?,?,?,?,?,?,?,?)
2025-03-20T05:35:42.576Z  INFO 23920 --- [monitoringmicroservice] [ForkJoinPool.commonPool-worker-1] c.a.m.service.WaterReadingService        : Inserting record: 3466
2025-03-20T05:35:42.578Z DEBUG 23920 --- [monitoringmicroservice] [ForkJoinPool.commonPool-worker-1] org.hibernate.SQL                        : insert into river_water_quality_records (alkmgl,bodmgl,conduscm,cusol1mgl,cusol2ugl,fesol1ugl,no2nmgl,object_id,phph,timestamp,znsolugl,id) values (?,?,?,?,?,?,?,?,?,?,?,?)
2025-03-20T05:36:12.590Z  INFO 23920 --- [monitoringmicroservice] [ForkJoinPool.commonPool-worker-1] c.a.m.service.WaterReadingService        : Inserting record: 4217
2025-03-20T05:36:12.596Z DEBUG 23920 --- [monitoringmicroservice] [ForkJoinPool.commonPool-worker-1] org.hibernate.SQL                        : insert into river_water_quality_records (alkmgl,bodmgl,conduscm,cusol1mgl,cusol2ugl,fesol1ugl,no2nmgl,object_id,phph,timestamp,znsolugl,id) values (?,?,?,?,?,?,?,?,?,?,?,?)
2025-03-20T05:36:42.601Z  INFO 23920 --- [monitoringmicroservice] [ForkJoinPool.commonPool-worker-1] c.a.m.service.WaterReadingService        : Inserting record: 4218
2025-03-20T05:36:42.603Z DEBUG 23920 --- [monitoringmicroservice] [ForkJoinPool.commonPool-worker-1] org.hibernate.SQL                        : insert into river_water_quality_records (alkmgl,bodmgl,conduscm,cusol1mgl,cusol2ugl,fesol1ugl,no2nmgl,object_id,phph,timestamp,znsolugl,id) values (?,?,?,?,?,?,?,?,?,?,?,?)
2025-03-20T05:37:12.611Z  INFO 23920 --- [monitoringmicroservice] [ForkJoinPool.commonPool-worker-1] c.a.m.service.WaterReadingService        : Inserting record: 4249
2025-03-20T05:37:12.615Z DEBUG 23920 --- [monitoringmicroservice] [ForkJoinPool.commonPool-worker-1] org.hibernate.SQL                        : insert into river_water_quality_records (alkmgl,bodmgl,conduscm,cusol1mgl,cusol2ugl,fesol1ugl,no2nmgl,object_id,phph,timestamp,znsolugl,id) values (?,?,?,?,?,?,?,?,?,?,?,?)
2025-03-20T05:37:42.628Z  INFO 23920 --- [monitoringmicroservice] [ForkJoinPool.commonPool-worker-1] c.a.m.service.WaterReadingService        : Inserting record: 4250
2025-03-20T05:37:42.629Z DEBUG 23920 --- [monitoringmicroservice] [ForkJoinPool.commonPool-worker-1] org.hibernate.SQL                        : insert into river_water_quality_records (alkmgl,bodmgl,conduscm,cusol1mgl,cusol2ugl,fesol1ugl,no2nmgl,object_id,phph,timestamp,znsolugl,id) values (?,?,?,?,?,?,?,?,?,?,?,?)
2025-03-20T05:38:12.641Z  INFO 23920 --- [monitoringmicroservice] [ForkJoinPool.commonPool-worker-1] c.a.m.service.WaterReadingService        : Inserting record: 4365
2025-03-20T05:38:12.643Z DEBUG 23920 --- [monitoringmicroservice] [ForkJoinPool.commonPool-worker-1] org.hibernate.SQL                        : insert into river_water_quality_records (alkmgl,bodmgl,conduscm,cusol1mgl,cusol2ugl,fesol1ugl,no2nmgl,object_id,phph,timestamp,znsolugl,id) values (?,?,?,?,?,?,?,?,?,?,?,?)
2025-03-20T05:38:42.654Z  INFO 23920 --- [monitoringmicroservice] [ForkJoinPool.commonPool-worker-1] c.a.m.service.WaterReadingService        : Inserting record: 4391
2025-03-20T05:38:42.662Z DEBUG 23920 --- [monitoringmicroservice] [ForkJoinPool.commonPool-worker-1] org.hibernate.SQL                        : insert into river_water_quality_records (alkmgl,bodmgl,conduscm,cusol1mgl,cusol2ugl,fesol1ugl,no2nmgl,object_id,phph,timestamp,znsolugl,id) values (?,?,?,?,?,?,?,?,?,?,?,?)
2025-03-20T05:39:12.681Z  INFO 23920 --- [monitoringmicroservice] [ForkJoinPool.commonPool-worker-1] c.a.m.service.WaterReadingService        : Inserting record: 4885
2025-03-20T05:39:12.685Z DEBUG 23920 --- [monitoringmicroservice] [ForkJoinPool.commonPool-worker-1] org.hibernate.SQL                        : insert into river_water_quality_records (alkmgl,bodmgl,conduscm,cusol1mgl,cusol2ugl,fesol1ugl,no2nmgl,object_id,phph,timestamp,znsolugl,id) values (?,?,?,?,?,?,?,?,?,?,?,?)
2025-03-20T05:39:42.694Z  INFO 23920 --- [monitoringmicroservice] [ForkJoinPool.commonPool-worker-1] c.a.m.service.WaterReadingService        : Inserting record: 4911
2025-03-20T05:39:42.699Z DEBUG 23920 --- [monitoringmicroservice] [ForkJoinPool.commonPool-worker-1] org.hibernate.SQL                        : insert into river_water_quality_records (alkmgl,bodmgl,conduscm,cusol1mgl,cusol2ugl,fesol1ugl,no2nmgl,object_id,phph,timestamp,znsolugl,id) values (?,?,?,?,?,?,?,?,?,?,?,?)
2025-03-20T05:40:12.711Z  INFO 23920 --- [monitoringmicroservice] [ForkJoinPool.commonPool-worker-1] c.a.m.service.WaterReadingService        : Inserting record: 5104
2025-03-20T05:40:12.713Z DEBUG 23920 --- [monitoringmicroservice] [ForkJoinPool.commonPool-worker-1] org.hibernate.SQL                        : insert into river_water_quality_records (alkmgl,bodmgl,conduscm,cusol1mgl,cusol2ugl,fesol1ugl,no2nmgl,object_id,phph,timestamp,znsolugl,id) values (?,?,?,?,?,?,?,?,?,?,?,?)
2025-03-20T05:40:42.722Z  INFO 23920 --- [monitoringmicroservice] [ForkJoinPool.commonPool-worker-1] c.a.m.service.WaterReadingService        : Inserting record: 5105
2025-03-20T05:40:42.722Z DEBUG 23920 --- [monitoringmicroservice] [ForkJoinPool.commonPool-worker-1] org.hibernate.SQL                        : insert into river_water_quality_records (alkmgl,bodmgl,conduscm,cusol1mgl,cusol2ugl,fesol1ugl,no2nmgl,object_id,phph,timestamp,znsolugl,id) values (?,?,?,?,?,?,?,?,?,?,?,?)
2025-03-20T05:42:01.187Z  WARN 23920 --- [monitoringmicroservice] [HikariPool-1 housekeeper] com.zaxxer.hikari.pool.HikariPool        : HikariPool-1 - Thread starvation or clock leap detected (housekeeper delta=1m19s462ms952µs).
2025-03-20T05:42:02.195Z  INFO 23920 --- [monitoringmicroservice] [ForkJoinPool.commonPool-worker-1] c.a.m.service.WaterReadingService        : Inserting record: 5135
2025-03-20T05:42:02.196Z DEBUG 23920 --- [monitoringmicroservice] [ForkJoinPool.commonPool-worker-1] org.hibernate.SQL                        : insert into river_water_quality_records (alkmgl,bodmgl,conduscm,cusol1mgl,cusol2ugl,fesol1ugl,no2nmgl,object_id,phph,timestamp,znsolugl,id) values (?,?,?,?,?,?,?,?,?,?,?,?)
2025-03-20T06:20:44.636Z  WARN 23920 --- [monitoringmicroservice] [HikariPool-1 housekeeper] com.zaxxer.hikari.pool.HikariPool        : HikariPool-1 - Thread starvation or clock leap detected (housekeeper delta=38m43s449ms667µs100ns).
2025-03-20T06:20:46.027Z  INFO 23920 --- [monitoringmicroservice] [ForkJoinPool.commonPool-worker-1] c.a.m.service.WaterReadingService        : Inserting record: 5136
2025-03-20T06:20:46.027Z DEBUG 23920 --- [monitoringmicroservice] [ForkJoinPool.commonPool-worker-1] org.hibernate.SQL                        : insert into river_water_quality_records (alkmgl,bodmgl,conduscm,cusol1mgl,cusol2ugl,fesol1ugl,no2nmgl,object_id,phph,timestamp,znsolugl,id) values (?,?,?,?,?,?,?,?,?,?,?,?)
2025-03-20T06:42:31.646Z  WARN 23920 --- [monitoringmicroservice] [HikariPool-1 housekeeper] com.zaxxer.hikari.pool.HikariPool        : HikariPool-1 - Thread starvation or clock leap detected (housekeeper delta=21m47s9ms477µs500ns).
2025-03-20T11:26:12.266Z  INFO 23920 --- [monitoringmicroservice] [ForkJoinPool.commonPool-worker-1] c.a.m.service.WaterReadingService        : Inserting record: 5388
2025-03-20T11:26:12.266Z DEBUG 23920 --- [monitoringmicroservice] [ForkJoinPool.commonPool-worker-1] org.hibernate.SQL                        : insert into river_water_quality_records (alkmgl,bodmgl,conduscm,cusol1mgl,cusol2ugl,fesol1ugl,no2nmgl,object_id,phph,timestamp,znsolugl,id) values (?,?,?,?,?,?,?,?,?,?,?,?)
2025-03-20T11:26:16.862Z  WARN 23920 --- [monitoringmicroservice] [HikariPool-1 housekeeper] com.zaxxer.hikari.pool.HikariPool        : HikariPool-1 - Thread starvation or clock leap detected (housekeeper delta=4h43m47s121ms18µs800ns).
2025-03-20T11:26:42.311Z  INFO 23920 --- [monitoringmicroservice] [ForkJoinPool.commonPool-worker-1] c.a.m.service.WaterReadingService        : Inserting record: 5389
2025-03-20T11:26:42.312Z DEBUG 23920 --- [monitoringmicroservice] [ForkJoinPool.commonPool-worker-1] org.hibernate.SQL                        : insert into river_water_quality_records (alkmgl,bodmgl,conduscm,cusol1mgl,cusol2ugl,fesol1ugl,no2nmgl,object_id,phph,timestamp,znsolugl,id) values (?,?,?,?,?,?,?,?,?,?,?,?)
2025-03-20T11:27:12.326Z  INFO 23920 --- [monitoringmicroservice] [ForkJoinPool.commonPool-worker-1] c.a.m.service.WaterReadingService        : Inserting record: 5419
2025-03-20T11:27:12.329Z DEBUG 23920 --- [monitoringmicroservice] [ForkJoinPool.commonPool-worker-1] org.hibernate.SQL                        : insert into river_water_quality_records (alkmgl,bodmgl,conduscm,cusol1mgl,cusol2ugl,fesol1ugl,no2nmgl,object_id,phph,timestamp,znsolugl,id) values (?,?,?,?,?,?,?,?,?,?,?,?)
2025-03-20T11:27:42.347Z  INFO 23920 --- [monitoringmicroservice] [ForkJoinPool.commonPool-worker-1] c.a.m.service.WaterReadingService        : Inserting record: 5420
2025-03-20T11:27:42.349Z DEBUG 23920 --- [monitoringmicroservice] [ForkJoinPool.commonPool-worker-1] org.hibernate.SQL                        : insert into river_water_quality_records (alkmgl,bodmgl,conduscm,cusol1mgl,cusol2ugl,fesol1ugl,no2nmgl,object_id,phph,timestamp,znsolugl,id) values (?,?,?,?,?,?,?,?,?,?,?,?)
2025-03-20T11:28:12.369Z  INFO 23920 --- [monitoringmicroservice] [ForkJoinPool.commonPool-worker-1] c.a.m.service.WaterReadingService        : Inserting record: 5645
2025-03-20T11:28:12.375Z DEBUG 23920 --- [monitoringmicroservice] [ForkJoinPool.commonPool-worker-1] org.hibernate.SQL                        : insert into river_water_quality_records (alkmgl,bodmgl,conduscm,cusol1mgl,cusol2ugl,fesol1ugl,no2nmgl,object_id,phph,timestamp,znsolugl,id) values (?,?,?,?,?,?,?,?,?,?,?,?)
2025-03-20T11:28:42.389Z  INFO 23920 --- [monitoringmicroservice] [ForkJoinPool.commonPool-worker-1] c.a.m.service.WaterReadingService        : Inserting record: 5671
2025-03-20T11:28:42.396Z DEBUG 23920 --- [monitoringmicroservice] [ForkJoinPool.commonPool-worker-1] org.hibernate.SQL                        : insert into river_water_quality_records (alkmgl,bodmgl,conduscm,cusol1mgl,cusol2ugl,fesol1ugl,no2nmgl,object_id,phph,timestamp,znsolugl,id) values (?,?,?,?,?,?,?,?,?,?,?,?)
2025-03-20T11:43:00.634Z  INFO 23920 --- [monitoringmicroservice] [ForkJoinPool.commonPool-worker-1] c.a.m.service.WaterReadingService        : Inserting record: 6177
2025-03-20T11:43:00.634Z DEBUG 23920 --- [monitoringmicroservice] [ForkJoinPool.commonPool-worker-1] org.hibernate.SQL                        : insert into river_water_quality_records (alkmgl,bodmgl,conduscm,cusol1mgl,cusol2ugl,fesol1ugl,no2nmgl,object_id,phph,timestamp,znsolugl,id) values (?,?,?,?,?,?,?,?,?,?,?,?)
2025-03-20T11:43:01.706Z  WARN 23920 --- [monitoringmicroservice] [HikariPool-1 housekeeper] com.zaxxer.hikari.pool.HikariPool        : HikariPool-1 - Thread starvation or clock leap detected (housekeeper delta=14m14s795ms315µs700ns).
2025-03-20T11:43:30.644Z  INFO 23920 --- [monitoringmicroservice] [ForkJoinPool.commonPool-worker-1] c.a.m.service.WaterReadingService        : Inserting record: 6203
2025-03-20T11:43:30.644Z DEBUG 23920 --- [monitoringmicroservice] [ForkJoinPool.commonPool-worker-1] org.hibernate.SQL                        : insert into river_water_quality_records (alkmgl,bodmgl,conduscm,cusol1mgl,cusol2ugl,fesol1ugl,no2nmgl,object_id,phph,timestamp,znsolugl,id) values (?,?,?,?,?,?,?,?,?,?,?,?)
2025-03-20T11:44:00.663Z  INFO 23920 --- [monitoringmicroservice] [ForkJoinPool.commonPool-worker-1] c.a.m.service.WaterReadingService        : Inserting record: 6510
2025-03-20T11:44:00.666Z DEBUG 23920 --- [monitoringmicroservice] [ForkJoinPool.commonPool-worker-1] org.hibernate.SQL                        : insert into river_water_quality_records (alkmgl,bodmgl,conduscm,cusol1mgl,cusol2ugl,fesol1ugl,no2nmgl,object_id,phph,timestamp,znsolugl,id) values (?,?,?,?,?,?,?,?,?,?,?,?)
2025-03-20T11:44:30.676Z  INFO 23920 --- [monitoringmicroservice] [ForkJoinPool.commonPool-worker-1] c.a.m.service.WaterReadingService        : Inserting record: 6536
2025-03-20T11:44:30.685Z DEBUG 23920 --- [monitoringmicroservice] [ForkJoinPool.commonPool-worker-1] org.hibernate.SQL                        : insert into river_water_quality_records (alkmgl,bodmgl,conduscm,cusol1mgl,cusol2ugl,fesol1ugl,no2nmgl,object_id,phph,timestamp,znsolugl,id) values (?,?,?,?,?,?,?,?,?,?,?,?)
2025-03-20T11:45:00.707Z  INFO 23920 --- [monitoringmicroservice] [ForkJoinPool.commonPool-worker-1] c.a.m.service.WaterReadingService        : Inserting record: 6821
2025-03-20T11:45:00.735Z DEBUG 23920 --- [monitoringmicroservice] [ForkJoinPool.commonPool-worker-1] org.hibernate.SQL                        : insert into river_water_quality_records (alkmgl,bodmgl,conduscm,cusol1mgl,cusol2ugl,fesol1ugl,no2nmgl,object_id,phph,timestamp,znsolugl,id) values (?,?,?,?,?,?,?,?,?,?,?,?)
2025-03-20T11:45:30.751Z  INFO 23920 --- [monitoringmicroservice] [ForkJoinPool.commonPool-worker-1] c.a.m.service.WaterReadingService        : Inserting record: 6822
2025-03-20T11:45:30.754Z DEBUG 23920 --- [monitoringmicroservice] [ForkJoinPool.commonPool-worker-1] org.hibernate.SQL                        : insert into river_water_quality_records (alkmgl,bodmgl,conduscm,cusol1mgl,cusol2ugl,fesol1ugl,no2nmgl,object_id,phph,timestamp,znsolugl,id) values (?,?,?,?,?,?,?,?,?,?,?,?)
2025-03-20T11:46:00.767Z  INFO 23920 --- [monitoringmicroservice] [ForkJoinPool.commonPool-worker-1] c.a.m.service.WaterReadingService        : Inserting record: 6852
2025-03-20T11:46:00.774Z DEBUG 23920 --- [monitoringmicroservice] [ForkJoinPool.commonPool-worker-1] org.hibernate.SQL                        : insert into river_water_quality_records (alkmgl,bodmgl,conduscm,cusol1mgl,cusol2ugl,fesol1ugl,no2nmgl,object_id,phph,timestamp,znsolugl,id) values (?,?,?,?,?,?,?,?,?,?,?,?)
2025-03-20T11:46:30.782Z  INFO 23920 --- [monitoringmicroservice] [ForkJoinPool.commonPool-worker-1] c.a.m.service.WaterReadingService        : Inserting record: 6853
2025-03-20T11:46:30.788Z DEBUG 23920 --- [monitoringmicroservice] [ForkJoinPool.commonPool-worker-1] org.hibernate.SQL                        : insert into river_water_quality_records (alkmgl,bodmgl,conduscm,cusol1mgl,cusol2ugl,fesol1ugl,no2nmgl,object_id,phph,timestamp,znsolugl,id) values (?,?,?,?,?,?,?,?,?,?,?,?)
2025-03-20T11:47:00.803Z  INFO 23920 --- [monitoringmicroservice] [ForkJoinPool.commonPool-worker-1] c.a.m.service.WaterReadingService        : Inserting record: 7627
2025-03-20T11:47:00.816Z DEBUG 23920 --- [monitoringmicroservice] [ForkJoinPool.commonPool-worker-1] org.hibernate.SQL                        : insert into river_water_quality_records (alkmgl,bodmgl,conduscm,cusol1mgl,cusol2ugl,fesol1ugl,no2nmgl,object_id,phph,timestamp,znsolugl,id) values (?,?,?,?,?,?,?,?,?,?,?,?)
2025-03-20T11:47:30.833Z  INFO 23920 --- [monitoringmicroservice] [ForkJoinPool.commonPool-worker-1] c.a.m.service.WaterReadingService        : Inserting record: 7913
2025-03-20T11:47:30.837Z DEBUG 23920 --- [monitoringmicroservice] [ForkJoinPool.commonPool-worker-1] org.hibernate.SQL                        : insert into river_water_quality_records (alkmgl,bodmgl,conduscm,cusol1mgl,cusol2ugl,fesol1ugl,no2nmgl,object_id,phph,timestamp,znsolugl,id) values (?,?,?,?,?,?,?,?,?,?,?,?)
2025-03-20T11:48:00.847Z  INFO 23920 --- [monitoringmicroservice] [ForkJoinPool.commonPool-worker-1] c.a.m.service.WaterReadingService        : Inserting record: 7914
2025-03-20T11:48:00.856Z DEBUG 23920 --- [monitoringmicroservice] [ForkJoinPool.commonPool-worker-1] org.hibernate.SQL                        : insert into river_water_quality_records (alkmgl,bodmgl,conduscm,cusol1mgl,cusol2ugl,fesol1ugl,no2nmgl,object_id,phph,timestamp,znsolugl,id) values (?,?,?,?,?,?,?,?,?,?,?,?)
2025-03-20T11:48:30.872Z  INFO 23920 --- [monitoringmicroservice] [ForkJoinPool.commonPool-worker-1] c.a.m.service.WaterReadingService        : Inserting record: 8285
2025-03-20T11:48:30.877Z DEBUG 23920 --- [monitoringmicroservice] [ForkJoinPool.commonPool-worker-1] org.hibernate.SQL                        : insert into river_water_quality_records (alkmgl,bodmgl,conduscm,cusol1mgl,cusol2ugl,fesol1ugl,no2nmgl,object_id,phph,timestamp,znsolugl,id) values (?,?,?,?,?,?,?,?,?,?,?,?)
2025-03-20T11:49:00.909Z  INFO 23920 --- [monitoringmicroservice] [ForkJoinPool.commonPool-worker-1] c.a.m.service.WaterReadingService        : Inserting record: 8311
2025-03-20T11:49:00.913Z DEBUG 23920 --- [monitoringmicroservice] [ForkJoinPool.commonPool-worker-1] org.hibernate.SQL                        : insert into river_water_quality_records (alkmgl,bodmgl,conduscm,cusol1mgl,cusol2ugl,fesol1ugl,no2nmgl,object_id,phph,timestamp,znsolugl,id) values (?,?,?,?,?,?,?,?,?,?,?,?)
2025-03-20T11:49:30.924Z  INFO 23920 --- [monitoringmicroservice] [ForkJoinPool.commonPool-worker-1] c.a.m.service.WaterReadingService        : Inserting record: 8869
2025-03-20T11:49:30.929Z DEBUG 23920 --- [monitoringmicroservice] [ForkJoinPool.commonPool-worker-1] org.hibernate.SQL                        : insert into river_water_quality_records (alkmgl,bodmgl,conduscm,cusol1mgl,cusol2ugl,fesol1ugl,no2nmgl,object_id,phph,timestamp,znsolugl,id) values (?,?,?,?,?,?,?,?,?,?,?,?)
2025-03-20T16:15:28.044Z  INFO 7830 --- [monitoringmicroservice] [main] c.a.m.MonitoringmicroserviceApplication  : Starting MonitoringmicroserviceApplication using Java 23.0.2 with PID 7830 (/Users/ridhamsaini/Desktop/Adv_programming_assessment/monitoringmicroservice/monitoringmicroservice/target/classes started by ridhamsaini in /Users/ridhamsaini/Desktop/Adv_programming_assessment/monitoringmicroservice/monitoringmicroservice)
2025-03-20T16:15:28.044Z DEBUG 7830 --- [monitoringmicroservice] [main] c.a.m.MonitoringmicroserviceApplication  : Running with Spring Boot v3.4.3, Spring v6.2.3
2025-03-20T16:15:28.045Z  INFO 7830 --- [monitoringmicroservice] [main] c.a.m.MonitoringmicroserviceApplication  : No active profile set, falling back to 1 default profile: "default"
2025-03-20T16:15:28.328Z  INFO 7830 --- [monitoringmicroservice] [main] .s.d.r.c.RepositoryConfigurationDelegate : Bootstrapping Spring Data JPA repositories in DEFAULT mode.
2025-03-20T16:15:28.345Z  INFO 7830 --- [monitoringmicroservice] [main] .s.d.r.c.RepositoryConfigurationDelegate : Finished Spring Data repository scanning in 14 ms. Found 1 JPA repository interface.
2025-03-20T16:15:28.505Z  INFO 7830 --- [monitoringmicroservice] [main] o.s.b.w.embedded.tomcat.TomcatWebServer  : Tomcat initialized with port 8081 (http)
2025-03-20T16:15:28.510Z  INFO 7830 --- [monitoringmicroservice] [main] o.apache.catalina.core.StandardService   : Starting service [Tomcat]
2025-03-20T16:15:28.510Z  INFO 7830 --- [monitoringmicroservice] [main] o.apache.catalina.core.StandardEngine    : Starting Servlet engine: [Apache Tomcat/10.1.36]
2025-03-20T16:15:28.526Z  INFO 7830 --- [monitoringmicroservice] [main] o.a.c.c.C.[Tomcat].[localhost].[/]       : Initializing Spring embedded WebApplicationContext
2025-03-20T16:15:28.526Z  INFO 7830 --- [monitoringmicroservice] [main] w.s.c.ServletWebServerApplicationContext : Root WebApplicationContext: initialization completed in 462 ms
2025-03-20T16:15:28.592Z  INFO 7830 --- [monitoringmicroservice] [main] o.hibernate.jpa.internal.util.LogHelper  : HHH000204: Processing PersistenceUnitInfo [name: default]
2025-03-20T16:15:28.615Z  INFO 7830 --- [monitoringmicroservice] [main] org.hibernate.Version                    : HHH000412: Hibernate ORM core version 6.6.8.Final
2025-03-20T16:15:28.626Z  INFO 7830 --- [monitoringmicroservice] [main] o.h.c.internal.RegionFactoryInitiator    : HHH000026: Second-level cache disabled
2025-03-20T16:15:28.721Z  INFO 7830 --- [monitoringmicroservice] [main] o.s.o.j.p.SpringPersistenceUnitInfo      : No LoadTimeWeaver setup: ignoring JPA class transformer
2025-03-20T16:15:28.731Z  WARN 7830 --- [monitoringmicroservice] [main] com.zaxxer.hikari.HikariConfig           : HikariPool-1 - idleTimeout has been set but has no effect because the pool is operating as a fixed size pool.
2025-03-20T16:15:28.731Z  INFO 7830 --- [monitoringmicroservice] [main] com.zaxxer.hikari.HikariDataSource       : HikariPool-1 - Starting...
2025-03-20T16:15:28.919Z  INFO 7830 --- [monitoringmicroservice] [main] com.zaxxer.hikari.pool.HikariPool        : HikariPool-1 - Added connection org.sqlite.jdbc4.JDBC4Connection@5d6b42cf
2025-03-20T16:15:28.920Z  INFO 7830 --- [monitoringmicroservice] [main] com.zaxxer.hikari.HikariDataSource       : HikariPool-1 - Start completed.
2025-03-20T16:15:28.935Z  INFO 7830 --- [monitoringmicroservice] [main] org.hibernate.orm.connections.pooling    : HHH10001005: Database info:
	Database JDBC URL [Connecting through datasource 'HikariDataSource (HikariPool-1)']
	Database driver: undefined/unknown
	Database version: 3.47.2
	Autocommit mode: undefined/unknown
	Isolation level: undefined/unknown
	Minimum pool size: undefined/unknown
	Maximum pool size: undefined/unknown
2025-03-20T16:15:29.245Z  INFO 7830 --- [monitoringmicroservice] [main] o.h.e.t.j.p.i.JtaPlatformInitiator       : HHH000489: No JTA platform available (set 'hibernate.transaction.jta.platform' to enable JTA platform integration)
2025-03-20T16:15:29.260Z DEBUG 7830 --- [monitoringmicroservice] [main] org.hibernate.SQL                        : create table river_water_quality_records (id varchar(255) not null, alkmgl float, bodmgl float, conduscm float, cusol1mgl float, cusol2ugl float, fesol1ugl float, no2nmgl float, object_id integer, phph float, timestamp TEXT, znsolugl float, primary key (id))
2025-03-20T16:15:29.261Z  INFO 7830 --- [monitoringmicroservice] [main] j.LocalContainerEntityManagerFactoryBean : Initialized JPA EntityManagerFactory for persistence unit 'default'
2025-03-20T16:15:29.370Z  INFO 7830 --- [monitoringmicroservice] [main] c.a.m.service.WaterReadingService        : Starting CSV file processing...
2025-03-20T16:15:29.371Z  INFO 7830 --- [monitoringmicroservice] [ForkJoinPool.commonPool-worker-1] c.a.m.service.WaterReadingService        : Processing file: data/River_Water_Quality_Monitoring.csv
2025-03-20T16:15:29.375Z  INFO 7830 --- [monitoringmicroservice] [ForkJoinPool.commonPool-worker-1] c.a.m.service.WaterReadingService        : Inserting record: 1115
2025-03-20T16:15:29.377Z  INFO 7830 --- [monitoringmicroservice] [ForkJoinPool.commonPool-worker-1] o.s.b.f.s.DefaultListableBeanFactory     : Creating singleton bean 'transactionManager' in thread "ForkJoinPool.commonPool-worker-1" while other thread holds singleton lock for other beans [waterReadingService, waterReadingController]
2025-03-20T16:15:29.377Z  INFO 7830 --- [monitoringmicroservice] [ForkJoinPool.commonPool-worker-1] o.s.b.f.s.DefaultListableBeanFactory     : Creating singleton bean 'platformTransactionManagerCustomizers' in thread "ForkJoinPool.commonPool-worker-1" while other thread holds singleton lock for other beans [waterReadingService, waterReadingController, transactionManager]
2025-03-20T16:15:29.378Z  INFO 7830 --- [monitoringmicroservice] [ForkJoinPool.commonPool-worker-1] o.s.b.f.s.DefaultListableBeanFactory     : Creating singleton bean 'org.springframework.boot.autoconfigure.transaction.TransactionManagerCustomizationAutoConfiguration' in thread "ForkJoinPool.commonPool-worker-1" while other thread holds singleton lock for other beans [waterReadingService, waterReadingController, transactionManager, platformTransactionManagerCustomizers]
2025-03-20T16:15:29.378Z  INFO 7830 --- [monitoringmicroservice] [ForkJoinPool.commonPool-worker-1] o.s.b.f.s.DefaultListableBeanFactory     : Creating singleton bean 'transactionExecutionListeners' in thread "ForkJoinPool.commonPool-worker-1" while other thread holds singleton lock for other beans [waterReadingService, waterReadingController, transactionManager, platformTransactionManagerCustomizers]
2025-03-20T16:15:29.379Z  INFO 7830 --- [monitoringmicroservice] [ForkJoinPool.commonPool-worker-1] o.s.b.f.s.DefaultListableBeanFactory     : Creating singleton bean 'spring.transaction-org.springframework.boot.autoconfigure.transaction.TransactionProperties' in thread "ForkJoinPool.commonPool-worker-1" while other thread holds singleton lock for other beans [waterReadingService, waterReadingController, transactionManager, platformTransactionManagerCustomizers]
2025-03-20T16:15:29.391Z DEBUG 7830 --- [monitoringmicroservice] [ForkJoinPool.commonPool-worker-1] org.hibernate.SQL                        : insert into river_water_quality_records (alkmgl,bodmgl,conduscm,cusol1mgl,cusol2ugl,fesol1ugl,no2nmgl,object_id,phph,timestamp,znsolugl,id) values (?,?,?,?,?,?,?,?,?,?,?,?)
2025-03-20T16:15:29.416Z  WARN 7830 --- [monitoringmicroservice] [main] JpaBaseConfiguration$JpaWebConfiguration : spring.jpa.open-in-view is enabled by default. Therefore, database queries may be performed during view rendering. Explicitly configure spring.jpa.open-in-view to disable this warning
2025-03-20T16:15:29.436Z  INFO 7830 --- [monitoringmicroservice] [main] o.s.v.b.OptionalValidatorFactoryBean     : Failed to set up a Bean Validation provider: jakarta.validation.NoProviderFoundException: Unable to create a Configuration, because no Jakarta Bean Validation provider could be found. Add a provider like Hibernate Validator (RI) to your classpath.
2025-03-20T16:15:29.611Z  INFO 7830 --- [monitoringmicroservice] [main] o.s.b.w.embedded.tomcat.TomcatWebServer  : Tomcat started on port 8081 (http) with context path '/'
2025-03-20T16:15:29.615Z  INFO 7830 --- [monitoringmicroservice] [main] c.a.m.MonitoringmicroserviceApplication  : Started MonitoringmicroserviceApplication in 1.732 seconds (process running for 1.954)
2025-03-20T16:15:37.209Z  INFO 7830 --- [monitoringmicroservice] [SpringApplicationShutdownHook] o.s.b.w.e.tomcat.GracefulShutdown        : Commencing graceful shutdown. Waiting for active requests to complete
2025-03-20T16:15:37.212Z  INFO 7830 --- [monitoringmicroservice] [tomcat-shutdown] o.s.b.w.e.tomcat.GracefulShutdown        : Graceful shutdown complete
2025-03-20T16:15:37.214Z  INFO 7830 --- [monitoringmicroservice] [SpringApplicationShutdownHook] j.LocalContainerEntityManagerFactoryBean : Closing JPA EntityManagerFactory for persistence unit 'default'
2025-03-20T16:15:37.214Z  INFO 7830 --- [monitoringmicroservice] [SpringApplicationShutdownHook] com.zaxxer.hikari.HikariDataSource       : HikariPool-1 - Shutdown initiated...
2025-03-20T16:15:37.215Z  INFO 7830 --- [monitoringmicroservice] [SpringApplicationShutdownHook] com.zaxxer.hikari.HikariDataSource       : HikariPool-1 - Shutdown completed.
2025-03-20T16:16:35.135Z  INFO 7906 --- [monitoringmicroservice] [main] c.a.m.r.WaterReadingRepositoryTest       : Starting WaterReadingRepositoryTest using Java 23.0.2 with PID 7906 (started by ridhamsaini in /Users/ridhamsaini/Desktop/Adv_programming_assessment/monitoringmicroservice/monitoringmicroservice)
2025-03-20T16:16:35.136Z DEBUG 7906 --- [monitoringmicroservice] [main] c.a.m.r.WaterReadingRepositoryTest       : Running with Spring Boot v3.4.3, Spring v6.2.3
2025-03-20T16:16:35.136Z  INFO 7906 --- [monitoringmicroservice] [main] c.a.m.r.WaterReadingRepositoryTest       : The following 1 profile is active: "test"
2025-03-20T16:16:35.271Z  INFO 7906 --- [monitoringmicroservice] [main] .s.d.r.c.RepositoryConfigurationDelegate : Bootstrapping Spring Data JPA repositories in DEFAULT mode.
2025-03-20T16:16:35.288Z  INFO 7906 --- [monitoringmicroservice] [main] .s.d.r.c.RepositoryConfigurationDelegate : Finished Spring Data repository scanning in 14 ms. Found 1 JPA repository interface.
2025-03-20T16:16:35.306Z  INFO 7906 --- [monitoringmicroservice] [main] beddedDataSourceBeanFactoryPostProcessor : Replacing 'dataSource' DataSource bean with embedded version
2025-03-20T16:16:35.356Z  INFO 7906 --- [monitoringmicroservice] [main] o.s.j.d.e.EmbeddedDatabaseFactory        : Starting embedded database: url='jdbc:h2:mem:2c41eef5-019d-403d-8ab6-37c695b4633d;DB_CLOSE_DELAY=-1;DB_CLOSE_ON_EXIT=false', username='sa'
2025-03-20T16:16:35.463Z  INFO 7906 --- [monitoringmicroservice] [main] o.hibernate.jpa.internal.util.LogHelper  : HHH000204: Processing PersistenceUnitInfo [name: default]
2025-03-20T16:16:35.490Z  INFO 7906 --- [monitoringmicroservice] [main] org.hibernate.Version                    : HHH000412: Hibernate ORM core version 6.6.8.Final
2025-03-20T16:16:35.505Z  INFO 7906 --- [monitoringmicroservice] [main] o.h.c.internal.RegionFactoryInitiator    : HHH000026: Second-level cache disabled
2025-03-20T16:16:35.554Z  INFO 7906 --- [monitoringmicroservice] [main] o.s.o.j.p.SpringPersistenceUnitInfo      : No LoadTimeWeaver setup: ignoring JPA class transformer
2025-03-20T16:16:35.574Z  WARN 7906 --- [monitoringmicroservice] [main] org.hibernate.orm.deprecation            : HHH90000025: H2Dialect does not need to be specified explicitly using 'hibernate.dialect' (remove the property setting and it will be selected by default)
2025-03-20T16:16:35.581Z  INFO 7906 --- [monitoringmicroservice] [main] org.hibernate.orm.connections.pooling    : HHH10001005: Database info:
	Database JDBC URL [Connecting through datasource 'org.springframework.jdbc.datasource.embedded.EmbeddedDatabaseFactory$EmbeddedDataSourceProxy@5fe3b058']
	Database driver: undefined/unknown
	Database version: 2.3.232
	Autocommit mode: undefined/unknown
	Isolation level: undefined/unknown
	Minimum pool size: undefined/unknown
	Maximum pool size: undefined/unknown
2025-03-20T16:16:35.834Z  INFO 7906 --- [monitoringmicroservice] [main] o.h.e.t.j.p.i.JtaPlatformInitiator       : HHH000489: No JTA platform available (set 'hibernate.transaction.jta.platform' to enable JTA platform integration)
2025-03-20T16:16:35.850Z DEBUG 7906 --- [monitoringmicroservice] [main] org.hibernate.SQL                        : create table river_water_quality_records (id varchar(255) not null, alkmgl float(53), bodmgl float(53), conduscm float(53), cusol1mgl float(53), cusol2ugl float(53), fesol1ugl float(53), no2nmgl float(53), object_id integer, phph float(53), timestamp TEXT, znsolugl float(53), primary key (id))
2025-03-20T16:16:35.853Z  INFO 7906 --- [monitoringmicroservice] [main] j.LocalContainerEntityManagerFactoryBean : Initialized JPA EntityManagerFactory for persistence unit 'default'
2025-03-20T16:16:35.997Z  INFO 7906 --- [monitoringmicroservice] [main] c.a.m.r.WaterReadingRepositoryTest       : Started WaterReadingRepositoryTest in 0.993 seconds (process running for 1.795)
2025-03-20T16:16:36.055Z DEBUG 7906 --- [monitoringmicroservice] [main] org.hibernate.SQL                        : insert into river_water_quality_records (alkmgl,bodmgl,conduscm,cusol1mgl,cusol2ugl,fesol1ugl,no2nmgl,object_id,phph,timestamp,znsolugl,id) values (?,?,?,?,?,?,?,?,?,?,?,?)
2025-03-20T16:16:36.058Z DEBUG 7906 --- [monitoringmicroservice] [main] org.hibernate.SQL                        : insert into river_water_quality_records (alkmgl,bodmgl,conduscm,cusol1mgl,cusol2ugl,fesol1ugl,no2nmgl,object_id,phph,timestamp,znsolugl,id) values (?,?,?,?,?,?,?,?,?,?,?,?)
2025-03-20T16:16:36.063Z DEBUG 7906 --- [monitoringmicroservice] [main] org.hibernate.SQL                        : select wr1_0.id,wr1_0.alkmgl,wr1_0.bodmgl,wr1_0.conduscm,wr1_0.cusol1mgl,wr1_0.cusol2ugl,wr1_0.fesol1ugl,wr1_0.no2nmgl,wr1_0.object_id,wr1_0.phph,wr1_0.timestamp,wr1_0.znsolugl from river_water_quality_records wr1_0 order by wr1_0.timestamp desc fetch first ? rows only
2025-03-20T16:16:36.097Z DEBUG 7906 --- [monitoringmicroservice] [main] org.hibernate.SQL                        : select wr1_0.id,wr1_0.alkmgl,wr1_0.bodmgl,wr1_0.conduscm,wr1_0.cusol1mgl,wr1_0.cusol2ugl,wr1_0.fesol1ugl,wr1_0.no2nmgl,wr1_0.object_id,wr1_0.phph,wr1_0.timestamp,wr1_0.znsolugl from river_water_quality_records wr1_0 order by wr1_0.timestamp desc fetch first ? rows only
2025-03-20T16:16:36.104Z  INFO 7906 --- [monitoringmicroservice] [main] t.c.s.AnnotationConfigContextLoaderUtils : Could not detect default configuration classes for test class [com.assessment.monitoringmicroservice.MonitoringmicroserviceApplicationTests]: MonitoringmicroserviceApplicationTests does not declare any static, non-private, non-final, nested classes annotated with @Configuration.
2025-03-20T16:16:36.107Z  INFO 7906 --- [monitoringmicroservice] [main] .b.t.c.SpringBootTestContextBootstrapper : Found @SpringBootConfiguration com.assessment.monitoringmicroservice.MonitoringmicroserviceApplication for test class com.assessment.monitoringmicroservice.MonitoringmicroserviceApplicationTests
2025-03-20T16:16:36.121Z  INFO 7906 --- [monitoringmicroservice] [main] m.MonitoringmicroserviceApplicationTests : Starting MonitoringmicroserviceApplicationTests using Java 23.0.2 with PID 7906 (started by ridhamsaini in /Users/ridhamsaini/Desktop/Adv_programming_assessment/monitoringmicroservice/monitoringmicroservice)
2025-03-20T16:16:36.121Z DEBUG 7906 --- [monitoringmicroservice] [main] m.MonitoringmicroserviceApplicationTests : Running with Spring Boot v3.4.3, Spring v6.2.3
2025-03-20T16:16:36.121Z  INFO 7906 --- [monitoringmicroservice] [main] m.MonitoringmicroserviceApplicationTests : No active profile set, falling back to 1 default profile: "default"
2025-03-20T16:16:36.256Z  INFO 7906 --- [monitoringmicroservice] [main] .s.d.r.c.RepositoryConfigurationDelegate : Bootstrapping Spring Data JPA repositories in DEFAULT mode.
2025-03-20T16:16:36.259Z  INFO 7906 --- [monitoringmicroservice] [main] .s.d.r.c.RepositoryConfigurationDelegate : Finished Spring Data repository scanning in 2 ms. Found 1 JPA repository interface.
2025-03-20T16:16:36.312Z  INFO 7906 --- [monitoringmicroservice] [main] o.hibernate.jpa.internal.util.LogHelper  : HHH000204: Processing PersistenceUnitInfo [name: default]
2025-03-20T16:16:36.314Z  INFO 7906 --- [monitoringmicroservice] [main] o.h.c.internal.RegionFactoryInitiator    : HHH000026: Second-level cache disabled
2025-03-20T16:16:36.316Z  INFO 7906 --- [monitoringmicroservice] [main] o.s.o.j.p.SpringPersistenceUnitInfo      : No LoadTimeWeaver setup: ignoring JPA class transformer
2025-03-20T16:16:36.317Z  WARN 7906 --- [monitoringmicroservice] [main] com.zaxxer.hikari.HikariConfig           : HikariPool-1 - idleTimeout has been set but has no effect because the pool is operating as a fixed size pool.
2025-03-20T16:16:36.317Z  INFO 7906 --- [monitoringmicroservice] [main] com.zaxxer.hikari.HikariDataSource       : HikariPool-1 - Starting...
2025-03-20T16:16:36.510Z  INFO 7906 --- [monitoringmicroservice] [main] com.zaxxer.hikari.pool.HikariPool        : HikariPool-1 - Added connection org.sqlite.jdbc4.JDBC4Connection@699fe19f
2025-03-20T16:16:36.511Z  INFO 7906 --- [monitoringmicroservice] [main] com.zaxxer.hikari.HikariDataSource       : HikariPool-1 - Start completed.
2025-03-20T16:16:36.518Z  INFO 7906 --- [monitoringmicroservice] [main] org.hibernate.orm.connections.pooling    : HHH10001005: Database info:
	Database JDBC URL [Connecting through datasource 'HikariDataSource (HikariPool-1)']
	Database driver: undefined/unknown
	Database version: 3.47.2
	Autocommit mode: undefined/unknown
	Isolation level: undefined/unknown
	Minimum pool size: undefined/unknown
	Maximum pool size: undefined/unknown
2025-03-20T16:16:36.534Z  INFO 7906 --- [monitoringmicroservice] [main] o.h.e.t.j.p.i.JtaPlatformInitiator       : HHH000489: No JTA platform available (set 'hibernate.transaction.jta.platform' to enable JTA platform integration)
2025-03-20T16:16:36.539Z  INFO 7906 --- [monitoringmicroservice] [main] j.LocalContainerEntityManagerFactoryBean : Initialized JPA EntityManagerFactory for persistence unit 'default'
2025-03-20T16:16:36.551Z  INFO 7906 --- [monitoringmicroservice] [main] c.a.m.service.WaterReadingService        : Starting CSV file processing...
2025-03-20T16:16:36.552Z  INFO 7906 --- [monitoringmicroservice] [ForkJoinPool.commonPool-worker-1] c.a.m.service.WaterReadingService        : Processing file: data/River_Water_Quality_Monitoring.csv
2025-03-20T16:16:36.557Z  INFO 7906 --- [monitoringmicroservice] [ForkJoinPool.commonPool-worker-1] c.a.m.service.WaterReadingService        : Inserting record: 1115
2025-03-20T16:16:36.558Z  INFO 7906 --- [monitoringmicroservice] [ForkJoinPool.commonPool-worker-1] o.s.b.f.s.DefaultListableBeanFactory     : Creating singleton bean 'transactionManager' in thread "ForkJoinPool.commonPool-worker-1" while other thread holds singleton lock for other beans [waterReadingService, waterReadingController]
2025-03-20T16:16:36.558Z  INFO 7906 --- [monitoringmicroservice] [ForkJoinPool.commonPool-worker-1] o.s.b.f.s.DefaultListableBeanFactory     : Creating singleton bean 'platformTransactionManagerCustomizers' in thread "ForkJoinPool.commonPool-worker-1" while other thread holds singleton lock for other beans [waterReadingService, waterReadingController, transactionManager]
2025-03-20T16:16:36.558Z  INFO 7906 --- [monitoringmicroservice] [ForkJoinPool.commonPool-worker-1] o.s.b.f.s.DefaultListableBeanFactory     : Creating singleton bean 'org.springframework.boot.autoconfigure.transaction.TransactionManagerCustomizationAutoConfiguration' in thread "ForkJoinPool.commonPool-worker-1" while other thread holds singleton lock for other beans [waterReadingService, waterReadingController, transactionManager, platformTransactionManagerCustomizers]
2025-03-20T16:16:36.559Z  INFO 7906 --- [monitoringmicroservice] [ForkJoinPool.commonPool-worker-1] o.s.b.f.s.DefaultListableBeanFactory     : Creating singleton bean 'transactionExecutionListeners' in thread "ForkJoinPool.commonPool-worker-1" while other thread holds singleton lock for other beans [waterReadingService, waterReadingController, transactionManager, platformTransactionManagerCustomizers]
2025-03-20T16:16:36.559Z  INFO 7906 --- [monitoringmicroservice] [ForkJoinPool.commonPool-worker-1] o.s.b.f.s.DefaultListableBeanFactory     : Creating singleton bean 'spring.transaction-org.springframework.boot.autoconfigure.transaction.TransactionProperties' in thread "ForkJoinPool.commonPool-worker-1" while other thread holds singleton lock for other beans [waterReadingService, waterReadingController, transactionManager, platformTransactionManagerCustomizers]
2025-03-20T16:16:36.563Z DEBUG 7906 --- [monitoringmicroservice] [ForkJoinPool.commonPool-worker-1] org.hibernate.SQL                        : insert into river_water_quality_records (alkmgl,bodmgl,conduscm,cusol1mgl,cusol2ugl,fesol1ugl,no2nmgl,object_id,phph,timestamp,znsolugl,id) values (?,?,?,?,?,?,?,?,?,?,?,?)
2025-03-20T16:16:36.634Z  WARN 7906 --- [monitoringmicroservice] [main] JpaBaseConfiguration$JpaWebConfiguration : spring.jpa.open-in-view is enabled by default. Therefore, database queries may be performed during view rendering. Explicitly configure spring.jpa.open-in-view to disable this warning
2025-03-20T16:16:36.650Z  INFO 7906 --- [monitoringmicroservice] [main] o.s.v.b.OptionalValidatorFactoryBean     : Failed to set up a Bean Validation provider: jakarta.validation.NoProviderFoundException: Unable to create a Configuration, because no Jakarta Bean Validation provider could be found. Add a provider like Hibernate Validator (RI) to your classpath.
2025-03-20T16:16:36.794Z  INFO 7906 --- [monitoringmicroservice] [main] m.MonitoringmicroserviceApplicationTests : Started MonitoringmicroserviceApplicationTests in 0.684 seconds (process running for 2.592)
2025-03-20T16:16:36.804Z  INFO 7906 --- [monitoringmicroservice] [main] t.c.s.AnnotationConfigContextLoaderUtils : Could not detect default configuration classes for test class [com.assessment.monitoringmicroservice.controller.WaterReadingControllerTest]: WaterReadingControllerTest does not declare any static, non-private, non-final, nested classes annotated with @Configuration.
2025-03-20T16:16:36.808Z  INFO 7906 --- [monitoringmicroservice] [main] .b.t.c.SpringBootTestContextBootstrapper : Found @SpringBootConfiguration com.assessment.monitoringmicroservice.MonitoringmicroserviceApplication for test class com.assessment.monitoringmicroservice.controller.WaterReadingControllerTest
2025-03-20T16:16:36.817Z  INFO 7906 --- [monitoringmicroservice] [main] c.a.m.c.WaterReadingControllerTest       : Starting WaterReadingControllerTest using Java 23.0.2 with PID 7906 (started by ridhamsaini in /Users/ridhamsaini/Desktop/Adv_programming_assessment/monitoringmicroservice/monitoringmicroservice)
2025-03-20T16:16:36.817Z DEBUG 7906 --- [monitoringmicroservice] [main] c.a.m.c.WaterReadingControllerTest       : Running with Spring Boot v3.4.3, Spring v6.2.3
2025-03-20T16:16:36.817Z  INFO 7906 --- [monitoringmicroservice] [main] c.a.m.c.WaterReadingControllerTest       : No active profile set, falling back to 1 default profile: "default"
2025-03-20T16:16:36.871Z  INFO 7906 --- [monitoringmicroservice] [main] .s.d.r.c.RepositoryConfigurationDelegate : Bootstrapping Spring Data JPA repositories in DEFAULT mode.
2025-03-20T16:16:36.874Z  INFO 7906 --- [monitoringmicroservice] [main] .s.d.r.c.RepositoryConfigurationDelegate : Finished Spring Data repository scanning in 2 ms. Found 1 JPA repository interface.
2025-03-20T16:16:36.951Z  INFO 7906 --- [monitoringmicroservice] [main] o.hibernate.jpa.internal.util.LogHelper  : HHH000204: Processing PersistenceUnitInfo [name: default]
2025-03-20T16:16:36.954Z  INFO 7906 --- [monitoringmicroservice] [main] o.h.c.internal.RegionFactoryInitiator    : HHH000026: Second-level cache disabled
2025-03-20T16:16:36.959Z  INFO 7906 --- [monitoringmicroservice] [main] o.s.o.j.p.SpringPersistenceUnitInfo      : No LoadTimeWeaver setup: ignoring JPA class transformer
2025-03-20T16:16:36.960Z  WARN 7906 --- [monitoringmicroservice] [main] com.zaxxer.hikari.HikariConfig           : HikariPool-2 - idleTimeout has been set but has no effect because the pool is operating as a fixed size pool.
2025-03-20T16:16:36.960Z  INFO 7906 --- [monitoringmicroservice] [main] com.zaxxer.hikari.HikariDataSource       : HikariPool-2 - Starting...
2025-03-20T16:16:36.960Z  INFO 7906 --- [monitoringmicroservice] [main] com.zaxxer.hikari.pool.HikariPool        : HikariPool-2 - Added connection org.sqlite.jdbc4.JDBC4Connection@746f5752
2025-03-20T16:16:36.961Z  INFO 7906 --- [monitoringmicroservice] [main] com.zaxxer.hikari.HikariDataSource       : HikariPool-2 - Start completed.
2025-03-20T16:16:36.961Z  INFO 7906 --- [monitoringmicroservice] [main] org.hibernate.orm.connections.pooling    : HHH10001005: Database info:
	Database JDBC URL [Connecting through datasource 'HikariDataSource (HikariPool-2)']
	Database driver: undefined/unknown
	Database version: 3.47.2
	Autocommit mode: undefined/unknown
	Isolation level: undefined/unknown
	Minimum pool size: undefined/unknown
	Maximum pool size: undefined/unknown
2025-03-20T16:16:36.981Z  INFO 7906 --- [monitoringmicroservice] [main] o.h.e.t.j.p.i.JtaPlatformInitiator       : HHH000489: No JTA platform available (set 'hibernate.transaction.jta.platform' to enable JTA platform integration)
2025-03-20T16:16:36.983Z  INFO 7906 --- [monitoringmicroservice] [main] j.LocalContainerEntityManagerFactoryBean : Initialized JPA EntityManagerFactory for persistence unit 'default'
2025-03-20T16:16:37.012Z  WARN 7906 --- [monitoringmicroservice] [main] JpaBaseConfiguration$JpaWebConfiguration : spring.jpa.open-in-view is enabled by default. Therefore, database queries may be performed during view rendering. Explicitly configure spring.jpa.open-in-view to disable this warning
2025-03-20T16:16:37.020Z  INFO 7906 --- [monitoringmicroservice] [main] o.s.v.b.OptionalValidatorFactoryBean     : Failed to set up a Bean Validation provider: jakarta.validation.NoProviderFoundException: Unable to create a Configuration, because no Jakarta Bean Validation provider could be found. Add a provider like Hibernate Validator (RI) to your classpath.
2025-03-20T16:16:37.117Z  INFO 7906 --- [monitoringmicroservice] [main] o.s.b.t.m.w.SpringBootMockServletContext : Initializing Spring TestDispatcherServlet ''
2025-03-20T16:16:37.118Z  INFO 7906 --- [monitoringmicroservice] [main] o.s.t.web.servlet.TestDispatcherServlet  : Initializing Servlet ''
2025-03-20T16:16:37.118Z  INFO 7906 --- [monitoringmicroservice] [main] o.s.t.web.servlet.TestDispatcherServlet  : Completed initialization in 0 ms
2025-03-20T16:16:37.127Z  INFO 7906 --- [monitoringmicroservice] [main] c.a.m.c.WaterReadingControllerTest       : Started WaterReadingControllerTest in 0.317 seconds (process running for 2.925)
2025-03-20T16:16:37.206Z ERROR 7906 --- [monitoringmicroservice] [main] c.a.m.controller.WaterReadingController  : Database error occurred while fetching the latest record.
2025-03-20T16:16:37.216Z ERROR 7906 --- [monitoringmicroservice] [main] c.a.m.controller.WaterReadingController  : Server error occurred while fetching the latest record.
2025-03-20T16:16:37.219Z ERROR 7906 --- [monitoringmicroservice] [main] c.a.m.controller.WaterReadingController  : Server error occurred while fetching records.
2025-03-20T16:16:37.236Z  INFO 7906 --- [monitoringmicroservice] [SpringApplicationShutdownHook] j.LocalContainerEntityManagerFactoryBean : Closing JPA EntityManagerFactory for persistence unit 'default'
2025-03-20T16:16:37.238Z  INFO 7906 --- [monitoringmicroservice] [SpringApplicationShutdownHook] j.LocalContainerEntityManagerFactoryBean : Closing JPA EntityManagerFactory for persistence unit 'default'
2025-03-20T16:16:37.238Z  INFO 7906 --- [monitoringmicroservice] [SpringApplicationShutdownHook] com.zaxxer.hikari.HikariDataSource       : HikariPool-1 - Shutdown initiated...
2025-03-20T16:16:37.239Z  INFO 7906 --- [monitoringmicroservice] [SpringApplicationShutdownHook] com.zaxxer.hikari.HikariDataSource       : HikariPool-1 - Shutdown completed.
2025-03-20T16:16:37.240Z  INFO 7906 --- [monitoringmicroservice] [SpringApplicationShutdownHook] j.LocalContainerEntityManagerFactoryBean : Closing JPA EntityManagerFactory for persistence unit 'default'
2025-03-20T16:16:37.240Z  INFO 7906 --- [monitoringmicroservice] [SpringApplicationShutdownHook] com.zaxxer.hikari.HikariDataSource       : HikariPool-2 - Shutdown initiated...
2025-03-20T16:16:37.240Z  INFO 7906 --- [monitoringmicroservice] [SpringApplicationShutdownHook] com.zaxxer.hikari.HikariDataSource       : HikariPool-2 - Shutdown completed.
