2025-05-15T14:24:56.190+01:00  INFO 3547 --- [waterqualitymicroservice] [main] .a.w.WaterqualitymicroserviceApplication : Starting WaterqualitymicroserviceApplication using Java 23.0.2 with PID 3547 (/Users/ridhamsaini/Documents/GitHub/KF7014_AP_GROUP_COMPONENT/prathamesh_services/waterqualitymicroservice/target/classes started by ridhamsaini in /Users/ridhamsaini/Documents/GitHub/KF7014_AP_GROUP_COMPONENT/prathamesh_services)
2025-05-15T14:24:56.192+01:00  INFO 3547 --- [waterqualitymicroservice] [main] .a.w.WaterqualitymicroserviceApplication : No active profile set, falling back to 1 default profile: "default"
2025-05-15T14:24:56.519+01:00  INFO 3547 --- [waterqualitymicroservice] [main] o.s.b.w.embedded.tomcat.TomcatWebServer  : Tomcat initialized with port 8083 (http)
2025-05-15T14:24:56.524+01:00  INFO 3547 --- [waterqualitymicroservice] [main] o.apache.catalina.core.StandardService   : Starting service [Tomcat]
2025-05-15T14:24:56.524+01:00  INFO 3547 --- [waterqualitymicroservice] [main] o.apache.catalina.core.StandardEngine    : Starting Servlet engine: [Apache Tomcat/10.1.36]
2025-05-15T14:24:56.542+01:00  INFO 3547 --- [waterqualitymicroservice] [main] o.a.c.c.C.[Tomcat].[localhost].[/]       : Initializing Spring embedded WebApplicationContext
2025-05-15T14:24:56.543+01:00  INFO 3547 --- [waterqualitymicroservice] [main] w.s.c.ServletWebServerApplicationContext : Root WebApplicationContext: initialization completed in 334 ms
2025-05-15T14:24:56.619+01:00  INFO 3547 --- [waterqualitymicroservice] [main] o.s.v.b.OptionalValidatorFactoryBean     : Failed to set up a Bean Validation provider: jakarta.validation.NoProviderFoundException: Unable to create a Configuration, because no Jakarta Bean Validation provider could be found. Add a provider like Hibernate Validator (RI) to your classpath.
2025-05-15T14:24:56.831+01:00  INFO 3547 --- [waterqualitymicroservice] [main] o.s.b.w.embedded.tomcat.TomcatWebServer  : Tomcat started on port 8083 (http) with context path '/'
2025-05-15T14:24:56.836+01:00  INFO 3547 --- [waterqualitymicroservice] [main] .a.w.WaterqualitymicroserviceApplication : Started WaterqualitymicroserviceApplication in 0.806 seconds (process running for 1.046)
2025-05-15T14:24:57.691+01:00  INFO 3562 --- [monitoringmicroservice] [main] c.a.m.MonitoringmicroserviceApplication  : Starting MonitoringmicroserviceApplication using Java 23.0.2 with PID 3562 (/Users/ridhamsaini/Documents/GitHub/KF7014_AP_GROUP_COMPONENT/prathamesh_services/monitoringmicroservice/target/classes started by ridhamsaini in /Users/ridhamsaini/Documents/GitHub/KF7014_AP_GROUP_COMPONENT/prathamesh_services)
2025-05-15T14:24:57.691+01:00 DEBUG 3562 --- [monitoringmicroservice] [main] c.a.m.MonitoringmicroserviceApplication  : Running with Spring Boot v3.4.3, Spring v6.2.3
2025-05-15T14:24:57.692+01:00  INFO 3562 --- [monitoringmicroservice] [main] c.a.m.MonitoringmicroserviceApplication  : No active profile set, falling back to 1 default profile: "default"
2025-05-15T14:24:57.933+01:00  INFO 3562 --- [monitoringmicroservice] [main] .s.d.r.c.RepositoryConfigurationDelegate : Bootstrapping Spring Data JPA repositories in DEFAULT mode.
2025-05-15T14:24:57.949+01:00  INFO 3562 --- [monitoringmicroservice] [main] .s.d.r.c.RepositoryConfigurationDelegate : Finished Spring Data repository scanning in 13 ms. Found 1 JPA repository interface.
2025-05-15T14:24:58.095+01:00  INFO 3562 --- [monitoringmicroservice] [main] o.s.b.w.embedded.tomcat.TomcatWebServer  : Tomcat initialized with port 8082 (http)
2025-05-15T14:24:58.100+01:00  INFO 3562 --- [monitoringmicroservice] [main] o.apache.catalina.core.StandardService   : Starting service [Tomcat]
2025-05-15T14:24:58.100+01:00  INFO 3562 --- [monitoringmicroservice] [main] o.apache.catalina.core.StandardEngine    : Starting Servlet engine: [Apache Tomcat/10.1.36]
2025-05-15T14:24:58.112+01:00  INFO 3562 --- [monitoringmicroservice] [main] o.a.c.c.C.[Tomcat].[localhost].[/]       : Initializing Spring embedded WebApplicationContext
2025-05-15T14:24:58.113+01:00  INFO 3562 --- [monitoringmicroservice] [main] w.s.c.ServletWebServerApplicationContext : Root WebApplicationContext: initialization completed in 402 ms
2025-05-15T14:24:58.164+01:00  INFO 3562 --- [monitoringmicroservice] [main] o.hibernate.jpa.internal.util.LogHelper  : HHH000204: Processing PersistenceUnitInfo [name: default]
2025-05-15T14:24:58.182+01:00  INFO 3562 --- [monitoringmicroservice] [main] org.hibernate.Version                    : HHH000412: Hibernate ORM core version 6.6.8.Final
2025-05-15T14:24:58.192+01:00  INFO 3562 --- [monitoringmicroservice] [main] o.h.c.internal.RegionFactoryInitiator    : HHH000026: Second-level cache disabled
2025-05-15T14:24:58.274+01:00  INFO 3562 --- [monitoringmicroservice] [main] o.s.o.j.p.SpringPersistenceUnitInfo      : No LoadTimeWeaver setup: ignoring JPA class transformer
2025-05-15T14:24:58.283+01:00  WARN 3562 --- [monitoringmicroservice] [main] com.zaxxer.hikari.HikariConfig           : HikariPool-1 - idleTimeout has been set but has no effect because the pool is operating as a fixed size pool.
2025-05-15T14:24:58.283+01:00  INFO 3562 --- [monitoringmicroservice] [main] com.zaxxer.hikari.HikariDataSource       : HikariPool-1 - Starting...
2025-05-15T14:24:58.469+01:00  INFO 3562 --- [monitoringmicroservice] [main] com.zaxxer.hikari.pool.HikariPool        : HikariPool-1 - Added connection org.sqlite.jdbc4.JDBC4Connection@38a38ed4
2025-05-15T14:24:58.470+01:00  INFO 3562 --- [monitoringmicroservice] [main] com.zaxxer.hikari.HikariDataSource       : HikariPool-1 - Start completed.
2025-05-15T14:24:58.487+01:00  INFO 3562 --- [monitoringmicroservice] [main] org.hibernate.orm.connections.pooling    : HHH10001005: Database info:
	Database JDBC URL [Connecting through datasource 'HikariDataSource (HikariPool-1)']
	Database driver: undefined/unknown
	Database version: 3.47.2
	Autocommit mode: undefined/unknown
	Isolation level: undefined/unknown
	Minimum pool size: undefined/unknown
	Maximum pool size: undefined/unknown
2025-05-15T14:24:58.723+01:00  INFO 3562 --- [monitoringmicroservice] [main] o.h.e.t.j.p.i.JtaPlatformInitiator       : HHH000489: No JTA platform available (set 'hibernate.transaction.jta.platform' to enable JTA platform integration)
2025-05-15T14:24:58.734+01:00  INFO 3562 --- [monitoringmicroservice] [main] j.LocalContainerEntityManagerFactoryBean : Initialized JPA EntityManagerFactory for persistence unit 'default'
2025-05-15T14:24:58.833+01:00  INFO 3562 --- [monitoringmicroservice] [main] c.a.m.service.WaterReadingService        : Starting CSV file processing...
2025-05-15T14:24:58.833+01:00  INFO 3562 --- [monitoringmicroservice] [ForkJoinPool.commonPool-worker-1] c.a.m.service.WaterReadingService        : Processing file: data/River_Water_Quality_Monitoring.csv
2025-05-15T14:24:58.837+01:00  INFO 3562 --- [monitoringmicroservice] [ForkJoinPool.commonPool-worker-1] c.a.m.service.WaterReadingService        : Inserting record: 1115
2025-05-15T14:24:58.838+01:00  INFO 3562 --- [monitoringmicroservice] [ForkJoinPool.commonPool-worker-1] o.s.b.f.s.DefaultListableBeanFactory     : Creating singleton bean 'transactionManager' in thread "ForkJoinPool.commonPool-worker-1" while other thread holds singleton lock for other beans [waterReadingService, waterReadingController]
2025-05-15T14:24:58.839+01:00  INFO 3562 --- [monitoringmicroservice] [ForkJoinPool.commonPool-worker-1] o.s.b.f.s.DefaultListableBeanFactory     : Creating singleton bean 'platformTransactionManagerCustomizers' in thread "ForkJoinPool.commonPool-worker-1" while other thread holds singleton lock for other beans [waterReadingService, waterReadingController, transactionManager]
2025-05-15T14:24:58.839+01:00  INFO 3562 --- [monitoringmicroservice] [ForkJoinPool.commonPool-worker-1] o.s.b.f.s.DefaultListableBeanFactory     : Creating singleton bean 'org.springframework.boot.autoconfigure.transaction.TransactionManagerCustomizationAutoConfiguration' in thread "ForkJoinPool.commonPool-worker-1" while other thread holds singleton lock for other beans [waterReadingService, waterReadingController, transactionManager, platformTransactionManagerCustomizers]
2025-05-15T14:24:58.840+01:00  INFO 3562 --- [monitoringmicroservice] [ForkJoinPool.commonPool-worker-1] o.s.b.f.s.DefaultListableBeanFactory     : Creating singleton bean 'transactionExecutionListeners' in thread "ForkJoinPool.commonPool-worker-1" while other thread holds singleton lock for other beans [waterReadingService, waterReadingController, transactionManager, platformTransactionManagerCustomizers]
2025-05-15T14:24:58.840+01:00  INFO 3562 --- [monitoringmicroservice] [ForkJoinPool.commonPool-worker-1] o.s.b.f.s.DefaultListableBeanFactory     : Creating singleton bean 'spring.transaction-org.springframework.boot.autoconfigure.transaction.TransactionProperties' in thread "ForkJoinPool.commonPool-worker-1" while other thread holds singleton lock for other beans [waterReadingService, waterReadingController, transactionManager, platformTransactionManagerCustomizers]
2025-05-15T14:24:58.851+01:00 DEBUG 3562 --- [monitoringmicroservice] [ForkJoinPool.commonPool-worker-1] org.hibernate.SQL                        : insert into river_water_quality_records (alkmgl,bodmgl,conduscm,cusol1mgl,cusol2ugl,fesol1ugl,no2nmgl,object_id,phph,timestamp,znsolugl,id) values (?,?,?,?,?,?,?,?,?,?,?,?)
2025-05-15T14:24:58.874+01:00  WARN 3562 --- [monitoringmicroservice] [main] JpaBaseConfiguration$JpaWebConfiguration : spring.jpa.open-in-view is enabled by default. Therefore, database queries may be performed during view rendering. Explicitly configure spring.jpa.open-in-view to disable this warning
2025-05-15T14:24:58.894+01:00  INFO 3562 --- [monitoringmicroservice] [main] o.s.v.b.OptionalValidatorFactoryBean     : Failed to set up a Bean Validation provider: jakarta.validation.NoProviderFoundException: Unable to create a Configuration, because no Jakarta Bean Validation provider could be found. Add a provider like Hibernate Validator (RI) to your classpath.
2025-05-15T14:24:59.048+01:00  WARN 3562 --- [monitoringmicroservice] [main] ConfigServletWebServerApplicationContext : Exception encountered during context initialization - cancelling refresh attempt: org.springframework.context.ApplicationContextException: Failed to start bean 'webServerStartStop'
2025-05-15T14:24:59.048+01:00  INFO 3562 --- [monitoringmicroservice] [main] j.LocalContainerEntityManagerFactoryBean : Closing JPA EntityManagerFactory for persistence unit 'default'
2025-05-15T14:24:59.049+01:00  INFO 3562 --- [monitoringmicroservice] [main] com.zaxxer.hikari.HikariDataSource       : HikariPool-1 - Shutdown initiated...
2025-05-15T14:24:59.050+01:00  INFO 3562 --- [monitoringmicroservice] [main] com.zaxxer.hikari.HikariDataSource       : HikariPool-1 - Shutdown completed.
2025-05-15T14:24:59.054+01:00  INFO 3562 --- [monitoringmicroservice] [main] .s.b.a.l.ConditionEvaluationReportLogger : 

Error starting ApplicationContext. To display the condition evaluation report re-run your application with 'debug' enabled.
2025-05-15T14:24:59.059+01:00 ERROR 3562 --- [monitoringmicroservice] [main] o.s.b.d.LoggingFailureAnalysisReporter   : 

***************************
APPLICATION FAILED TO START
***************************

Description:

Web server failed to start. Port 8082 was already in use.

Action:

Identify and stop the process that's listening on port 8082 or configure this application to listen on another port.

2025-05-15T14:28:10.375+01:00  INFO 3644 --- [monitoringmicroservice] [main] c.a.m.MonitoringmicroserviceApplication  : Starting MonitoringmicroserviceApplication using Java 23.0.2 with PID 3644 (/Users/ridhamsaini/Documents/GitHub/KF7014_AP_GROUP_COMPONENT/prathamesh_services/monitoringmicroservice/target/classes started by ridhamsaini in /Users/ridhamsaini/Documents/GitHub/KF7014_AP_GROUP_COMPONENT/prathamesh_services)
2025-05-15T14:28:10.376+01:00 DEBUG 3644 --- [monitoringmicroservice] [main] c.a.m.MonitoringmicroserviceApplication  : Running with Spring Boot v3.4.3, Spring v6.2.3
2025-05-15T14:28:10.376+01:00  INFO 3644 --- [monitoringmicroservice] [main] c.a.m.MonitoringmicroserviceApplication  : No active profile set, falling back to 1 default profile: "default"
2025-05-15T14:28:10.619+01:00  INFO 3644 --- [monitoringmicroservice] [main] .s.d.r.c.RepositoryConfigurationDelegate : Bootstrapping Spring Data JPA repositories in DEFAULT mode.
2025-05-15T14:28:10.635+01:00  INFO 3644 --- [monitoringmicroservice] [main] .s.d.r.c.RepositoryConfigurationDelegate : Finished Spring Data repository scanning in 13 ms. Found 1 JPA repository interface.
2025-05-15T14:28:10.780+01:00  INFO 3644 --- [monitoringmicroservice] [main] o.s.b.w.embedded.tomcat.TomcatWebServer  : Tomcat initialized with port 8082 (http)
2025-05-15T14:28:10.785+01:00  INFO 3644 --- [monitoringmicroservice] [main] o.apache.catalina.core.StandardService   : Starting service [Tomcat]
2025-05-15T14:28:10.785+01:00  INFO 3644 --- [monitoringmicroservice] [main] o.apache.catalina.core.StandardEngine    : Starting Servlet engine: [Apache Tomcat/10.1.36]
2025-05-15T14:28:10.798+01:00  INFO 3644 --- [monitoringmicroservice] [main] o.a.c.c.C.[Tomcat].[localhost].[/]       : Initializing Spring embedded WebApplicationContext
2025-05-15T14:28:10.799+01:00  INFO 3644 --- [monitoringmicroservice] [main] w.s.c.ServletWebServerApplicationContext : Root WebApplicationContext: initialization completed in 404 ms
2025-05-15T14:28:10.851+01:00  INFO 3644 --- [monitoringmicroservice] [main] o.hibernate.jpa.internal.util.LogHelper  : HHH000204: Processing PersistenceUnitInfo [name: default]
2025-05-15T14:28:10.869+01:00  INFO 3644 --- [monitoringmicroservice] [main] org.hibernate.Version                    : HHH000412: Hibernate ORM core version 6.6.8.Final
2025-05-15T14:28:10.879+01:00  INFO 3644 --- [monitoringmicroservice] [main] o.h.c.internal.RegionFactoryInitiator    : HHH000026: Second-level cache disabled
2025-05-15T14:28:10.960+01:00  INFO 3644 --- [monitoringmicroservice] [main] o.s.o.j.p.SpringPersistenceUnitInfo      : No LoadTimeWeaver setup: ignoring JPA class transformer
2025-05-15T14:28:10.969+01:00  WARN 3644 --- [monitoringmicroservice] [main] com.zaxxer.hikari.HikariConfig           : HikariPool-1 - idleTimeout has been set but has no effect because the pool is operating as a fixed size pool.
2025-05-15T14:28:10.969+01:00  INFO 3644 --- [monitoringmicroservice] [main] com.zaxxer.hikari.HikariDataSource       : HikariPool-1 - Starting...
2025-05-15T14:28:11.151+01:00  INFO 3644 --- [monitoringmicroservice] [main] com.zaxxer.hikari.pool.HikariPool        : HikariPool-1 - Added connection org.sqlite.jdbc4.JDBC4Connection@2a5c6b76
2025-05-15T14:28:11.152+01:00  INFO 3644 --- [monitoringmicroservice] [main] com.zaxxer.hikari.HikariDataSource       : HikariPool-1 - Start completed.
2025-05-15T14:28:11.165+01:00  INFO 3644 --- [monitoringmicroservice] [main] org.hibernate.orm.connections.pooling    : HHH10001005: Database info:
	Database JDBC URL [Connecting through datasource 'HikariDataSource (HikariPool-1)']
	Database driver: undefined/unknown
	Database version: 3.47.2
	Autocommit mode: undefined/unknown
	Isolation level: undefined/unknown
	Minimum pool size: undefined/unknown
	Maximum pool size: undefined/unknown
2025-05-15T14:28:11.401+01:00  INFO 3644 --- [monitoringmicroservice] [main] o.h.e.t.j.p.i.JtaPlatformInitiator       : HHH000489: No JTA platform available (set 'hibernate.transaction.jta.platform' to enable JTA platform integration)
2025-05-15T14:28:11.413+01:00  INFO 3644 --- [monitoringmicroservice] [main] j.LocalContainerEntityManagerFactoryBean : Initialized JPA EntityManagerFactory for persistence unit 'default'
2025-05-15T14:28:11.514+01:00  INFO 3644 --- [monitoringmicroservice] [main] c.a.m.service.WaterReadingService        : Starting CSV file processing...
2025-05-15T14:28:11.515+01:00  INFO 3644 --- [monitoringmicroservice] [ForkJoinPool.commonPool-worker-1] c.a.m.service.WaterReadingService        : Processing file: data/River_Water_Quality_Monitoring.csv
2025-05-15T14:28:11.518+01:00  INFO 3644 --- [monitoringmicroservice] [ForkJoinPool.commonPool-worker-1] c.a.m.service.WaterReadingService        : Inserting record: 1115
2025-05-15T14:28:11.519+01:00  INFO 3644 --- [monitoringmicroservice] [ForkJoinPool.commonPool-worker-1] o.s.b.f.s.DefaultListableBeanFactory     : Creating singleton bean 'transactionManager' in thread "ForkJoinPool.commonPool-worker-1" while other thread holds singleton lock for other beans [waterReadingService, waterReadingController]
2025-05-15T14:28:11.520+01:00  INFO 3644 --- [monitoringmicroservice] [ForkJoinPool.commonPool-worker-1] o.s.b.f.s.DefaultListableBeanFactory     : Creating singleton bean 'platformTransactionManagerCustomizers' in thread "ForkJoinPool.commonPool-worker-1" while other thread holds singleton lock for other beans [waterReadingService, waterReadingController, transactionManager]
2025-05-15T14:28:11.520+01:00  INFO 3644 --- [monitoringmicroservice] [ForkJoinPool.commonPool-worker-1] o.s.b.f.s.DefaultListableBeanFactory     : Creating singleton bean 'org.springframework.boot.autoconfigure.transaction.TransactionManagerCustomizationAutoConfiguration' in thread "ForkJoinPool.commonPool-worker-1" while other thread holds singleton lock for other beans [waterReadingService, waterReadingController, transactionManager, platformTransactionManagerCustomizers]
2025-05-15T14:28:11.521+01:00  INFO 3644 --- [monitoringmicroservice] [ForkJoinPool.commonPool-worker-1] o.s.b.f.s.DefaultListableBeanFactory     : Creating singleton bean 'transactionExecutionListeners' in thread "ForkJoinPool.commonPool-worker-1" while other thread holds singleton lock for other beans [waterReadingService, waterReadingController, transactionManager, platformTransactionManagerCustomizers]
2025-05-15T14:28:11.521+01:00  INFO 3644 --- [monitoringmicroservice] [ForkJoinPool.commonPool-worker-1] o.s.b.f.s.DefaultListableBeanFactory     : Creating singleton bean 'spring.transaction-org.springframework.boot.autoconfigure.transaction.TransactionProperties' in thread "ForkJoinPool.commonPool-worker-1" while other thread holds singleton lock for other beans [waterReadingService, waterReadingController, transactionManager, platformTransactionManagerCustomizers]
2025-05-15T14:28:11.533+01:00 DEBUG 3644 --- [monitoringmicroservice] [ForkJoinPool.commonPool-worker-1] org.hibernate.SQL                        : insert into river_water_quality_records (alkmgl,bodmgl,conduscm,cusol1mgl,cusol2ugl,fesol1ugl,no2nmgl,object_id,phph,timestamp,znsolugl,id) values (?,?,?,?,?,?,?,?,?,?,?,?)
2025-05-15T14:28:11.555+01:00  WARN 3644 --- [monitoringmicroservice] [main] JpaBaseConfiguration$JpaWebConfiguration : spring.jpa.open-in-view is enabled by default. Therefore, database queries may be performed during view rendering. Explicitly configure spring.jpa.open-in-view to disable this warning
2025-05-15T14:28:11.571+01:00  INFO 3644 --- [monitoringmicroservice] [main] o.s.v.b.OptionalValidatorFactoryBean     : Failed to set up a Bean Validation provider: jakarta.validation.NoProviderFoundException: Unable to create a Configuration, because no Jakarta Bean Validation provider could be found. Add a provider like Hibernate Validator (RI) to your classpath.
2025-05-15T14:28:11.734+01:00  INFO 3644 --- [monitoringmicroservice] [main] o.s.b.w.embedded.tomcat.TomcatWebServer  : Tomcat started on port 8082 (http) with context path '/'
2025-05-15T14:28:11.738+01:00  INFO 3644 --- [monitoringmicroservice] [main] c.a.m.MonitoringmicroserviceApplication  : Started MonitoringmicroserviceApplication in 1.51 seconds (process running for 1.741)
2025-05-15T14:28:13.021+01:00  INFO 3644 --- [monitoringmicroservice] [http-nio-8082-exec-1] o.a.c.c.C.[Tomcat].[localhost].[/]       : Initializing Spring DispatcherServlet 'dispatcherServlet'
2025-05-15T14:28:13.021+01:00  INFO 3644 --- [monitoringmicroservice] [http-nio-8082-exec-1] o.s.web.servlet.DispatcherServlet        : Initializing Servlet 'dispatcherServlet'
2025-05-15T14:28:13.022+01:00  INFO 3644 --- [monitoringmicroservice] [http-nio-8082-exec-1] o.s.web.servlet.DispatcherServlet        : Completed initialization in 1 ms
2025-05-15T14:28:41.541+01:00  INFO 3644 --- [monitoringmicroservice] [ForkJoinPool.commonPool-worker-1] c.a.m.service.WaterReadingService        : Inserting record: 1147
2025-05-15T14:28:41.543+01:00 DEBUG 3644 --- [monitoringmicroservice] [ForkJoinPool.commonPool-worker-1] org.hibernate.SQL                        : insert into river_water_quality_records (alkmgl,bodmgl,conduscm,cusol1mgl,cusol2ugl,fesol1ugl,no2nmgl,object_id,phph,timestamp,znsolugl,id) values (?,?,?,?,?,?,?,?,?,?,?,?)
2025-05-15T14:29:11.550+01:00  INFO 3644 --- [monitoringmicroservice] [ForkJoinPool.commonPool-worker-1] c.a.m.service.WaterReadingService        : Inserting record: 1148
2025-05-15T14:29:11.555+01:00 DEBUG 3644 --- [monitoringmicroservice] [ForkJoinPool.commonPool-worker-1] org.hibernate.SQL                        : insert into river_water_quality_records (alkmgl,bodmgl,conduscm,cusol1mgl,cusol2ugl,fesol1ugl,no2nmgl,object_id,phph,timestamp,znsolugl,id) values (?,?,?,?,?,?,?,?,?,?,?,?)
2025-05-15T14:29:41.562+01:00  INFO 3644 --- [monitoringmicroservice] [ForkJoinPool.commonPool-worker-1] c.a.m.service.WaterReadingService        : Inserting record: 1523
2025-05-15T14:29:41.563+01:00 DEBUG 3644 --- [monitoringmicroservice] [ForkJoinPool.commonPool-worker-1] org.hibernate.SQL                        : insert into river_water_quality_records (alkmgl,bodmgl,conduscm,cusol1mgl,cusol2ugl,fesol1ugl,no2nmgl,object_id,phph,timestamp,znsolugl,id) values (?,?,?,?,?,?,?,?,?,?,?,?)
2025-05-15T14:30:11.571+01:00  INFO 3644 --- [monitoringmicroservice] [ForkJoinPool.commonPool-worker-1] c.a.m.service.WaterReadingService        : Inserting record: 1555
2025-05-15T14:30:11.575+01:00 DEBUG 3644 --- [monitoringmicroservice] [ForkJoinPool.commonPool-worker-1] org.hibernate.SQL                        : insert into river_water_quality_records (alkmgl,bodmgl,conduscm,cusol1mgl,cusol2ugl,fesol1ugl,no2nmgl,object_id,phph,timestamp,znsolugl,id) values (?,?,?,?,?,?,?,?,?,?,?,?)
2025-05-15T14:30:41.585+01:00  INFO 3644 --- [monitoringmicroservice] [ForkJoinPool.commonPool-worker-1] c.a.m.service.WaterReadingService        : Inserting record: 1556
2025-05-15T14:30:41.589+01:00 DEBUG 3644 --- [monitoringmicroservice] [ForkJoinPool.commonPool-worker-1] org.hibernate.SQL                        : insert into river_water_quality_records (alkmgl,bodmgl,conduscm,cusol1mgl,cusol2ugl,fesol1ugl,no2nmgl,object_id,phph,timestamp,znsolugl,id) values (?,?,?,?,?,?,?,?,?,?,?,?)
2025-05-15T14:31:11.600+01:00  INFO 3644 --- [monitoringmicroservice] [ForkJoinPool.commonPool-worker-1] c.a.m.service.WaterReadingService        : Inserting record: 1903
2025-05-15T14:31:11.603+01:00 DEBUG 3644 --- [monitoringmicroservice] [ForkJoinPool.commonPool-worker-1] org.hibernate.SQL                        : insert into river_water_quality_records (alkmgl,bodmgl,conduscm,cusol1mgl,cusol2ugl,fesol1ugl,no2nmgl,object_id,phph,timestamp,znsolugl,id) values (?,?,?,?,?,?,?,?,?,?,?,?)
2025-05-15T14:31:41.613+01:00  INFO 3644 --- [monitoringmicroservice] [ForkJoinPool.commonPool-worker-1] c.a.m.service.WaterReadingService        : Inserting record: 1904
2025-05-15T14:31:41.616+01:00 DEBUG 3644 --- [monitoringmicroservice] [ForkJoinPool.commonPool-worker-1] org.hibernate.SQL                        : insert into river_water_quality_records (alkmgl,bodmgl,conduscm,cusol1mgl,cusol2ugl,fesol1ugl,no2nmgl,object_id,phph,timestamp,znsolugl,id) values (?,?,?,?,?,?,?,?,?,?,?,?)
2025-05-15T14:32:11.622+01:00  INFO 3644 --- [monitoringmicroservice] [ForkJoinPool.commonPool-worker-1] c.a.m.service.WaterReadingService        : Inserting record: 1934
2025-05-15T14:32:11.627+01:00 DEBUG 3644 --- [monitoringmicroservice] [ForkJoinPool.commonPool-worker-1] org.hibernate.SQL                        : insert into river_water_quality_records (alkmgl,bodmgl,conduscm,cusol1mgl,cusol2ugl,fesol1ugl,no2nmgl,object_id,phph,timestamp,znsolugl,id) values (?,?,?,?,?,?,?,?,?,?,?,?)
2025-05-15T14:32:41.638+01:00  INFO 3644 --- [monitoringmicroservice] [ForkJoinPool.commonPool-worker-1] c.a.m.service.WaterReadingService        : Inserting record: 1935
2025-05-15T14:32:41.639+01:00 DEBUG 3644 --- [monitoringmicroservice] [ForkJoinPool.commonPool-worker-1] org.hibernate.SQL                        : insert into river_water_quality_records (alkmgl,bodmgl,conduscm,cusol1mgl,cusol2ugl,fesol1ugl,no2nmgl,object_id,phph,timestamp,znsolugl,id) values (?,?,?,?,?,?,?,?,?,?,?,?)
2025-05-15T14:33:11.644+01:00  INFO 3644 --- [monitoringmicroservice] [ForkJoinPool.commonPool-worker-1] c.a.m.service.WaterReadingService        : Inserting record: 2812
2025-05-15T14:33:11.645+01:00 DEBUG 3644 --- [monitoringmicroservice] [ForkJoinPool.commonPool-worker-1] org.hibernate.SQL                        : insert into river_water_quality_records (alkmgl,bodmgl,conduscm,cusol1mgl,cusol2ugl,fesol1ugl,no2nmgl,object_id,phph,timestamp,znsolugl,id) values (?,?,?,?,?,?,?,?,?,?,?,?)
2025-05-15T14:33:41.651+01:00  INFO 3644 --- [monitoringmicroservice] [ForkJoinPool.commonPool-worker-1] c.a.m.service.WaterReadingService        : Inserting record: 2813
2025-05-15T14:33:41.653+01:00 DEBUG 3644 --- [monitoringmicroservice] [ForkJoinPool.commonPool-worker-1] org.hibernate.SQL                        : insert into river_water_quality_records (alkmgl,bodmgl,conduscm,cusol1mgl,cusol2ugl,fesol1ugl,no2nmgl,object_id,phph,timestamp,znsolugl,id) values (?,?,?,?,?,?,?,?,?,?,?,?)
2025-05-15T14:34:11.657+01:00  INFO 3644 --- [monitoringmicroservice] [ForkJoinPool.commonPool-worker-1] c.a.m.service.WaterReadingService        : Inserting record: 2843
2025-05-15T14:34:11.662+01:00 DEBUG 3644 --- [monitoringmicroservice] [ForkJoinPool.commonPool-worker-1] org.hibernate.SQL                        : insert into river_water_quality_records (alkmgl,bodmgl,conduscm,cusol1mgl,cusol2ugl,fesol1ugl,no2nmgl,object_id,phph,timestamp,znsolugl,id) values (?,?,?,?,?,?,?,?,?,?,?,?)
2025-05-15T14:34:41.672+01:00  INFO 3644 --- [monitoringmicroservice] [ForkJoinPool.commonPool-worker-1] c.a.m.service.WaterReadingService        : Inserting record: 2844
2025-05-15T14:34:41.675+01:00 DEBUG 3644 --- [monitoringmicroservice] [ForkJoinPool.commonPool-worker-1] org.hibernate.SQL                        : insert into river_water_quality_records (alkmgl,bodmgl,conduscm,cusol1mgl,cusol2ugl,fesol1ugl,no2nmgl,object_id,phph,timestamp,znsolugl,id) values (?,?,?,?,?,?,?,?,?,?,?,?)
2025-05-15T14:35:11.683+01:00  INFO 3644 --- [monitoringmicroservice] [ForkJoinPool.commonPool-worker-1] c.a.m.service.WaterReadingService        : Inserting record: 3434
2025-05-15T14:35:11.687+01:00 DEBUG 3644 --- [monitoringmicroservice] [ForkJoinPool.commonPool-worker-1] org.hibernate.SQL                        : insert into river_water_quality_records (alkmgl,bodmgl,conduscm,cusol1mgl,cusol2ugl,fesol1ugl,no2nmgl,object_id,phph,timestamp,znsolugl,id) values (?,?,?,?,?,?,?,?,?,?,?,?)
2025-05-15T14:35:41.695+01:00  INFO 3644 --- [monitoringmicroservice] [ForkJoinPool.commonPool-worker-1] c.a.m.service.WaterReadingService        : Inserting record: 3435
2025-05-15T14:35:41.698+01:00 DEBUG 3644 --- [monitoringmicroservice] [ForkJoinPool.commonPool-worker-1] org.hibernate.SQL                        : insert into river_water_quality_records (alkmgl,bodmgl,conduscm,cusol1mgl,cusol2ugl,fesol1ugl,no2nmgl,object_id,phph,timestamp,znsolugl,id) values (?,?,?,?,?,?,?,?,?,?,?,?)
2025-05-15T14:36:11.702+01:00  INFO 3644 --- [monitoringmicroservice] [ForkJoinPool.commonPool-worker-1] c.a.m.service.WaterReadingService        : Inserting record: 3465
2025-05-15T14:36:11.704+01:00 DEBUG 3644 --- [monitoringmicroservice] [ForkJoinPool.commonPool-worker-1] org.hibernate.SQL                        : insert into river_water_quality_records (alkmgl,bodmgl,conduscm,cusol1mgl,cusol2ugl,fesol1ugl,no2nmgl,object_id,phph,timestamp,znsolugl,id) values (?,?,?,?,?,?,?,?,?,?,?,?)
2025-05-15T14:36:41.712+01:00  INFO 3644 --- [monitoringmicroservice] [ForkJoinPool.commonPool-worker-1] c.a.m.service.WaterReadingService        : Inserting record: 3466
2025-05-15T14:36:41.714+01:00 DEBUG 3644 --- [monitoringmicroservice] [ForkJoinPool.commonPool-worker-1] org.hibernate.SQL                        : insert into river_water_quality_records (alkmgl,bodmgl,conduscm,cusol1mgl,cusol2ugl,fesol1ugl,no2nmgl,object_id,phph,timestamp,znsolugl,id) values (?,?,?,?,?,?,?,?,?,?,?,?)
2025-05-15T14:37:11.723+01:00  INFO 3644 --- [monitoringmicroservice] [ForkJoinPool.commonPool-worker-1] c.a.m.service.WaterReadingService        : Inserting record: 4217
2025-05-15T14:37:11.724+01:00 DEBUG 3644 --- [monitoringmicroservice] [ForkJoinPool.commonPool-worker-1] org.hibernate.SQL                        : insert into river_water_quality_records (alkmgl,bodmgl,conduscm,cusol1mgl,cusol2ugl,fesol1ugl,no2nmgl,object_id,phph,timestamp,znsolugl,id) values (?,?,?,?,?,?,?,?,?,?,?,?)
2025-05-15T14:37:41.732+01:00  INFO 3644 --- [monitoringmicroservice] [ForkJoinPool.commonPool-worker-1] c.a.m.service.WaterReadingService        : Inserting record: 4218
2025-05-15T14:37:41.734+01:00 DEBUG 3644 --- [monitoringmicroservice] [ForkJoinPool.commonPool-worker-1] org.hibernate.SQL                        : insert into river_water_quality_records (alkmgl,bodmgl,conduscm,cusol1mgl,cusol2ugl,fesol1ugl,no2nmgl,object_id,phph,timestamp,znsolugl,id) values (?,?,?,?,?,?,?,?,?,?,?,?)
2025-05-15T14:38:11.742+01:00  INFO 3644 --- [monitoringmicroservice] [ForkJoinPool.commonPool-worker-1] c.a.m.service.WaterReadingService        : Inserting record: 4249
2025-05-15T14:38:11.744+01:00 DEBUG 3644 --- [monitoringmicroservice] [ForkJoinPool.commonPool-worker-1] org.hibernate.SQL                        : insert into river_water_quality_records (alkmgl,bodmgl,conduscm,cusol1mgl,cusol2ugl,fesol1ugl,no2nmgl,object_id,phph,timestamp,znsolugl,id) values (?,?,?,?,?,?,?,?,?,?,?,?)
2025-05-15T14:38:41.752+01:00  INFO 3644 --- [monitoringmicroservice] [ForkJoinPool.commonPool-worker-1] c.a.m.service.WaterReadingService        : Inserting record: 4250
2025-05-15T14:38:41.756+01:00 DEBUG 3644 --- [monitoringmicroservice] [ForkJoinPool.commonPool-worker-1] org.hibernate.SQL                        : insert into river_water_quality_records (alkmgl,bodmgl,conduscm,cusol1mgl,cusol2ugl,fesol1ugl,no2nmgl,object_id,phph,timestamp,znsolugl,id) values (?,?,?,?,?,?,?,?,?,?,?,?)
2025-05-15T14:39:11.766+01:00  INFO 3644 --- [monitoringmicroservice] [ForkJoinPool.commonPool-worker-1] c.a.m.service.WaterReadingService        : Inserting record: 4365
2025-05-15T14:39:11.769+01:00 DEBUG 3644 --- [monitoringmicroservice] [ForkJoinPool.commonPool-worker-1] org.hibernate.SQL                        : insert into river_water_quality_records (alkmgl,bodmgl,conduscm,cusol1mgl,cusol2ugl,fesol1ugl,no2nmgl,object_id,phph,timestamp,znsolugl,id) values (?,?,?,?,?,?,?,?,?,?,?,?)
2025-05-15T14:39:26.313+01:00  INFO 3644 --- [monitoringmicroservice] [SpringApplicationShutdownHook] o.s.b.w.e.tomcat.GracefulShutdown        : Commencing graceful shutdown. Waiting for active requests to complete
2025-05-15T14:39:26.321+01:00  INFO 3644 --- [monitoringmicroservice] [tomcat-shutdown] o.s.b.w.e.tomcat.GracefulShutdown        : Graceful shutdown complete
2025-05-15T14:39:26.323+01:00  INFO 3547 --- [waterqualitymicroservice] [SpringApplicationShutdownHook] o.s.b.w.e.tomcat.GracefulShutdown        : Commencing graceful shutdown. Waiting for active requests to complete
2025-05-15T14:39:26.326+01:00  INFO 3644 --- [monitoringmicroservice] [SpringApplicationShutdownHook] j.LocalContainerEntityManagerFactoryBean : Closing JPA EntityManagerFactory for persistence unit 'default'
2025-05-15T14:39:26.329+01:00  INFO 3644 --- [monitoringmicroservice] [SpringApplicationShutdownHook] com.zaxxer.hikari.HikariDataSource       : HikariPool-1 - Shutdown initiated...
2025-05-15T14:39:26.332+01:00  INFO 3644 --- [monitoringmicroservice] [SpringApplicationShutdownHook] com.zaxxer.hikari.HikariDataSource       : HikariPool-1 - Shutdown completed.
2025-05-15T14:39:26.334+01:00  INFO 3547 --- [waterqualitymicroservice] [tomcat-shutdown] o.s.b.w.e.tomcat.GracefulShutdown        : Graceful shutdown complete
2025-05-15T14:39:53.086+01:00  INFO 4145 --- [monitoringmicroservice] [main] c.a.m.MonitoringmicroserviceApplication  : Starting MonitoringmicroserviceApplication using Java 23.0.2 with PID 4145 (/Users/ridhamsaini/Documents/GitHub/KF7014_AP_GROUP_COMPONENT/prathamesh_services/monitoringmicroservice/target/classes started by ridhamsaini in /Users/ridhamsaini/Documents/GitHub/KF7014_AP_GROUP_COMPONENT/prathamesh_services)
2025-05-15T14:39:53.086+01:00 DEBUG 4145 --- [monitoringmicroservice] [main] c.a.m.MonitoringmicroserviceApplication  : Running with Spring Boot v3.4.3, Spring v6.2.3
2025-05-15T14:39:53.086+01:00  INFO 4145 --- [monitoringmicroservice] [main] c.a.m.MonitoringmicroserviceApplication  : No active profile set, falling back to 1 default profile: "default"
2025-05-15T14:39:53.409+01:00  INFO 4145 --- [monitoringmicroservice] [main] .s.d.r.c.RepositoryConfigurationDelegate : Bootstrapping Spring Data JPA repositories in DEFAULT mode.
2025-05-15T14:39:53.438+01:00  INFO 4145 --- [monitoringmicroservice] [main] .s.d.r.c.RepositoryConfigurationDelegate : Finished Spring Data repository scanning in 25 ms. Found 1 JPA repository interface.
2025-05-15T14:39:53.634+01:00  INFO 4145 --- [monitoringmicroservice] [main] o.s.b.w.embedded.tomcat.TomcatWebServer  : Tomcat initialized with port 8082 (http)
2025-05-15T14:39:53.640+01:00  INFO 4145 --- [monitoringmicroservice] [main] o.apache.catalina.core.StandardService   : Starting service [Tomcat]
2025-05-15T14:39:53.640+01:00  INFO 4145 --- [monitoringmicroservice] [main] o.apache.catalina.core.StandardEngine    : Starting Servlet engine: [Apache Tomcat/10.1.36]
2025-05-15T14:39:53.658+01:00  INFO 4145 --- [monitoringmicroservice] [main] o.a.c.c.C.[Tomcat].[localhost].[/]       : Initializing Spring embedded WebApplicationContext
2025-05-15T14:39:53.658+01:00  INFO 4145 --- [monitoringmicroservice] [main] w.s.c.ServletWebServerApplicationContext : Root WebApplicationContext: initialization completed in 551 ms
2025-05-15T14:39:53.720+01:00  INFO 4145 --- [monitoringmicroservice] [main] o.hibernate.jpa.internal.util.LogHelper  : HHH000204: Processing PersistenceUnitInfo [name: default]
2025-05-15T14:39:53.738+01:00  INFO 4145 --- [monitoringmicroservice] [main] org.hibernate.Version                    : HHH000412: Hibernate ORM core version 6.6.8.Final
2025-05-15T14:39:53.748+01:00  INFO 4145 --- [monitoringmicroservice] [main] o.h.c.internal.RegionFactoryInitiator    : HHH000026: Second-level cache disabled
2025-05-15T14:39:53.859+01:00  INFO 4145 --- [monitoringmicroservice] [main] o.s.o.j.p.SpringPersistenceUnitInfo      : No LoadTimeWeaver setup: ignoring JPA class transformer
2025-05-15T14:39:53.875+01:00  WARN 4145 --- [monitoringmicroservice] [main] com.zaxxer.hikari.HikariConfig           : HikariPool-1 - idleTimeout has been set but has no effect because the pool is operating as a fixed size pool.
2025-05-15T14:39:53.876+01:00  INFO 4145 --- [monitoringmicroservice] [main] com.zaxxer.hikari.HikariDataSource       : HikariPool-1 - Starting...
2025-05-15T14:39:54.082+01:00  INFO 4145 --- [monitoringmicroservice] [main] com.zaxxer.hikari.pool.HikariPool        : HikariPool-1 - Added connection org.sqlite.jdbc4.JDBC4Connection@156324b
2025-05-15T14:39:54.083+01:00  INFO 4145 --- [monitoringmicroservice] [main] com.zaxxer.hikari.HikariDataSource       : HikariPool-1 - Start completed.
2025-05-15T14:39:54.103+01:00  INFO 4145 --- [monitoringmicroservice] [main] org.hibernate.orm.connections.pooling    : HHH10001005: Database info:
	Database JDBC URL [Connecting through datasource 'HikariDataSource (HikariPool-1)']
	Database driver: undefined/unknown
	Database version: 3.47.2
	Autocommit mode: undefined/unknown
	Isolation level: undefined/unknown
	Minimum pool size: undefined/unknown
	Maximum pool size: undefined/unknown
2025-05-15T14:39:54.402+01:00  INFO 4145 --- [monitoringmicroservice] [main] o.h.e.t.j.p.i.JtaPlatformInitiator       : HHH000489: No JTA platform available (set 'hibernate.transaction.jta.platform' to enable JTA platform integration)
2025-05-15T14:39:54.416+01:00  INFO 4145 --- [monitoringmicroservice] [main] j.LocalContainerEntityManagerFactoryBean : Initialized JPA EntityManagerFactory for persistence unit 'default'
2025-05-15T14:39:54.477+01:00  INFO 4149 --- [waterqualitymicroservice] [main] .a.w.WaterqualitymicroserviceApplication : Starting WaterqualitymicroserviceApplication using Java 23.0.2 with PID 4149 (/Users/ridhamsaini/Documents/GitHub/KF7014_AP_GROUP_COMPONENT/prathamesh_services/waterqualitymicroservice/target/classes started by ridhamsaini in /Users/ridhamsaini/Documents/GitHub/KF7014_AP_GROUP_COMPONENT/prathamesh_services)
2025-05-15T14:39:54.478+01:00  INFO 4149 --- [waterqualitymicroservice] [main] .a.w.WaterqualitymicroserviceApplication : No active profile set, falling back to 1 default profile: "default"
2025-05-15T14:39:54.547+01:00  INFO 4145 --- [monitoringmicroservice] [main] c.a.m.service.WaterReadingService        : Starting CSV file processing...
2025-05-15T14:39:54.548+01:00  INFO 4145 --- [monitoringmicroservice] [ForkJoinPool.commonPool-worker-1] c.a.m.service.WaterReadingService        : Processing file: data/River_Water_Quality_Monitoring.csv
2025-05-15T14:39:54.552+01:00  INFO 4145 --- [monitoringmicroservice] [ForkJoinPool.commonPool-worker-1] c.a.m.service.WaterReadingService        : Inserting record: 1115
2025-05-15T14:39:54.554+01:00  INFO 4145 --- [monitoringmicroservice] [ForkJoinPool.commonPool-worker-1] o.s.b.f.s.DefaultListableBeanFactory     : Creating singleton bean 'transactionManager' in thread "ForkJoinPool.commonPool-worker-1" while other thread holds singleton lock for other beans [waterReadingService, waterReadingController]
2025-05-15T14:39:54.555+01:00  INFO 4145 --- [monitoringmicroservice] [ForkJoinPool.commonPool-worker-1] o.s.b.f.s.DefaultListableBeanFactory     : Creating singleton bean 'platformTransactionManagerCustomizers' in thread "ForkJoinPool.commonPool-worker-1" while other thread holds singleton lock for other beans [waterReadingService, waterReadingController, transactionManager]
2025-05-15T14:39:54.556+01:00  INFO 4145 --- [monitoringmicroservice] [ForkJoinPool.commonPool-worker-1] o.s.b.f.s.DefaultListableBeanFactory     : Creating singleton bean 'org.springframework.boot.autoconfigure.transaction.TransactionManagerCustomizationAutoConfiguration' in thread "ForkJoinPool.commonPool-worker-1" while other thread holds singleton lock for other beans [waterReadingService, waterReadingController, transactionManager, platformTransactionManagerCustomizers]
2025-05-15T14:39:54.557+01:00  INFO 4145 --- [monitoringmicroservice] [ForkJoinPool.commonPool-worker-1] o.s.b.f.s.DefaultListableBeanFactory     : Creating singleton bean 'transactionExecutionListeners' in thread "ForkJoinPool.commonPool-worker-1" while other thread holds singleton lock for other beans [waterReadingService, waterReadingController, transactionManager, platformTransactionManagerCustomizers]
2025-05-15T14:39:54.557+01:00  INFO 4145 --- [monitoringmicroservice] [ForkJoinPool.commonPool-worker-1] o.s.b.f.s.DefaultListableBeanFactory     : Creating singleton bean 'spring.transaction-org.springframework.boot.autoconfigure.transaction.TransactionProperties' in thread "ForkJoinPool.commonPool-worker-1" while other thread holds singleton lock for other beans [waterReadingService, waterReadingController, transactionManager, platformTransactionManagerCustomizers]
2025-05-15T14:39:54.574+01:00 DEBUG 4145 --- [monitoringmicroservice] [ForkJoinPool.commonPool-worker-1] org.hibernate.SQL                        : insert into river_water_quality_records (alkmgl,bodmgl,conduscm,cusol1mgl,cusol2ugl,fesol1ugl,no2nmgl,object_id,phph,timestamp,znsolugl,id) values (?,?,?,?,?,?,?,?,?,?,?,?)
2025-05-15T14:39:54.608+01:00  WARN 4145 --- [monitoringmicroservice] [main] JpaBaseConfiguration$JpaWebConfiguration : spring.jpa.open-in-view is enabled by default. Therefore, database queries may be performed during view rendering. Explicitly configure spring.jpa.open-in-view to disable this warning
2025-05-15T14:39:54.629+01:00  INFO 4145 --- [monitoringmicroservice] [main] o.s.v.b.OptionalValidatorFactoryBean     : Failed to set up a Bean Validation provider: jakarta.validation.NoProviderFoundException: Unable to create a Configuration, because no Jakarta Bean Validation provider could be found. Add a provider like Hibernate Validator (RI) to your classpath.
2025-05-15T14:39:54.819+01:00  INFO 4145 --- [monitoringmicroservice] [main] o.s.b.w.embedded.tomcat.TomcatWebServer  : Tomcat started on port 8082 (http) with context path '/'
2025-05-15T14:39:54.824+01:00  INFO 4145 --- [monitoringmicroservice] [main] c.a.m.MonitoringmicroserviceApplication  : Started MonitoringmicroserviceApplication in 1.884 seconds (process running for 2.157)
2025-05-15T14:39:54.870+01:00  INFO 4149 --- [waterqualitymicroservice] [main] o.s.b.w.embedded.tomcat.TomcatWebServer  : Tomcat initialized with port 8083 (http)
2025-05-15T14:39:54.880+01:00  INFO 4149 --- [waterqualitymicroservice] [main] o.apache.catalina.core.StandardService   : Starting service [Tomcat]
2025-05-15T14:39:54.880+01:00  INFO 4149 --- [waterqualitymicroservice] [main] o.apache.catalina.core.StandardEngine    : Starting Servlet engine: [Apache Tomcat/10.1.36]
2025-05-15T14:39:54.894+01:00  INFO 4149 --- [waterqualitymicroservice] [main] o.a.c.c.C.[Tomcat].[localhost].[/]       : Initializing Spring embedded WebApplicationContext
2025-05-15T14:39:54.894+01:00  INFO 4149 --- [waterqualitymicroservice] [main] w.s.c.ServletWebServerApplicationContext : Root WebApplicationContext: initialization completed in 386 ms
2025-05-15T14:39:54.969+01:00  INFO 4149 --- [waterqualitymicroservice] [main] o.s.v.b.OptionalValidatorFactoryBean     : Failed to set up a Bean Validation provider: jakarta.validation.NoProviderFoundException: Unable to create a Configuration, because no Jakarta Bean Validation provider could be found. Add a provider like Hibernate Validator (RI) to your classpath.
2025-05-15T14:39:55.160+01:00  INFO 4149 --- [waterqualitymicroservice] [main] o.s.b.w.embedded.tomcat.TomcatWebServer  : Tomcat started on port 8083 (http) with context path '/'
2025-05-15T14:39:55.164+01:00  INFO 4149 --- [waterqualitymicroservice] [main] .a.w.WaterqualitymicroserviceApplication : Started WaterqualitymicroserviceApplication in 0.876 seconds (process running for 1.16)
2025-05-15T14:40:24.583+01:00  INFO 4145 --- [monitoringmicroservice] [ForkJoinPool.commonPool-worker-1] c.a.m.service.WaterReadingService        : Inserting record: 1147
2025-05-15T14:40:24.594+01:00 DEBUG 4145 --- [monitoringmicroservice] [ForkJoinPool.commonPool-worker-1] org.hibernate.SQL                        : insert into river_water_quality_records (alkmgl,bodmgl,conduscm,cusol1mgl,cusol2ugl,fesol1ugl,no2nmgl,object_id,phph,timestamp,znsolugl,id) values (?,?,?,?,?,?,?,?,?,?,?,?)
2025-05-15T14:40:54.600+01:00  INFO 4145 --- [monitoringmicroservice] [ForkJoinPool.commonPool-worker-1] c.a.m.service.WaterReadingService        : Inserting record: 1148
2025-05-15T14:40:54.602+01:00 DEBUG 4145 --- [monitoringmicroservice] [ForkJoinPool.commonPool-worker-1] org.hibernate.SQL                        : insert into river_water_quality_records (alkmgl,bodmgl,conduscm,cusol1mgl,cusol2ugl,fesol1ugl,no2nmgl,object_id,phph,timestamp,znsolugl,id) values (?,?,?,?,?,?,?,?,?,?,?,?)
2025-05-15T14:41:24.606+01:00  INFO 4145 --- [monitoringmicroservice] [ForkJoinPool.commonPool-worker-1] c.a.m.service.WaterReadingService        : Inserting record: 1523
2025-05-15T14:41:24.608+01:00 DEBUG 4145 --- [monitoringmicroservice] [ForkJoinPool.commonPool-worker-1] org.hibernate.SQL                        : insert into river_water_quality_records (alkmgl,bodmgl,conduscm,cusol1mgl,cusol2ugl,fesol1ugl,no2nmgl,object_id,phph,timestamp,znsolugl,id) values (?,?,?,?,?,?,?,?,?,?,?,?)
2025-05-15T14:41:54.616+01:00  INFO 4145 --- [monitoringmicroservice] [ForkJoinPool.commonPool-worker-1] c.a.m.service.WaterReadingService        : Inserting record: 1555
2025-05-15T14:41:54.618+01:00 DEBUG 4145 --- [monitoringmicroservice] [ForkJoinPool.commonPool-worker-1] org.hibernate.SQL                        : insert into river_water_quality_records (alkmgl,bodmgl,conduscm,cusol1mgl,cusol2ugl,fesol1ugl,no2nmgl,object_id,phph,timestamp,znsolugl,id) values (?,?,?,?,?,?,?,?,?,?,?,?)
2025-05-15T14:42:24.625+01:00  INFO 4145 --- [monitoringmicroservice] [ForkJoinPool.commonPool-worker-1] c.a.m.service.WaterReadingService        : Inserting record: 1556
2025-05-15T14:42:24.628+01:00 DEBUG 4145 --- [monitoringmicroservice] [ForkJoinPool.commonPool-worker-1] org.hibernate.SQL                        : insert into river_water_quality_records (alkmgl,bodmgl,conduscm,cusol1mgl,cusol2ugl,fesol1ugl,no2nmgl,object_id,phph,timestamp,znsolugl,id) values (?,?,?,?,?,?,?,?,?,?,?,?)
2025-05-15T14:42:54.634+01:00  INFO 4145 --- [monitoringmicroservice] [ForkJoinPool.commonPool-worker-1] c.a.m.service.WaterReadingService        : Inserting record: 1903
2025-05-15T14:42:54.636+01:00 DEBUG 4145 --- [monitoringmicroservice] [ForkJoinPool.commonPool-worker-1] org.hibernate.SQL                        : insert into river_water_quality_records (alkmgl,bodmgl,conduscm,cusol1mgl,cusol2ugl,fesol1ugl,no2nmgl,object_id,phph,timestamp,znsolugl,id) values (?,?,?,?,?,?,?,?,?,?,?,?)
2025-05-15T14:43:24.645+01:00  INFO 4145 --- [monitoringmicroservice] [ForkJoinPool.commonPool-worker-1] c.a.m.service.WaterReadingService        : Inserting record: 1904
2025-05-15T14:43:24.649+01:00 DEBUG 4145 --- [monitoringmicroservice] [ForkJoinPool.commonPool-worker-1] org.hibernate.SQL                        : insert into river_water_quality_records (alkmgl,bodmgl,conduscm,cusol1mgl,cusol2ugl,fesol1ugl,no2nmgl,object_id,phph,timestamp,znsolugl,id) values (?,?,?,?,?,?,?,?,?,?,?,?)
2025-05-15T14:43:54.658+01:00  INFO 4145 --- [monitoringmicroservice] [ForkJoinPool.commonPool-worker-1] c.a.m.service.WaterReadingService        : Inserting record: 1934
2025-05-15T14:43:54.663+01:00 DEBUG 4145 --- [monitoringmicroservice] [ForkJoinPool.commonPool-worker-1] org.hibernate.SQL                        : insert into river_water_quality_records (alkmgl,bodmgl,conduscm,cusol1mgl,cusol2ugl,fesol1ugl,no2nmgl,object_id,phph,timestamp,znsolugl,id) values (?,?,?,?,?,?,?,?,?,?,?,?)
2025-05-15T14:44:24.671+01:00  INFO 4145 --- [monitoringmicroservice] [ForkJoinPool.commonPool-worker-1] c.a.m.service.WaterReadingService        : Inserting record: 1935
2025-05-15T14:44:24.673+01:00 DEBUG 4145 --- [monitoringmicroservice] [ForkJoinPool.commonPool-worker-1] org.hibernate.SQL                        : insert into river_water_quality_records (alkmgl,bodmgl,conduscm,cusol1mgl,cusol2ugl,fesol1ugl,no2nmgl,object_id,phph,timestamp,znsolugl,id) values (?,?,?,?,?,?,?,?,?,?,?,?)
2025-05-15T14:44:54.681+01:00  INFO 4145 --- [monitoringmicroservice] [ForkJoinPool.commonPool-worker-1] c.a.m.service.WaterReadingService        : Inserting record: 2812
2025-05-15T14:44:54.684+01:00 DEBUG 4145 --- [monitoringmicroservice] [ForkJoinPool.commonPool-worker-1] org.hibernate.SQL                        : insert into river_water_quality_records (alkmgl,bodmgl,conduscm,cusol1mgl,cusol2ugl,fesol1ugl,no2nmgl,object_id,phph,timestamp,znsolugl,id) values (?,?,?,?,?,?,?,?,?,?,?,?)
2025-05-15T14:45:24.692+01:00  INFO 4145 --- [monitoringmicroservice] [ForkJoinPool.commonPool-worker-1] c.a.m.service.WaterReadingService        : Inserting record: 2813
2025-05-15T14:45:24.695+01:00 DEBUG 4145 --- [monitoringmicroservice] [ForkJoinPool.commonPool-worker-1] org.hibernate.SQL                        : insert into river_water_quality_records (alkmgl,bodmgl,conduscm,cusol1mgl,cusol2ugl,fesol1ugl,no2nmgl,object_id,phph,timestamp,znsolugl,id) values (?,?,?,?,?,?,?,?,?,?,?,?)
2025-05-15T14:45:54.702+01:00  INFO 4145 --- [monitoringmicroservice] [ForkJoinPool.commonPool-worker-1] c.a.m.service.WaterReadingService        : Inserting record: 2843
2025-05-15T14:45:54.704+01:00 DEBUG 4145 --- [monitoringmicroservice] [ForkJoinPool.commonPool-worker-1] org.hibernate.SQL                        : insert into river_water_quality_records (alkmgl,bodmgl,conduscm,cusol1mgl,cusol2ugl,fesol1ugl,no2nmgl,object_id,phph,timestamp,znsolugl,id) values (?,?,?,?,?,?,?,?,?,?,?,?)
2025-05-15T14:46:24.709+01:00  INFO 4145 --- [monitoringmicroservice] [ForkJoinPool.commonPool-worker-1] c.a.m.service.WaterReadingService        : Inserting record: 2844
2025-05-15T14:46:24.710+01:00 DEBUG 4145 --- [monitoringmicroservice] [ForkJoinPool.commonPool-worker-1] org.hibernate.SQL                        : insert into river_water_quality_records (alkmgl,bodmgl,conduscm,cusol1mgl,cusol2ugl,fesol1ugl,no2nmgl,object_id,phph,timestamp,znsolugl,id) values (?,?,?,?,?,?,?,?,?,?,?,?)
2025-05-15T14:46:54.717+01:00  INFO 4145 --- [monitoringmicroservice] [ForkJoinPool.commonPool-worker-1] c.a.m.service.WaterReadingService        : Inserting record: 3434
2025-05-15T14:46:54.722+01:00 DEBUG 4145 --- [monitoringmicroservice] [ForkJoinPool.commonPool-worker-1] org.hibernate.SQL                        : insert into river_water_quality_records (alkmgl,bodmgl,conduscm,cusol1mgl,cusol2ugl,fesol1ugl,no2nmgl,object_id,phph,timestamp,znsolugl,id) values (?,?,?,?,?,?,?,?,?,?,?,?)
2025-05-15T14:47:24.733+01:00  INFO 4145 --- [monitoringmicroservice] [ForkJoinPool.commonPool-worker-1] c.a.m.service.WaterReadingService        : Inserting record: 3435
2025-05-15T14:47:24.738+01:00 DEBUG 4145 --- [monitoringmicroservice] [ForkJoinPool.commonPool-worker-1] org.hibernate.SQL                        : insert into river_water_quality_records (alkmgl,bodmgl,conduscm,cusol1mgl,cusol2ugl,fesol1ugl,no2nmgl,object_id,phph,timestamp,znsolugl,id) values (?,?,?,?,?,?,?,?,?,?,?,?)
2025-05-15T14:47:54.749+01:00  INFO 4145 --- [monitoringmicroservice] [ForkJoinPool.commonPool-worker-1] c.a.m.service.WaterReadingService        : Inserting record: 3465
2025-05-15T14:47:54.753+01:00 DEBUG 4145 --- [monitoringmicroservice] [ForkJoinPool.commonPool-worker-1] org.hibernate.SQL                        : insert into river_water_quality_records (alkmgl,bodmgl,conduscm,cusol1mgl,cusol2ugl,fesol1ugl,no2nmgl,object_id,phph,timestamp,znsolugl,id) values (?,?,?,?,?,?,?,?,?,?,?,?)
2025-05-15T14:48:24.760+01:00  INFO 4145 --- [monitoringmicroservice] [ForkJoinPool.commonPool-worker-1] c.a.m.service.WaterReadingService        : Inserting record: 3466
2025-05-15T14:48:24.762+01:00 DEBUG 4145 --- [monitoringmicroservice] [ForkJoinPool.commonPool-worker-1] org.hibernate.SQL                        : insert into river_water_quality_records (alkmgl,bodmgl,conduscm,cusol1mgl,cusol2ugl,fesol1ugl,no2nmgl,object_id,phph,timestamp,znsolugl,id) values (?,?,?,?,?,?,?,?,?,?,?,?)
2025-05-15T14:48:54.769+01:00  INFO 4145 --- [monitoringmicroservice] [ForkJoinPool.commonPool-worker-1] c.a.m.service.WaterReadingService        : Inserting record: 4217
2025-05-15T14:48:54.772+01:00 DEBUG 4145 --- [monitoringmicroservice] [ForkJoinPool.commonPool-worker-1] org.hibernate.SQL                        : insert into river_water_quality_records (alkmgl,bodmgl,conduscm,cusol1mgl,cusol2ugl,fesol1ugl,no2nmgl,object_id,phph,timestamp,znsolugl,id) values (?,?,?,?,?,?,?,?,?,?,?,?)
2025-05-15T14:49:08.951+01:00  INFO 4145 --- [monitoringmicroservice] [http-nio-8082-exec-1] o.a.c.c.C.[Tomcat].[localhost].[/]       : Initializing Spring DispatcherServlet 'dispatcherServlet'
2025-05-15T14:49:08.952+01:00  INFO 4145 --- [monitoringmicroservice] [http-nio-8082-exec-1] o.s.web.servlet.DispatcherServlet        : Initializing Servlet 'dispatcherServlet'
2025-05-15T14:49:08.954+01:00  INFO 4145 --- [monitoringmicroservice] [http-nio-8082-exec-1] o.s.web.servlet.DispatcherServlet        : Completed initialization in 1 ms
2025-05-15T14:49:24.777+01:00  INFO 4145 --- [monitoringmicroservice] [ForkJoinPool.commonPool-worker-1] c.a.m.service.WaterReadingService        : Inserting record: 4218
2025-05-15T14:49:24.779+01:00 DEBUG 4145 --- [monitoringmicroservice] [ForkJoinPool.commonPool-worker-1] org.hibernate.SQL                        : insert into river_water_quality_records (alkmgl,bodmgl,conduscm,cusol1mgl,cusol2ugl,fesol1ugl,no2nmgl,object_id,phph,timestamp,znsolugl,id) values (?,?,?,?,?,?,?,?,?,?,?,?)
2025-05-15T14:49:54.788+01:00  INFO 4145 --- [monitoringmicroservice] [ForkJoinPool.commonPool-worker-1] c.a.m.service.WaterReadingService        : Inserting record: 4249
2025-05-15T14:49:54.789+01:00 DEBUG 4145 --- [monitoringmicroservice] [ForkJoinPool.commonPool-worker-1] org.hibernate.SQL                        : insert into river_water_quality_records (alkmgl,bodmgl,conduscm,cusol1mgl,cusol2ugl,fesol1ugl,no2nmgl,object_id,phph,timestamp,znsolugl,id) values (?,?,?,?,?,?,?,?,?,?,?,?)
2025-05-15T14:50:24.795+01:00  INFO 4145 --- [monitoringmicroservice] [ForkJoinPool.commonPool-worker-1] c.a.m.service.WaterReadingService        : Inserting record: 4250
2025-05-15T14:50:24.798+01:00 DEBUG 4145 --- [monitoringmicroservice] [ForkJoinPool.commonPool-worker-1] org.hibernate.SQL                        : insert into river_water_quality_records (alkmgl,bodmgl,conduscm,cusol1mgl,cusol2ugl,fesol1ugl,no2nmgl,object_id,phph,timestamp,znsolugl,id) values (?,?,?,?,?,?,?,?,?,?,?,?)
2025-05-15T14:50:54.190+01:00  INFO 4145 --- [monitoringmicroservice] [SpringApplicationShutdownHook] o.s.b.w.e.tomcat.GracefulShutdown        : Commencing graceful shutdown. Waiting for active requests to complete
2025-05-15T14:50:54.192+01:00  INFO 4149 --- [waterqualitymicroservice] [SpringApplicationShutdownHook] o.s.b.w.e.tomcat.GracefulShutdown        : Commencing graceful shutdown. Waiting for active requests to complete
2025-05-15T14:50:54.195+01:00  INFO 4145 --- [monitoringmicroservice] [tomcat-shutdown] o.s.b.w.e.tomcat.GracefulShutdown        : Graceful shutdown complete
2025-05-15T14:50:54.198+01:00  INFO 4145 --- [monitoringmicroservice] [SpringApplicationShutdownHook] j.LocalContainerEntityManagerFactoryBean : Closing JPA EntityManagerFactory for persistence unit 'default'
2025-05-15T14:50:54.198+01:00  INFO 4149 --- [waterqualitymicroservice] [tomcat-shutdown] o.s.b.w.e.tomcat.GracefulShutdown        : Graceful shutdown complete
2025-05-15T14:50:54.199+01:00  INFO 4145 --- [monitoringmicroservice] [SpringApplicationShutdownHook] com.zaxxer.hikari.HikariDataSource       : HikariPool-1 - Shutdown initiated...
2025-05-15T14:50:54.201+01:00  INFO 4145 --- [monitoringmicroservice] [SpringApplicationShutdownHook] com.zaxxer.hikari.HikariDataSource       : HikariPool-1 - Shutdown completed.
2025-05-15T14:54:55.776+01:00  INFO 6513 --- [waterqualitymicroservice] [main] .a.w.WaterqualitymicroserviceApplication : Starting WaterqualitymicroserviceApplication using Java 23.0.2 with PID 6513 (/Users/ridhamsaini/Documents/GitHub/KF7014_AP_GROUP_COMPONENT/prathamesh_services/waterqualitymicroservice/target/classes started by ridhamsaini in /Users/ridhamsaini/Documents/GitHub/KF7014_AP_GROUP_COMPONENT/prathamesh_services)
2025-05-15T14:54:55.777+01:00  INFO 6513 --- [waterqualitymicroservice] [main] .a.w.WaterqualitymicroserviceApplication : No active profile set, falling back to 1 default profile: "default"
2025-05-15T14:54:56.211+01:00  INFO 6513 --- [waterqualitymicroservice] [main] o.s.b.w.embedded.tomcat.TomcatWebServer  : Tomcat initialized with port 8083 (http)
2025-05-15T14:54:56.216+01:00  INFO 6513 --- [waterqualitymicroservice] [main] o.apache.catalina.core.StandardService   : Starting service [Tomcat]
2025-05-15T14:54:56.217+01:00  INFO 6513 --- [waterqualitymicroservice] [main] o.apache.catalina.core.StandardEngine    : Starting Servlet engine: [Apache Tomcat/10.1.36]
2025-05-15T14:54:56.237+01:00  INFO 6513 --- [waterqualitymicroservice] [main] o.a.c.c.C.[Tomcat].[localhost].[/]       : Initializing Spring embedded WebApplicationContext
2025-05-15T14:54:56.237+01:00  INFO 6513 --- [waterqualitymicroservice] [main] w.s.c.ServletWebServerApplicationContext : Root WebApplicationContext: initialization completed in 437 ms
2025-05-15T14:54:56.326+01:00  INFO 6513 --- [waterqualitymicroservice] [main] o.s.v.b.OptionalValidatorFactoryBean     : Failed to set up a Bean Validation provider: jakarta.validation.NoProviderFoundException: Unable to create a Configuration, because no Jakarta Bean Validation provider could be found. Add a provider like Hibernate Validator (RI) to your classpath.
2025-05-15T14:54:56.558+01:00  INFO 6513 --- [waterqualitymicroservice] [main] o.s.b.w.embedded.tomcat.TomcatWebServer  : Tomcat started on port 8083 (http) with context path '/'
2025-05-15T14:54:56.563+01:00  INFO 6513 --- [waterqualitymicroservice] [main] .a.w.WaterqualitymicroserviceApplication : Started WaterqualitymicroserviceApplication in 0.951 seconds (process running for 1.223)
2025-05-15T14:54:57.141+01:00  INFO 6526 --- [waterqualitymicroservice] [main] .a.w.WaterqualitymicroserviceApplication : Starting WaterqualitymicroserviceApplication using Java 23.0.2 with PID 6526 (/Users/ridhamsaini/Documents/GitHub/KF7014_AP_GROUP_COMPONENT/prathamesh_services/waterqualitymicroservice/target/classes started by ridhamsaini in /Users/ridhamsaini/Documents/GitHub/KF7014_AP_GROUP_COMPONENT/prathamesh_services)
2025-05-15T14:54:57.142+01:00  INFO 6526 --- [waterqualitymicroservice] [main] .a.w.WaterqualitymicroserviceApplication : No active profile set, falling back to 1 default profile: "default"
2025-05-15T14:54:57.582+01:00  INFO 6526 --- [waterqualitymicroservice] [main] o.s.b.w.embedded.tomcat.TomcatWebServer  : Tomcat initialized with port 8083 (http)
2025-05-15T14:54:57.588+01:00  INFO 6526 --- [waterqualitymicroservice] [main] o.apache.catalina.core.StandardService   : Starting service [Tomcat]
2025-05-15T14:54:57.588+01:00  INFO 6526 --- [waterqualitymicroservice] [main] o.apache.catalina.core.StandardEngine    : Starting Servlet engine: [Apache Tomcat/10.1.36]
2025-05-15T14:54:57.610+01:00  INFO 6526 --- [waterqualitymicroservice] [main] o.a.c.c.C.[Tomcat].[localhost].[/]       : Initializing Spring embedded WebApplicationContext
2025-05-15T14:54:57.611+01:00  INFO 6526 --- [waterqualitymicroservice] [main] w.s.c.ServletWebServerApplicationContext : Root WebApplicationContext: initialization completed in 447 ms
2025-05-15T14:54:57.711+01:00  INFO 6526 --- [waterqualitymicroservice] [main] o.s.v.b.OptionalValidatorFactoryBean     : Failed to set up a Bean Validation provider: jakarta.validation.NoProviderFoundException: Unable to create a Configuration, because no Jakarta Bean Validation provider could be found. Add a provider like Hibernate Validator (RI) to your classpath.
2025-05-15T14:54:57.972+01:00  WARN 6526 --- [waterqualitymicroservice] [main] ConfigServletWebServerApplicationContext : Exception encountered during context initialization - cancelling refresh attempt: org.springframework.context.ApplicationContextException: Failed to start bean 'webServerStartStop'
2025-05-15T14:54:57.979+01:00  INFO 6526 --- [waterqualitymicroservice] [main] .s.b.a.l.ConditionEvaluationReportLogger : 

Error starting ApplicationContext. To display the condition evaluation report re-run your application with 'debug' enabled.
2025-05-15T14:54:57.984+01:00 ERROR 6526 --- [waterqualitymicroservice] [main] o.s.b.d.LoggingFailureAnalysisReporter   : 

***************************
APPLICATION FAILED TO START
***************************

Description:

Web server failed to start. Port 8083 was already in use.

Action:

Identify and stop the process that's listening on port 8083 or configure this application to listen on another port.

2025-05-15T14:54:58.523+01:00  INFO 6535 --- [monitoringmicroservice] [main] c.a.m.MonitoringmicroserviceApplication  : Starting MonitoringmicroserviceApplication using Java 23.0.2 with PID 6535 (/Users/ridhamsaini/Documents/GitHub/KF7014_AP_GROUP_COMPONENT/prathamesh_services/monitoringmicroservice/target/classes started by ridhamsaini in /Users/ridhamsaini/Documents/GitHub/KF7014_AP_GROUP_COMPONENT/prathamesh_services)
2025-05-15T14:54:58.524+01:00 DEBUG 6535 --- [monitoringmicroservice] [main] c.a.m.MonitoringmicroserviceApplication  : Running with Spring Boot v3.4.3, Spring v6.2.3
2025-05-15T14:54:58.524+01:00  INFO 6535 --- [monitoringmicroservice] [main] c.a.m.MonitoringmicroserviceApplication  : No active profile set, falling back to 1 default profile: "default"
2025-05-15T14:54:58.913+01:00  INFO 6535 --- [monitoringmicroservice] [main] .s.d.r.c.RepositoryConfigurationDelegate : Bootstrapping Spring Data JPA repositories in DEFAULT mode.
2025-05-15T14:54:58.935+01:00  INFO 6535 --- [monitoringmicroservice] [main] .s.d.r.c.RepositoryConfigurationDelegate : Finished Spring Data repository scanning in 19 ms. Found 1 JPA repository interface.
2025-05-15T14:54:59.175+01:00  INFO 6535 --- [monitoringmicroservice] [main] o.s.b.w.embedded.tomcat.TomcatWebServer  : Tomcat initialized with port 8082 (http)
2025-05-15T14:54:59.181+01:00  INFO 6535 --- [monitoringmicroservice] [main] o.apache.catalina.core.StandardService   : Starting service [Tomcat]
2025-05-15T14:54:59.181+01:00  INFO 6535 --- [monitoringmicroservice] [main] o.apache.catalina.core.StandardEngine    : Starting Servlet engine: [Apache Tomcat/10.1.36]
2025-05-15T14:54:59.204+01:00  INFO 6535 --- [monitoringmicroservice] [main] o.a.c.c.C.[Tomcat].[localhost].[/]       : Initializing Spring embedded WebApplicationContext
2025-05-15T14:54:59.205+01:00  INFO 6535 --- [monitoringmicroservice] [main] w.s.c.ServletWebServerApplicationContext : Root WebApplicationContext: initialization completed in 656 ms
2025-05-15T14:54:59.259+01:00  INFO 6537 --- [monitoringmicroservice] [main] c.a.m.MonitoringmicroserviceApplication  : Starting MonitoringmicroserviceApplication using Java 23.0.2 with PID 6537 (/Users/ridhamsaini/Documents/GitHub/KF7014_AP_GROUP_COMPONENT/prathamesh_services/monitoringmicroservice/target/classes started by ridhamsaini in /Users/ridhamsaini/Documents/GitHub/KF7014_AP_GROUP_COMPONENT/prathamesh_services)
2025-05-15T14:54:59.261+01:00 DEBUG 6537 --- [monitoringmicroservice] [main] c.a.m.MonitoringmicroserviceApplication  : Running with Spring Boot v3.4.3, Spring v6.2.3
2025-05-15T14:54:59.262+01:00  INFO 6537 --- [monitoringmicroservice] [main] c.a.m.MonitoringmicroserviceApplication  : No active profile set, falling back to 1 default profile: "default"
2025-05-15T14:54:59.271+01:00  INFO 6535 --- [monitoringmicroservice] [main] o.hibernate.jpa.internal.util.LogHelper  : HHH000204: Processing PersistenceUnitInfo [name: default]
2025-05-15T14:54:59.288+01:00  INFO 6535 --- [monitoringmicroservice] [main] org.hibernate.Version                    : HHH000412: Hibernate ORM core version 6.6.8.Final
2025-05-15T14:54:59.298+01:00  INFO 6535 --- [monitoringmicroservice] [main] o.h.c.internal.RegionFactoryInitiator    : HHH000026: Second-level cache disabled
2025-05-15T14:54:59.392+01:00  INFO 6535 --- [monitoringmicroservice] [main] o.s.o.j.p.SpringPersistenceUnitInfo      : No LoadTimeWeaver setup: ignoring JPA class transformer
2025-05-15T14:54:59.402+01:00  WARN 6535 --- [monitoringmicroservice] [main] com.zaxxer.hikari.HikariConfig           : HikariPool-1 - idleTimeout has been set but has no effect because the pool is operating as a fixed size pool.
2025-05-15T14:54:59.402+01:00  INFO 6535 --- [monitoringmicroservice] [main] com.zaxxer.hikari.HikariDataSource       : HikariPool-1 - Starting...
2025-05-15T14:54:59.524+01:00  INFO 6537 --- [monitoringmicroservice] [main] .s.d.r.c.RepositoryConfigurationDelegate : Bootstrapping Spring Data JPA repositories in DEFAULT mode.
2025-05-15T14:54:59.540+01:00  INFO 6537 --- [monitoringmicroservice] [main] .s.d.r.c.RepositoryConfigurationDelegate : Finished Spring Data repository scanning in 13 ms. Found 1 JPA repository interface.
2025-05-15T14:54:59.576+01:00  INFO 6535 --- [monitoringmicroservice] [main] com.zaxxer.hikari.pool.HikariPool        : HikariPool-1 - Added connection org.sqlite.jdbc4.JDBC4Connection@38a38ed4
2025-05-15T14:54:59.577+01:00  INFO 6535 --- [monitoringmicroservice] [main] com.zaxxer.hikari.HikariDataSource       : HikariPool-1 - Start completed.
2025-05-15T14:54:59.591+01:00  INFO 6535 --- [monitoringmicroservice] [main] org.hibernate.orm.connections.pooling    : HHH10001005: Database info:
	Database JDBC URL [Connecting through datasource 'HikariDataSource (HikariPool-1)']
	Database driver: undefined/unknown
	Database version: 3.47.2
	Autocommit mode: undefined/unknown
	Isolation level: undefined/unknown
	Minimum pool size: undefined/unknown
	Maximum pool size: undefined/unknown
2025-05-15T14:54:59.699+01:00  INFO 6537 --- [monitoringmicroservice] [main] o.s.b.w.embedded.tomcat.TomcatWebServer  : Tomcat initialized with port 8082 (http)
2025-05-15T14:54:59.703+01:00  INFO 6537 --- [monitoringmicroservice] [main] o.apache.catalina.core.StandardService   : Starting service [Tomcat]
2025-05-15T14:54:59.703+01:00  INFO 6537 --- [monitoringmicroservice] [main] o.apache.catalina.core.StandardEngine    : Starting Servlet engine: [Apache Tomcat/10.1.36]
2025-05-15T14:54:59.718+01:00  INFO 6537 --- [monitoringmicroservice] [main] o.a.c.c.C.[Tomcat].[localhost].[/]       : Initializing Spring embedded WebApplicationContext
2025-05-15T14:54:59.719+01:00  INFO 6537 --- [monitoringmicroservice] [main] w.s.c.ServletWebServerApplicationContext : Root WebApplicationContext: initialization completed in 435 ms
2025-05-15T14:54:59.780+01:00  INFO 6537 --- [monitoringmicroservice] [main] o.hibernate.jpa.internal.util.LogHelper  : HHH000204: Processing PersistenceUnitInfo [name: default]
2025-05-15T14:54:59.797+01:00  INFO 6537 --- [monitoringmicroservice] [main] org.hibernate.Version                    : HHH000412: Hibernate ORM core version 6.6.8.Final
2025-05-15T14:54:59.806+01:00  INFO 6537 --- [monitoringmicroservice] [main] o.h.c.internal.RegionFactoryInitiator    : HHH000026: Second-level cache disabled
2025-05-15T14:54:59.849+01:00  INFO 6535 --- [monitoringmicroservice] [main] o.h.e.t.j.p.i.JtaPlatformInitiator       : HHH000489: No JTA platform available (set 'hibernate.transaction.jta.platform' to enable JTA platform integration)
2025-05-15T14:54:59.861+01:00  INFO 6535 --- [monitoringmicroservice] [main] j.LocalContainerEntityManagerFactoryBean : Initialized JPA EntityManagerFactory for persistence unit 'default'
2025-05-15T14:54:59.890+01:00  INFO 6537 --- [monitoringmicroservice] [main] o.s.o.j.p.SpringPersistenceUnitInfo      : No LoadTimeWeaver setup: ignoring JPA class transformer
2025-05-15T14:54:59.899+01:00  WARN 6537 --- [monitoringmicroservice] [main] com.zaxxer.hikari.HikariConfig           : HikariPool-1 - idleTimeout has been set but has no effect because the pool is operating as a fixed size pool.
2025-05-15T14:54:59.900+01:00  INFO 6537 --- [monitoringmicroservice] [main] com.zaxxer.hikari.HikariDataSource       : HikariPool-1 - Starting...
2025-05-15T14:54:59.964+01:00  INFO 6535 --- [monitoringmicroservice] [main] c.a.m.service.WaterReadingService        : Starting CSV file processing...
2025-05-15T14:54:59.965+01:00  INFO 6535 --- [monitoringmicroservice] [ForkJoinPool.commonPool-worker-1] c.a.m.service.WaterReadingService        : Processing file: data/River_Water_Quality_Monitoring.csv
2025-05-15T14:54:59.968+01:00  INFO 6535 --- [monitoringmicroservice] [ForkJoinPool.commonPool-worker-1] c.a.m.service.WaterReadingService        : Inserting record: 1115
2025-05-15T14:54:59.970+01:00  INFO 6535 --- [monitoringmicroservice] [ForkJoinPool.commonPool-worker-1] o.s.b.f.s.DefaultListableBeanFactory     : Creating singleton bean 'transactionManager' in thread "ForkJoinPool.commonPool-worker-1" while other thread holds singleton lock for other beans [waterReadingService, waterReadingController]
2025-05-15T14:54:59.971+01:00  INFO 6535 --- [monitoringmicroservice] [ForkJoinPool.commonPool-worker-1] o.s.b.f.s.DefaultListableBeanFactory     : Creating singleton bean 'platformTransactionManagerCustomizers' in thread "ForkJoinPool.commonPool-worker-1" while other thread holds singleton lock for other beans [waterReadingService, waterReadingController, transactionManager]
2025-05-15T14:54:59.971+01:00  INFO 6535 --- [monitoringmicroservice] [ForkJoinPool.commonPool-worker-1] o.s.b.f.s.DefaultListableBeanFactory     : Creating singleton bean 'org.springframework.boot.autoconfigure.transaction.TransactionManagerCustomizationAutoConfiguration' in thread "ForkJoinPool.commonPool-worker-1" while other thread holds singleton lock for other beans [waterReadingService, waterReadingController, transactionManager, platformTransactionManagerCustomizers]
2025-05-15T14:54:59.972+01:00  INFO 6535 --- [monitoringmicroservice] [ForkJoinPool.commonPool-worker-1] o.s.b.f.s.DefaultListableBeanFactory     : Creating singleton bean 'transactionExecutionListeners' in thread "ForkJoinPool.commonPool-worker-1" while other thread holds singleton lock for other beans [waterReadingService, waterReadingController, transactionManager, platformTransactionManagerCustomizers]
2025-05-15T14:54:59.972+01:00  INFO 6535 --- [monitoringmicroservice] [ForkJoinPool.commonPool-worker-1] o.s.b.f.s.DefaultListableBeanFactory     : Creating singleton bean 'spring.transaction-org.springframework.boot.autoconfigure.transaction.TransactionProperties' in thread "ForkJoinPool.commonPool-worker-1" while other thread holds singleton lock for other beans [waterReadingService, waterReadingController, transactionManager, platformTransactionManagerCustomizers]
2025-05-15T14:54:59.986+01:00 DEBUG 6535 --- [monitoringmicroservice] [ForkJoinPool.commonPool-worker-1] org.hibernate.SQL                        : insert into river_water_quality_records (alkmgl,bodmgl,conduscm,cusol1mgl,cusol2ugl,fesol1ugl,no2nmgl,object_id,phph,timestamp,znsolugl,id) values (?,?,?,?,?,?,?,?,?,?,?,?)
2025-05-15T14:55:00.016+01:00  WARN 6535 --- [monitoringmicroservice] [main] JpaBaseConfiguration$JpaWebConfiguration : spring.jpa.open-in-view is enabled by default. Therefore, database queries may be performed during view rendering. Explicitly configure spring.jpa.open-in-view to disable this warning
2025-05-15T14:55:00.037+01:00  INFO 6535 --- [monitoringmicroservice] [main] o.s.v.b.OptionalValidatorFactoryBean     : Failed to set up a Bean Validation provider: jakarta.validation.NoProviderFoundException: Unable to create a Configuration, because no Jakarta Bean Validation provider could be found. Add a provider like Hibernate Validator (RI) to your classpath.
2025-05-15T14:55:00.075+01:00  INFO 6537 --- [monitoringmicroservice] [main] com.zaxxer.hikari.pool.HikariPool        : HikariPool-1 - Added connection org.sqlite.jdbc4.JDBC4Connection@7b4b8199
2025-05-15T14:55:00.076+01:00  INFO 6537 --- [monitoringmicroservice] [main] com.zaxxer.hikari.HikariDataSource       : HikariPool-1 - Start completed.
2025-05-15T14:55:00.090+01:00  INFO 6537 --- [monitoringmicroservice] [main] org.hibernate.orm.connections.pooling    : HHH10001005: Database info:
	Database JDBC URL [Connecting through datasource 'HikariDataSource (HikariPool-1)']
	Database driver: undefined/unknown
	Database version: 3.47.2
	Autocommit mode: undefined/unknown
	Isolation level: undefined/unknown
	Minimum pool size: undefined/unknown
	Maximum pool size: undefined/unknown
2025-05-15T14:55:00.197+01:00  INFO 6535 --- [monitoringmicroservice] [main] o.s.b.w.embedded.tomcat.TomcatWebServer  : Tomcat started on port 8082 (http) with context path '/'
2025-05-15T14:55:00.202+01:00  INFO 6535 --- [monitoringmicroservice] [main] c.a.m.MonitoringmicroserviceApplication  : Started MonitoringmicroserviceApplication in 1.846 seconds (process running for 2.101)
2025-05-15T14:55:00.342+01:00  INFO 6537 --- [monitoringmicroservice] [main] o.h.e.t.j.p.i.JtaPlatformInitiator       : HHH000489: No JTA platform available (set 'hibernate.transaction.jta.platform' to enable JTA platform integration)
2025-05-15T14:55:00.354+01:00  INFO 6537 --- [monitoringmicroservice] [main] j.LocalContainerEntityManagerFactoryBean : Initialized JPA EntityManagerFactory for persistence unit 'default'
2025-05-15T14:55:00.455+01:00  INFO 6537 --- [monitoringmicroservice] [main] c.a.m.service.WaterReadingService        : Starting CSV file processing...
2025-05-15T14:55:00.456+01:00  INFO 6537 --- [monitoringmicroservice] [ForkJoinPool.commonPool-worker-1] c.a.m.service.WaterReadingService        : Processing file: data/River_Water_Quality_Monitoring.csv
2025-05-15T14:55:00.458+01:00  INFO 6537 --- [monitoringmicroservice] [ForkJoinPool.commonPool-worker-1] c.a.m.service.WaterReadingService        : Inserting record: 1115
2025-05-15T14:55:00.460+01:00  INFO 6537 --- [monitoringmicroservice] [ForkJoinPool.commonPool-worker-1] o.s.b.f.s.DefaultListableBeanFactory     : Creating singleton bean 'transactionManager' in thread "ForkJoinPool.commonPool-worker-1" while other thread holds singleton lock for other beans [waterReadingService, waterReadingController]
2025-05-15T14:55:00.462+01:00  INFO 6537 --- [monitoringmicroservice] [ForkJoinPool.commonPool-worker-1] o.s.b.f.s.DefaultListableBeanFactory     : Creating singleton bean 'platformTransactionManagerCustomizers' in thread "ForkJoinPool.commonPool-worker-1" while other thread holds singleton lock for other beans [waterReadingService, waterReadingController, transactionManager]
2025-05-15T14:55:00.462+01:00  INFO 6537 --- [monitoringmicroservice] [ForkJoinPool.commonPool-worker-1] o.s.b.f.s.DefaultListableBeanFactory     : Creating singleton bean 'org.springframework.boot.autoconfigure.transaction.TransactionManagerCustomizationAutoConfiguration' in thread "ForkJoinPool.commonPool-worker-1" while other thread holds singleton lock for other beans [waterReadingService, waterReadingController, transactionManager, platformTransactionManagerCustomizers]
2025-05-15T14:55:00.463+01:00  INFO 6537 --- [monitoringmicroservice] [ForkJoinPool.commonPool-worker-1] o.s.b.f.s.DefaultListableBeanFactory     : Creating singleton bean 'transactionExecutionListeners' in thread "ForkJoinPool.commonPool-worker-1" while other thread holds singleton lock for other beans [waterReadingService, waterReadingController, transactionManager, platformTransactionManagerCustomizers]
2025-05-15T14:55:00.463+01:00  INFO 6537 --- [monitoringmicroservice] [ForkJoinPool.commonPool-worker-1] o.s.b.f.s.DefaultListableBeanFactory     : Creating singleton bean 'spring.transaction-org.springframework.boot.autoconfigure.transaction.TransactionProperties' in thread "ForkJoinPool.commonPool-worker-1" while other thread holds singleton lock for other beans [waterReadingService, waterReadingController, transactionManager, platformTransactionManagerCustomizers]
2025-05-15T14:55:00.476+01:00 DEBUG 6537 --- [monitoringmicroservice] [ForkJoinPool.commonPool-worker-1] org.hibernate.SQL                        : insert into river_water_quality_records (alkmgl,bodmgl,conduscm,cusol1mgl,cusol2ugl,fesol1ugl,no2nmgl,object_id,phph,timestamp,znsolugl,id) values (?,?,?,?,?,?,?,?,?,?,?,?)
2025-05-15T14:55:00.501+01:00  WARN 6537 --- [monitoringmicroservice] [main] JpaBaseConfiguration$JpaWebConfiguration : spring.jpa.open-in-view is enabled by default. Therefore, database queries may be performed during view rendering. Explicitly configure spring.jpa.open-in-view to disable this warning
2025-05-15T14:55:00.519+01:00  INFO 6537 --- [monitoringmicroservice] [main] o.s.v.b.OptionalValidatorFactoryBean     : Failed to set up a Bean Validation provider: jakarta.validation.NoProviderFoundException: Unable to create a Configuration, because no Jakarta Bean Validation provider could be found. Add a provider like Hibernate Validator (RI) to your classpath.
2025-05-15T14:55:00.688+01:00  WARN 6537 --- [monitoringmicroservice] [main] ConfigServletWebServerApplicationContext : Exception encountered during context initialization - cancelling refresh attempt: org.springframework.context.ApplicationContextException: Failed to start bean 'webServerStartStop'
2025-05-15T14:55:00.688+01:00  INFO 6537 --- [monitoringmicroservice] [main] j.LocalContainerEntityManagerFactoryBean : Closing JPA EntityManagerFactory for persistence unit 'default'
2025-05-15T14:55:00.689+01:00  INFO 6537 --- [monitoringmicroservice] [main] com.zaxxer.hikari.HikariDataSource       : HikariPool-1 - Shutdown initiated...
2025-05-15T14:55:00.690+01:00  INFO 6537 --- [monitoringmicroservice] [main] com.zaxxer.hikari.HikariDataSource       : HikariPool-1 - Shutdown completed.
2025-05-15T14:55:00.695+01:00  INFO 6537 --- [monitoringmicroservice] [main] .s.b.a.l.ConditionEvaluationReportLogger : 

Error starting ApplicationContext. To display the condition evaluation report re-run your application with 'debug' enabled.
2025-05-15T14:55:00.699+01:00 ERROR 6537 --- [monitoringmicroservice] [main] o.s.b.d.LoggingFailureAnalysisReporter   : 

***************************
APPLICATION FAILED TO START
***************************

Description:

Web server failed to start. Port 8082 was already in use.

Action:

Identify and stop the process that's listening on port 8082 or configure this application to listen on another port.

2025-05-15T14:55:29.996+01:00  INFO 6535 --- [monitoringmicroservice] [ForkJoinPool.commonPool-worker-1] c.a.m.service.WaterReadingService        : Inserting record: 1147
2025-05-15T14:55:30.000+01:00 DEBUG 6535 --- [monitoringmicroservice] [ForkJoinPool.commonPool-worker-1] org.hibernate.SQL                        : insert into river_water_quality_records (alkmgl,bodmgl,conduscm,cusol1mgl,cusol2ugl,fesol1ugl,no2nmgl,object_id,phph,timestamp,znsolugl,id) values (?,?,?,?,?,?,?,?,?,?,?,?)
2025-05-15T14:56:00.011+01:00  INFO 6535 --- [monitoringmicroservice] [ForkJoinPool.commonPool-worker-1] c.a.m.service.WaterReadingService        : Inserting record: 1148
2025-05-15T14:56:00.015+01:00 DEBUG 6535 --- [monitoringmicroservice] [ForkJoinPool.commonPool-worker-1] org.hibernate.SQL                        : insert into river_water_quality_records (alkmgl,bodmgl,conduscm,cusol1mgl,cusol2ugl,fesol1ugl,no2nmgl,object_id,phph,timestamp,znsolugl,id) values (?,?,?,?,?,?,?,?,?,?,?,?)
2025-05-15T14:56:30.022+01:00  INFO 6535 --- [monitoringmicroservice] [ForkJoinPool.commonPool-worker-1] c.a.m.service.WaterReadingService        : Inserting record: 1523
2025-05-15T14:56:30.025+01:00 DEBUG 6535 --- [monitoringmicroservice] [ForkJoinPool.commonPool-worker-1] org.hibernate.SQL                        : insert into river_water_quality_records (alkmgl,bodmgl,conduscm,cusol1mgl,cusol2ugl,fesol1ugl,no2nmgl,object_id,phph,timestamp,znsolugl,id) values (?,?,?,?,?,?,?,?,?,?,?,?)
2025-05-15T14:57:00.034+01:00  INFO 6535 --- [monitoringmicroservice] [ForkJoinPool.commonPool-worker-1] c.a.m.service.WaterReadingService        : Inserting record: 1555
2025-05-15T14:57:00.038+01:00 DEBUG 6535 --- [monitoringmicroservice] [ForkJoinPool.commonPool-worker-1] org.hibernate.SQL                        : insert into river_water_quality_records (alkmgl,bodmgl,conduscm,cusol1mgl,cusol2ugl,fesol1ugl,no2nmgl,object_id,phph,timestamp,znsolugl,id) values (?,?,?,?,?,?,?,?,?,?,?,?)
2025-05-15T14:57:30.045+01:00  INFO 6535 --- [monitoringmicroservice] [ForkJoinPool.commonPool-worker-1] c.a.m.service.WaterReadingService        : Inserting record: 1556
2025-05-15T14:57:30.046+01:00 DEBUG 6535 --- [monitoringmicroservice] [ForkJoinPool.commonPool-worker-1] org.hibernate.SQL                        : insert into river_water_quality_records (alkmgl,bodmgl,conduscm,cusol1mgl,cusol2ugl,fesol1ugl,no2nmgl,object_id,phph,timestamp,znsolugl,id) values (?,?,?,?,?,?,?,?,?,?,?,?)
2025-05-15T14:58:00.054+01:00  INFO 6535 --- [monitoringmicroservice] [ForkJoinPool.commonPool-worker-1] c.a.m.service.WaterReadingService        : Inserting record: 1903
2025-05-15T14:58:00.058+01:00 DEBUG 6535 --- [monitoringmicroservice] [ForkJoinPool.commonPool-worker-1] org.hibernate.SQL                        : insert into river_water_quality_records (alkmgl,bodmgl,conduscm,cusol1mgl,cusol2ugl,fesol1ugl,no2nmgl,object_id,phph,timestamp,znsolugl,id) values (?,?,?,?,?,?,?,?,?,?,?,?)
2025-05-15T14:58:30.065+01:00  INFO 6535 --- [monitoringmicroservice] [ForkJoinPool.commonPool-worker-1] c.a.m.service.WaterReadingService        : Inserting record: 1904
2025-05-15T14:58:30.069+01:00 DEBUG 6535 --- [monitoringmicroservice] [ForkJoinPool.commonPool-worker-1] org.hibernate.SQL                        : insert into river_water_quality_records (alkmgl,bodmgl,conduscm,cusol1mgl,cusol2ugl,fesol1ugl,no2nmgl,object_id,phph,timestamp,znsolugl,id) values (?,?,?,?,?,?,?,?,?,?,?,?)
2025-05-15T14:59:00.074+01:00  INFO 6535 --- [monitoringmicroservice] [ForkJoinPool.commonPool-worker-1] c.a.m.service.WaterReadingService        : Inserting record: 1934
2025-05-15T14:59:00.076+01:00 DEBUG 6535 --- [monitoringmicroservice] [ForkJoinPool.commonPool-worker-1] org.hibernate.SQL                        : insert into river_water_quality_records (alkmgl,bodmgl,conduscm,cusol1mgl,cusol2ugl,fesol1ugl,no2nmgl,object_id,phph,timestamp,znsolugl,id) values (?,?,?,?,?,?,?,?,?,?,?,?)
2025-05-15T14:59:30.082+01:00  INFO 6535 --- [monitoringmicroservice] [ForkJoinPool.commonPool-worker-1] c.a.m.service.WaterReadingService        : Inserting record: 1935
2025-05-15T14:59:30.086+01:00 DEBUG 6535 --- [monitoringmicroservice] [ForkJoinPool.commonPool-worker-1] org.hibernate.SQL                        : insert into river_water_quality_records (alkmgl,bodmgl,conduscm,cusol1mgl,cusol2ugl,fesol1ugl,no2nmgl,object_id,phph,timestamp,znsolugl,id) values (?,?,?,?,?,?,?,?,?,?,?,?)
2025-05-15T15:00:00.093+01:00  INFO 6535 --- [monitoringmicroservice] [ForkJoinPool.commonPool-worker-1] c.a.m.service.WaterReadingService        : Inserting record: 2812
2025-05-15T15:00:00.097+01:00 DEBUG 6535 --- [monitoringmicroservice] [ForkJoinPool.commonPool-worker-1] org.hibernate.SQL                        : insert into river_water_quality_records (alkmgl,bodmgl,conduscm,cusol1mgl,cusol2ugl,fesol1ugl,no2nmgl,object_id,phph,timestamp,znsolugl,id) values (?,?,?,?,?,?,?,?,?,?,?,?)
2025-05-15T15:00:30.107+01:00  INFO 6535 --- [monitoringmicroservice] [ForkJoinPool.commonPool-worker-1] c.a.m.service.WaterReadingService        : Inserting record: 2813
2025-05-15T15:00:30.108+01:00 DEBUG 6535 --- [monitoringmicroservice] [ForkJoinPool.commonPool-worker-1] org.hibernate.SQL                        : insert into river_water_quality_records (alkmgl,bodmgl,conduscm,cusol1mgl,cusol2ugl,fesol1ugl,no2nmgl,object_id,phph,timestamp,znsolugl,id) values (?,?,?,?,?,?,?,?,?,?,?,?)
2025-05-15T15:01:00.117+01:00  INFO 6535 --- [monitoringmicroservice] [ForkJoinPool.commonPool-worker-1] c.a.m.service.WaterReadingService        : Inserting record: 2843
2025-05-15T15:01:00.120+01:00 DEBUG 6535 --- [monitoringmicroservice] [ForkJoinPool.commonPool-worker-1] org.hibernate.SQL                        : insert into river_water_quality_records (alkmgl,bodmgl,conduscm,cusol1mgl,cusol2ugl,fesol1ugl,no2nmgl,object_id,phph,timestamp,znsolugl,id) values (?,?,?,?,?,?,?,?,?,?,?,?)
2025-05-15T15:01:30.130+01:00  INFO 6535 --- [monitoringmicroservice] [ForkJoinPool.commonPool-worker-1] c.a.m.service.WaterReadingService        : Inserting record: 2844
2025-05-15T15:01:30.134+01:00 DEBUG 6535 --- [monitoringmicroservice] [ForkJoinPool.commonPool-worker-1] org.hibernate.SQL                        : insert into river_water_quality_records (alkmgl,bodmgl,conduscm,cusol1mgl,cusol2ugl,fesol1ugl,no2nmgl,object_id,phph,timestamp,znsolugl,id) values (?,?,?,?,?,?,?,?,?,?,?,?)
