2025-04-29T22:59:32.806+01:00  INFO 1976 --- [monitoringmicroservice] [main] c.a.m.MonitoringmicroserviceApplication  : Starting MonitoringmicroserviceApplication using Java 21.0.6 with PID 1976 (D:\Northumbria University\Advanced programming\Assessment\Adv_programming_assessment\monitoringmicroservice\monitoringmicroservice\target\classes started by pbeln in D:\Northumbria University\Advanced programming\Assessment\Adv_programming_assessment)
2025-04-29T22:59:32.808+01:00 DEBUG 1976 --- [monitoringmicroservice] [main] c.a.m.MonitoringmicroserviceApplication  : Running with Spring Boot v3.4.3, Spring v6.2.3
2025-04-29T22:59:32.809+01:00  INFO 1976 --- [monitoringmicroservice] [main] c.a.m.MonitoringmicroserviceApplication  : No active profile set, falling back to 1 default profile: "default"
2025-04-29T22:59:33.942+01:00  INFO 1976 --- [monitoringmicroservice] [main] .s.d.r.c.RepositoryConfigurationDelegate : Bootstrapping Spring Data JPA repositories in DEFAULT mode.
2025-04-29T22:59:34.002+01:00  INFO 1976 --- [monitoringmicroservice] [main] .s.d.r.c.RepositoryConfigurationDelegate : Finished Spring Data repository scanning in 51 ms. Found 1 JPA repository interface.
2025-04-29T22:59:34.871+01:00  INFO 1976 --- [monitoringmicroservice] [main] o.s.b.w.embedded.tomcat.TomcatWebServer  : Tomcat initialized with port 8081 (http)
2025-04-29T22:59:34.889+01:00  INFO 1976 --- [monitoringmicroservice] [main] o.apache.catalina.core.StandardService   : Starting service [Tomcat]
2025-04-29T22:59:34.890+01:00  INFO 1976 --- [monitoringmicroservice] [main] o.apache.catalina.core.StandardEngine    : Starting Servlet engine: [Apache Tomcat/10.1.36]
2025-04-29T22:59:34.958+01:00  INFO 1976 --- [monitoringmicroservice] [main] o.a.c.c.C.[Tomcat].[localhost].[/]       : Initializing Spring embedded WebApplicationContext
2025-04-29T22:59:34.958+01:00  INFO 1976 --- [monitoringmicroservice] [main] w.s.c.ServletWebServerApplicationContext : Root WebApplicationContext: initialization completed in 2087 ms
2025-04-29T22:59:35.166+01:00  INFO 1976 --- [monitoringmicroservice] [main] o.hibernate.jpa.internal.util.LogHelper  : HHH000204: Processing PersistenceUnitInfo [name: default]
2025-04-29T22:59:35.230+01:00  INFO 1976 --- [monitoringmicroservice] [main] org.hibernate.Version                    : HHH000412: Hibernate ORM core version 6.6.8.Final
2025-04-29T22:59:35.262+01:00  INFO 1976 --- [monitoringmicroservice] [main] o.h.c.internal.RegionFactoryInitiator    : HHH000026: Second-level cache disabled
2025-04-29T22:59:35.619+01:00  INFO 1976 --- [monitoringmicroservice] [main] o.s.o.j.p.SpringPersistenceUnitInfo      : No LoadTimeWeaver setup: ignoring JPA class transformer
2025-04-29T22:59:35.650+01:00  WARN 1976 --- [monitoringmicroservice] [main] com.zaxxer.hikari.HikariConfig           : HikariPool-1 - idleTimeout has been set but has no effect because the pool is operating as a fixed size pool.
2025-04-29T22:59:35.651+01:00  INFO 1976 --- [monitoringmicroservice] [main] com.zaxxer.hikari.HikariDataSource       : HikariPool-1 - Starting...
2025-04-29T22:59:35.792+01:00  INFO 1976 --- [monitoringmicroservice] [main] com.zaxxer.hikari.pool.HikariPool        : HikariPool-1 - Added connection org.sqlite.jdbc4.JDBC4Connection@3b4bd341
2025-04-29T22:59:35.795+01:00  INFO 1976 --- [monitoringmicroservice] [main] com.zaxxer.hikari.HikariDataSource       : HikariPool-1 - Start completed.
2025-04-29T22:59:35.856+01:00  INFO 1976 --- [monitoringmicroservice] [main] org.hibernate.orm.connections.pooling    : HHH10001005: Database info:
	Database JDBC URL [Connecting through datasource 'HikariDataSource (HikariPool-1)']
	Database driver: undefined/unknown
	Database version: 3.47.2
	Autocommit mode: undefined/unknown
	Isolation level: undefined/unknown
	Minimum pool size: undefined/unknown
	Maximum pool size: undefined/unknown
2025-04-29T22:59:36.575+01:00  INFO 1976 --- [monitoringmicroservice] [main] o.h.e.t.j.p.i.JtaPlatformInitiator       : HHH000489: No JTA platform available (set 'hibernate.transaction.jta.platform' to enable JTA platform integration)
2025-04-29T22:59:36.604+01:00 DEBUG 1976 --- [monitoringmicroservice] [main] org.hibernate.SQL                        : create table river_water_quality_records (id varchar(255) not null, alkmgl float, bodmgl float, conduscm float, cusol1mgl float, cusol2ugl float, fesol1ugl float, no2nmgl float, object_id integer, phph float, timestamp TEXT, znsolugl float, primary key (id))
2025-04-29T22:59:36.608+01:00  INFO 1976 --- [monitoringmicroservice] [main] j.LocalContainerEntityManagerFactoryBean : Initialized JPA EntityManagerFactory for persistence unit 'default'
2025-04-29T22:59:36.908+01:00  INFO 1976 --- [monitoringmicroservice] [main] c.a.m.service.WaterReadingService        : Starting CSV file processing...
2025-04-29T22:59:36.909+01:00  INFO 1976 --- [monitoringmicroservice] [ForkJoinPool.commonPool-worker-1] c.a.m.service.WaterReadingService        : Processing file: data/River_Water_Quality_Monitoring.csv
2025-04-29T22:59:36.921+01:00  INFO 1976 --- [monitoringmicroservice] [ForkJoinPool.commonPool-worker-1] c.a.m.service.WaterReadingService        : Inserting record: 1115
2025-04-29T22:59:36.937+01:00  INFO 1976 --- [monitoringmicroservice] [ForkJoinPool.commonPool-worker-1] o.s.b.f.s.DefaultListableBeanFactory     : Creating singleton bean 'transactionManager' in thread "ForkJoinPool.commonPool-worker-1" while other thread holds singleton lock for other beans [waterReadingService, waterReadingController]
2025-04-29T22:59:36.941+01:00  INFO 1976 --- [monitoringmicroservice] [ForkJoinPool.commonPool-worker-1] o.s.b.f.s.DefaultListableBeanFactory     : Creating singleton bean 'platformTransactionManagerCustomizers' in thread "ForkJoinPool.commonPool-worker-1" while other thread holds singleton lock for other beans [waterReadingService, waterReadingController, transactionManager]
2025-04-29T22:59:36.942+01:00  INFO 1976 --- [monitoringmicroservice] [ForkJoinPool.commonPool-worker-1] o.s.b.f.s.DefaultListableBeanFactory     : Creating singleton bean 'org.springframework.boot.autoconfigure.transaction.TransactionManagerCustomizationAutoConfiguration' in thread "ForkJoinPool.commonPool-worker-1" while other thread holds singleton lock for other beans [waterReadingService, waterReadingController, transactionManager, platformTransactionManagerCustomizers]
2025-04-29T22:59:36.944+01:00  INFO 1976 --- [monitoringmicroservice] [ForkJoinPool.commonPool-worker-1] o.s.b.f.s.DefaultListableBeanFactory     : Creating singleton bean 'transactionExecutionListeners' in thread "ForkJoinPool.commonPool-worker-1" while other thread holds singleton lock for other beans [waterReadingService, waterReadingController, transactionManager, platformTransactionManagerCustomizers]
2025-04-29T22:59:36.946+01:00  INFO 1976 --- [monitoringmicroservice] [ForkJoinPool.commonPool-worker-1] o.s.b.f.s.DefaultListableBeanFactory     : Creating singleton bean 'spring.transaction-org.springframework.boot.autoconfigure.transaction.TransactionProperties' in thread "ForkJoinPool.commonPool-worker-1" while other thread holds singleton lock for other beans [waterReadingService, waterReadingController, transactionManager, platformTransactionManagerCustomizers]
2025-04-29T22:59:37.041+01:00 DEBUG 1976 --- [monitoringmicroservice] [ForkJoinPool.commonPool-worker-1] org.hibernate.SQL                        : insert into river_water_quality_records (alkmgl,bodmgl,conduscm,cusol1mgl,cusol2ugl,fesol1ugl,no2nmgl,object_id,phph,timestamp,znsolugl,id) values (?,?,?,?,?,?,?,?,?,?,?,?)
2025-04-29T22:59:37.152+01:00  WARN 1976 --- [monitoringmicroservice] [main] JpaBaseConfiguration$JpaWebConfiguration : spring.jpa.open-in-view is enabled by default. Therefore, database queries may be performed during view rendering. Explicitly configure spring.jpa.open-in-view to disable this warning
2025-04-29T22:59:37.219+01:00  INFO 1976 --- [monitoringmicroservice] [main] o.s.v.b.OptionalValidatorFactoryBean     : Failed to set up a Bean Validation provider: jakarta.validation.NoProviderFoundException: Unable to create a Configuration, because no Jakarta Bean Validation provider could be found. Add a provider like Hibernate Validator (RI) to your classpath.
2025-04-29T22:59:37.762+01:00  INFO 1976 --- [monitoringmicroservice] [main] o.s.b.w.embedded.tomcat.TomcatWebServer  : Tomcat started on port 8081 (http) with context path '/'
2025-04-29T22:59:37.773+01:00  INFO 1976 --- [monitoringmicroservice] [main] c.a.m.MonitoringmicroserviceApplication  : Started MonitoringmicroserviceApplication in 5.499 seconds (process running for 5.903)
2025-04-29T22:59:47.979+01:00  INFO 24116 --- [waterqualitymicroservice] [main] .a.w.WaterqualitymicroserviceApplication : Starting WaterqualitymicroserviceApplication using Java 21.0.6 with PID 24116 (D:\Northumbria University\Advanced programming\Assessment\Adv_programming_assessment\waterqualitymicroservice\waterqualitymicroservice\target\classes started by pbeln in D:\Northumbria University\Advanced programming\Assessment\Adv_programming_assessment)
2025-04-29T22:59:47.982+01:00  INFO 24116 --- [waterqualitymicroservice] [main] .a.w.WaterqualitymicroserviceApplication : No active profile set, falling back to 1 default profile: "default"
2025-04-29T22:59:49.235+01:00  INFO 24116 --- [waterqualitymicroservice] [main] o.s.b.w.embedded.tomcat.TomcatWebServer  : Tomcat initialized with port 8082 (http)
2025-04-29T22:59:49.248+01:00  INFO 24116 --- [waterqualitymicroservice] [main] o.apache.catalina.core.StandardService   : Starting service [Tomcat]
2025-04-29T22:59:49.249+01:00  INFO 24116 --- [waterqualitymicroservice] [main] o.apache.catalina.core.StandardEngine    : Starting Servlet engine: [Apache Tomcat/10.1.36]
2025-04-29T22:59:49.305+01:00  INFO 24116 --- [waterqualitymicroservice] [main] o.a.c.c.C.[Tomcat].[localhost].[/]       : Initializing Spring embedded WebApplicationContext
2025-04-29T22:59:49.306+01:00  INFO 24116 --- [waterqualitymicroservice] [main] w.s.c.ServletWebServerApplicationContext : Root WebApplicationContext: initialization completed in 1266 ms
2025-04-29T22:59:49.586+01:00  INFO 24116 --- [waterqualitymicroservice] [main] o.s.v.b.OptionalValidatorFactoryBean     : Failed to set up a Bean Validation provider: jakarta.validation.NoProviderFoundException: Unable to create a Configuration, because no Jakarta Bean Validation provider could be found. Add a provider like Hibernate Validator (RI) to your classpath.
2025-04-29T22:59:50.378+01:00  INFO 24116 --- [waterqualitymicroservice] [main] o.s.b.w.embedded.tomcat.TomcatWebServer  : Tomcat started on port 8082 (http) with context path '/'
2025-04-29T22:59:50.388+01:00  INFO 24116 --- [waterqualitymicroservice] [main] .a.w.WaterqualitymicroserviceApplication : Started WaterqualitymicroserviceApplication in 2.945 seconds (process running for 3.344)
2025-04-29T23:00:07.078+01:00  INFO 1976 --- [monitoringmicroservice] [ForkJoinPool.commonPool-worker-1] c.a.m.service.WaterReadingService        : Inserting record: 1147
2025-04-29T23:00:07.081+01:00 DEBUG 1976 --- [monitoringmicroservice] [ForkJoinPool.commonPool-worker-1] org.hibernate.SQL                        : insert into river_water_quality_records (alkmgl,bodmgl,conduscm,cusol1mgl,cusol2ugl,fesol1ugl,no2nmgl,object_id,phph,timestamp,znsolugl,id) values (?,?,?,?,?,?,?,?,?,?,?,?)
2025-04-29T23:00:08.343+01:00  INFO 1976 --- [monitoringmicroservice] [http-nio-8081-exec-2] o.a.c.c.C.[Tomcat].[localhost].[/]       : Initializing Spring DispatcherServlet 'dispatcherServlet'
2025-04-29T23:00:08.343+01:00  INFO 1976 --- [monitoringmicroservice] [http-nio-8081-exec-2] o.s.web.servlet.DispatcherServlet        : Initializing Servlet 'dispatcherServlet'
2025-04-29T23:00:08.343+01:00  INFO 1976 --- [monitoringmicroservice] [http-nio-8081-exec-2] o.s.web.servlet.DispatcherServlet        : Completed initialization in 0 ms
2025-04-29T23:00:08.573+01:00 DEBUG 1976 --- [monitoringmicroservice] [http-nio-8081-exec-2] org.hibernate.SQL                        : select wr1_0.id,wr1_0.alkmgl,wr1_0.bodmgl,wr1_0.conduscm,wr1_0.cusol1mgl,wr1_0.cusol2ugl,wr1_0.fesol1ugl,wr1_0.no2nmgl,wr1_0.object_id,wr1_0.phph,wr1_0.timestamp,wr1_0.znsolugl from river_water_quality_records wr1_0
2025-04-29T23:00:29.007+01:00 DEBUG 1976 --- [monitoringmicroservice] [http-nio-8081-exec-7] org.hibernate.SQL                        : select wr1_0.id,wr1_0.alkmgl,wr1_0.bodmgl,wr1_0.conduscm,wr1_0.cusol1mgl,wr1_0.cusol2ugl,wr1_0.fesol1ugl,wr1_0.no2nmgl,wr1_0.object_id,wr1_0.phph,wr1_0.timestamp,wr1_0.znsolugl from river_water_quality_records wr1_0 order by wr1_0.timestamp desc limit ?
2025-04-29T23:00:37.088+01:00  INFO 1976 --- [monitoringmicroservice] [ForkJoinPool.commonPool-worker-1] c.a.m.service.WaterReadingService        : Inserting record: 1148
2025-04-29T23:00:37.091+01:00 DEBUG 1976 --- [monitoringmicroservice] [ForkJoinPool.commonPool-worker-1] org.hibernate.SQL                        : insert into river_water_quality_records (alkmgl,bodmgl,conduscm,cusol1mgl,cusol2ugl,fesol1ugl,no2nmgl,object_id,phph,timestamp,znsolugl,id) values (?,?,?,?,?,?,?,?,?,?,?,?)
2025-04-29T23:00:37.893+01:00  INFO 24116 --- [waterqualitymicroservice] [http-nio-8082-exec-1] o.a.c.c.C.[Tomcat].[localhost].[/]       : Initializing Spring DispatcherServlet 'dispatcherServlet'
2025-04-29T23:00:37.893+01:00  INFO 24116 --- [waterqualitymicroservice] [http-nio-8082-exec-1] o.s.web.servlet.DispatcherServlet        : Initializing Servlet 'dispatcherServlet'
2025-04-29T23:00:37.899+01:00  INFO 24116 --- [waterqualitymicroservice] [http-nio-8082-exec-1] o.s.web.servlet.DispatcherServlet        : Completed initialization in 0 ms
2025-04-29T23:00:37.956+01:00  INFO 24116 --- [waterqualitymicroservice] [http-nio-8082-exec-1] c.a.w.service.WaterQualityService        : Fetching latest water quality data from monitoring service...
2025-04-29T23:00:38.073+01:00 DEBUG 1976 --- [monitoringmicroservice] [http-nio-8081-exec-4] org.hibernate.SQL                        : select wr1_0.id,wr1_0.alkmgl,wr1_0.bodmgl,wr1_0.conduscm,wr1_0.cusol1mgl,wr1_0.cusol2ugl,wr1_0.fesol1ugl,wr1_0.no2nmgl,wr1_0.object_id,wr1_0.phph,wr1_0.timestamp,wr1_0.znsolugl from river_water_quality_records wr1_0 order by wr1_0.timestamp desc limit ?
2025-04-29T23:00:38.142+01:00  INFO 24116 --- [waterqualitymicroservice] [http-nio-8082-exec-1] c.a.w.service.WaterQualityService        : Successfully processed water quality data.
2025-04-29T23:00:46.371+01:00 DEBUG 1976 --- [monitoringmicroservice] [http-nio-8081-exec-3] org.hibernate.SQL                        : select wr1_0.id,wr1_0.alkmgl,wr1_0.bodmgl,wr1_0.conduscm,wr1_0.cusol1mgl,wr1_0.cusol2ugl,wr1_0.fesol1ugl,wr1_0.no2nmgl,wr1_0.object_id,wr1_0.phph,wr1_0.timestamp,wr1_0.znsolugl from river_water_quality_records wr1_0
2025-04-29T23:01:07.120+01:00  INFO 1976 --- [monitoringmicroservice] [ForkJoinPool.commonPool-worker-1] c.a.m.service.WaterReadingService        : Inserting record: 1523
2025-04-29T23:01:07.120+01:00 DEBUG 1976 --- [monitoringmicroservice] [ForkJoinPool.commonPool-worker-1] org.hibernate.SQL                        : insert into river_water_quality_records (alkmgl,bodmgl,conduscm,cusol1mgl,cusol2ugl,fesol1ugl,no2nmgl,object_id,phph,timestamp,znsolugl,id) values (?,?,?,?,?,?,?,?,?,?,?,?)
2025-04-29T23:01:37.130+01:00  INFO 1976 --- [monitoringmicroservice] [ForkJoinPool.commonPool-worker-1] c.a.m.service.WaterReadingService        : Inserting record: 1555
2025-04-29T23:01:37.135+01:00 DEBUG 1976 --- [monitoringmicroservice] [ForkJoinPool.commonPool-worker-1] org.hibernate.SQL                        : insert into river_water_quality_records (alkmgl,bodmgl,conduscm,cusol1mgl,cusol2ugl,fesol1ugl,no2nmgl,object_id,phph,timestamp,znsolugl,id) values (?,?,?,?,?,?,?,?,?,?,?,?)
2025-04-29T23:02:07.150+01:00  INFO 1976 --- [monitoringmicroservice] [ForkJoinPool.commonPool-worker-1] c.a.m.service.WaterReadingService        : Inserting record: 1556
2025-04-29T23:02:07.150+01:00 DEBUG 1976 --- [monitoringmicroservice] [ForkJoinPool.commonPool-worker-1] org.hibernate.SQL                        : insert into river_water_quality_records (alkmgl,bodmgl,conduscm,cusol1mgl,cusol2ugl,fesol1ugl,no2nmgl,object_id,phph,timestamp,znsolugl,id) values (?,?,?,?,?,?,?,?,?,?,?,?)
2025-04-29T23:02:37.176+01:00  INFO 1976 --- [monitoringmicroservice] [ForkJoinPool.commonPool-worker-1] c.a.m.service.WaterReadingService        : Inserting record: 1903
2025-04-29T23:02:37.179+01:00 DEBUG 1976 --- [monitoringmicroservice] [ForkJoinPool.commonPool-worker-1] org.hibernate.SQL                        : insert into river_water_quality_records (alkmgl,bodmgl,conduscm,cusol1mgl,cusol2ugl,fesol1ugl,no2nmgl,object_id,phph,timestamp,znsolugl,id) values (?,?,?,?,?,?,?,?,?,?,?,?)
2025-04-29T23:03:07.200+01:00  INFO 1976 --- [monitoringmicroservice] [ForkJoinPool.commonPool-worker-1] c.a.m.service.WaterReadingService        : Inserting record: 1904
2025-04-29T23:03:07.205+01:00 DEBUG 1976 --- [monitoringmicroservice] [ForkJoinPool.commonPool-worker-1] org.hibernate.SQL                        : insert into river_water_quality_records (alkmgl,bodmgl,conduscm,cusol1mgl,cusol2ugl,fesol1ugl,no2nmgl,object_id,phph,timestamp,znsolugl,id) values (?,?,?,?,?,?,?,?,?,?,?,?)
2025-04-29T23:03:37.220+01:00  INFO 1976 --- [monitoringmicroservice] [ForkJoinPool.commonPool-worker-1] c.a.m.service.WaterReadingService        : Inserting record: 1934
2025-04-29T23:03:37.227+01:00 DEBUG 1976 --- [monitoringmicroservice] [ForkJoinPool.commonPool-worker-1] org.hibernate.SQL                        : insert into river_water_quality_records (alkmgl,bodmgl,conduscm,cusol1mgl,cusol2ugl,fesol1ugl,no2nmgl,object_id,phph,timestamp,znsolugl,id) values (?,?,?,?,?,?,?,?,?,?,?,?)
2025-04-29T23:04:07.235+01:00  INFO 1976 --- [monitoringmicroservice] [ForkJoinPool.commonPool-worker-1] c.a.m.service.WaterReadingService        : Inserting record: 1935
2025-04-29T23:04:07.237+01:00 DEBUG 1976 --- [monitoringmicroservice] [ForkJoinPool.commonPool-worker-1] org.hibernate.SQL                        : insert into river_water_quality_records (alkmgl,bodmgl,conduscm,cusol1mgl,cusol2ugl,fesol1ugl,no2nmgl,object_id,phph,timestamp,znsolugl,id) values (?,?,?,?,?,?,?,?,?,?,?,?)
2025-04-29T23:04:37.248+01:00  INFO 1976 --- [monitoringmicroservice] [ForkJoinPool.commonPool-worker-1] c.a.m.service.WaterReadingService        : Inserting record: 2812
2025-04-29T23:04:37.252+01:00 DEBUG 1976 --- [monitoringmicroservice] [ForkJoinPool.commonPool-worker-1] org.hibernate.SQL                        : insert into river_water_quality_records (alkmgl,bodmgl,conduscm,cusol1mgl,cusol2ugl,fesol1ugl,no2nmgl,object_id,phph,timestamp,znsolugl,id) values (?,?,?,?,?,?,?,?,?,?,?,?)
2025-04-29T23:05:07.271+01:00  INFO 1976 --- [monitoringmicroservice] [ForkJoinPool.commonPool-worker-1] c.a.m.service.WaterReadingService        : Inserting record: 2813
2025-04-29T23:05:07.274+01:00 DEBUG 1976 --- [monitoringmicroservice] [ForkJoinPool.commonPool-worker-1] org.hibernate.SQL                        : insert into river_water_quality_records (alkmgl,bodmgl,conduscm,cusol1mgl,cusol2ugl,fesol1ugl,no2nmgl,object_id,phph,timestamp,znsolugl,id) values (?,?,?,?,?,?,?,?,?,?,?,?)
2025-04-29T23:05:37.289+01:00  INFO 1976 --- [monitoringmicroservice] [ForkJoinPool.commonPool-worker-1] c.a.m.service.WaterReadingService        : Inserting record: 2843
2025-04-29T23:05:37.291+01:00 DEBUG 1976 --- [monitoringmicroservice] [ForkJoinPool.commonPool-worker-1] org.hibernate.SQL                        : insert into river_water_quality_records (alkmgl,bodmgl,conduscm,cusol1mgl,cusol2ugl,fesol1ugl,no2nmgl,object_id,phph,timestamp,znsolugl,id) values (?,?,?,?,?,?,?,?,?,?,?,?)
2025-04-29T23:06:07.313+01:00  INFO 1976 --- [monitoringmicroservice] [ForkJoinPool.commonPool-worker-1] c.a.m.service.WaterReadingService        : Inserting record: 2844
2025-04-29T23:06:07.315+01:00 DEBUG 1976 --- [monitoringmicroservice] [ForkJoinPool.commonPool-worker-1] org.hibernate.SQL                        : insert into river_water_quality_records (alkmgl,bodmgl,conduscm,cusol1mgl,cusol2ugl,fesol1ugl,no2nmgl,object_id,phph,timestamp,znsolugl,id) values (?,?,?,?,?,?,?,?,?,?,?,?)
2025-04-29T23:06:37.330+01:00  INFO 1976 --- [monitoringmicroservice] [ForkJoinPool.commonPool-worker-1] c.a.m.service.WaterReadingService        : Inserting record: 3434
2025-04-29T23:06:37.333+01:00 DEBUG 1976 --- [monitoringmicroservice] [ForkJoinPool.commonPool-worker-1] org.hibernate.SQL                        : insert into river_water_quality_records (alkmgl,bodmgl,conduscm,cusol1mgl,cusol2ugl,fesol1ugl,no2nmgl,object_id,phph,timestamp,znsolugl,id) values (?,?,?,?,?,?,?,?,?,?,?,?)
2025-04-29T23:07:07.346+01:00  INFO 1976 --- [monitoringmicroservice] [ForkJoinPool.commonPool-worker-1] c.a.m.service.WaterReadingService        : Inserting record: 3435
2025-04-29T23:07:07.348+01:00 DEBUG 1976 --- [monitoringmicroservice] [ForkJoinPool.commonPool-worker-1] org.hibernate.SQL                        : insert into river_water_quality_records (alkmgl,bodmgl,conduscm,cusol1mgl,cusol2ugl,fesol1ugl,no2nmgl,object_id,phph,timestamp,znsolugl,id) values (?,?,?,?,?,?,?,?,?,?,?,?)
2025-04-29T23:07:37.358+01:00  INFO 1976 --- [monitoringmicroservice] [ForkJoinPool.commonPool-worker-1] c.a.m.service.WaterReadingService        : Inserting record: 3465
2025-04-29T23:07:37.364+01:00 DEBUG 1976 --- [monitoringmicroservice] [ForkJoinPool.commonPool-worker-1] org.hibernate.SQL                        : insert into river_water_quality_records (alkmgl,bodmgl,conduscm,cusol1mgl,cusol2ugl,fesol1ugl,no2nmgl,object_id,phph,timestamp,znsolugl,id) values (?,?,?,?,?,?,?,?,?,?,?,?)
2025-04-29T23:08:07.374+01:00  INFO 1976 --- [monitoringmicroservice] [ForkJoinPool.commonPool-worker-1] c.a.m.service.WaterReadingService        : Inserting record: 3466
2025-04-29T23:08:07.375+01:00 DEBUG 1976 --- [monitoringmicroservice] [ForkJoinPool.commonPool-worker-1] org.hibernate.SQL                        : insert into river_water_quality_records (alkmgl,bodmgl,conduscm,cusol1mgl,cusol2ugl,fesol1ugl,no2nmgl,object_id,phph,timestamp,znsolugl,id) values (?,?,?,?,?,?,?,?,?,?,?,?)
2025-04-29T23:08:37.390+01:00  INFO 1976 --- [monitoringmicroservice] [ForkJoinPool.commonPool-worker-1] c.a.m.service.WaterReadingService        : Inserting record: 4217
2025-04-29T23:08:37.393+01:00 DEBUG 1976 --- [monitoringmicroservice] [ForkJoinPool.commonPool-worker-1] org.hibernate.SQL                        : insert into river_water_quality_records (alkmgl,bodmgl,conduscm,cusol1mgl,cusol2ugl,fesol1ugl,no2nmgl,object_id,phph,timestamp,znsolugl,id) values (?,?,?,?,?,?,?,?,?,?,?,?)
2025-04-29T23:09:07.404+01:00  INFO 1976 --- [monitoringmicroservice] [ForkJoinPool.commonPool-worker-1] c.a.m.service.WaterReadingService        : Inserting record: 4218
2025-04-29T23:09:07.411+01:00 DEBUG 1976 --- [monitoringmicroservice] [ForkJoinPool.commonPool-worker-1] org.hibernate.SQL                        : insert into river_water_quality_records (alkmgl,bodmgl,conduscm,cusol1mgl,cusol2ugl,fesol1ugl,no2nmgl,object_id,phph,timestamp,znsolugl,id) values (?,?,?,?,?,?,?,?,?,?,?,?)
2025-04-29T23:09:37.429+01:00  INFO 1976 --- [monitoringmicroservice] [ForkJoinPool.commonPool-worker-1] c.a.m.service.WaterReadingService        : Inserting record: 4249
2025-04-29T23:09:37.432+01:00 DEBUG 1976 --- [monitoringmicroservice] [ForkJoinPool.commonPool-worker-1] org.hibernate.SQL                        : insert into river_water_quality_records (alkmgl,bodmgl,conduscm,cusol1mgl,cusol2ugl,fesol1ugl,no2nmgl,object_id,phph,timestamp,znsolugl,id) values (?,?,?,?,?,?,?,?,?,?,?,?)
2025-04-29T23:10:07.444+01:00  INFO 1976 --- [monitoringmicroservice] [ForkJoinPool.commonPool-worker-1] c.a.m.service.WaterReadingService        : Inserting record: 4250
2025-04-29T23:10:07.444+01:00 DEBUG 1976 --- [monitoringmicroservice] [ForkJoinPool.commonPool-worker-1] org.hibernate.SQL                        : insert into river_water_quality_records (alkmgl,bodmgl,conduscm,cusol1mgl,cusol2ugl,fesol1ugl,no2nmgl,object_id,phph,timestamp,znsolugl,id) values (?,?,?,?,?,?,?,?,?,?,?,?)
2025-04-29T23:10:37.454+01:00  INFO 1976 --- [monitoringmicroservice] [ForkJoinPool.commonPool-worker-1] c.a.m.service.WaterReadingService        : Inserting record: 4365
2025-04-29T23:10:37.456+01:00 DEBUG 1976 --- [monitoringmicroservice] [ForkJoinPool.commonPool-worker-1] org.hibernate.SQL                        : insert into river_water_quality_records (alkmgl,bodmgl,conduscm,cusol1mgl,cusol2ugl,fesol1ugl,no2nmgl,object_id,phph,timestamp,znsolugl,id) values (?,?,?,?,?,?,?,?,?,?,?,?)
2025-04-29T23:11:07.468+01:00  INFO 1976 --- [monitoringmicroservice] [ForkJoinPool.commonPool-worker-1] c.a.m.service.WaterReadingService        : Inserting record: 4391
2025-04-29T23:11:07.472+01:00 DEBUG 1976 --- [monitoringmicroservice] [ForkJoinPool.commonPool-worker-1] org.hibernate.SQL                        : insert into river_water_quality_records (alkmgl,bodmgl,conduscm,cusol1mgl,cusol2ugl,fesol1ugl,no2nmgl,object_id,phph,timestamp,znsolugl,id) values (?,?,?,?,?,?,?,?,?,?,?,?)
2025-04-29T23:11:37.491+01:00  INFO 1976 --- [monitoringmicroservice] [ForkJoinPool.commonPool-worker-1] c.a.m.service.WaterReadingService        : Inserting record: 4885
2025-04-29T23:11:37.491+01:00 DEBUG 1976 --- [monitoringmicroservice] [ForkJoinPool.commonPool-worker-1] org.hibernate.SQL                        : insert into river_water_quality_records (alkmgl,bodmgl,conduscm,cusol1mgl,cusol2ugl,fesol1ugl,no2nmgl,object_id,phph,timestamp,znsolugl,id) values (?,?,?,?,?,?,?,?,?,?,?,?)
2025-04-29T23:12:07.513+01:00  INFO 1976 --- [monitoringmicroservice] [ForkJoinPool.commonPool-worker-1] c.a.m.service.WaterReadingService        : Inserting record: 4911
2025-04-29T23:12:07.515+01:00 DEBUG 1976 --- [monitoringmicroservice] [ForkJoinPool.commonPool-worker-1] org.hibernate.SQL                        : insert into river_water_quality_records (alkmgl,bodmgl,conduscm,cusol1mgl,cusol2ugl,fesol1ugl,no2nmgl,object_id,phph,timestamp,znsolugl,id) values (?,?,?,?,?,?,?,?,?,?,?,?)
2025-04-29T23:12:37.536+01:00  INFO 1976 --- [monitoringmicroservice] [ForkJoinPool.commonPool-worker-1] c.a.m.service.WaterReadingService        : Inserting record: 5104
2025-04-29T23:12:37.539+01:00 DEBUG 1976 --- [monitoringmicroservice] [ForkJoinPool.commonPool-worker-1] org.hibernate.SQL                        : insert into river_water_quality_records (alkmgl,bodmgl,conduscm,cusol1mgl,cusol2ugl,fesol1ugl,no2nmgl,object_id,phph,timestamp,znsolugl,id) values (?,?,?,?,?,?,?,?,?,?,?,?)
2025-04-29T23:13:07.555+01:00  INFO 1976 --- [monitoringmicroservice] [ForkJoinPool.commonPool-worker-1] c.a.m.service.WaterReadingService        : Inserting record: 5105
2025-04-29T23:13:07.555+01:00 DEBUG 1976 --- [monitoringmicroservice] [ForkJoinPool.commonPool-worker-1] org.hibernate.SQL                        : insert into river_water_quality_records (alkmgl,bodmgl,conduscm,cusol1mgl,cusol2ugl,fesol1ugl,no2nmgl,object_id,phph,timestamp,znsolugl,id) values (?,?,?,?,?,?,?,?,?,?,?,?)
2025-04-29T23:13:37.567+01:00  INFO 1976 --- [monitoringmicroservice] [ForkJoinPool.commonPool-worker-1] c.a.m.service.WaterReadingService        : Inserting record: 5135
2025-04-29T23:13:37.567+01:00 DEBUG 1976 --- [monitoringmicroservice] [ForkJoinPool.commonPool-worker-1] org.hibernate.SQL                        : insert into river_water_quality_records (alkmgl,bodmgl,conduscm,cusol1mgl,cusol2ugl,fesol1ugl,no2nmgl,object_id,phph,timestamp,znsolugl,id) values (?,?,?,?,?,?,?,?,?,?,?,?)
2025-04-29T23:14:07.579+01:00  INFO 1976 --- [monitoringmicroservice] [ForkJoinPool.commonPool-worker-1] c.a.m.service.WaterReadingService        : Inserting record: 5136
2025-04-29T23:14:07.579+01:00 DEBUG 1976 --- [monitoringmicroservice] [ForkJoinPool.commonPool-worker-1] org.hibernate.SQL                        : insert into river_water_quality_records (alkmgl,bodmgl,conduscm,cusol1mgl,cusol2ugl,fesol1ugl,no2nmgl,object_id,phph,timestamp,znsolugl,id) values (?,?,?,?,?,?,?,?,?,?,?,?)
2025-04-29T23:14:37.594+01:00  INFO 1976 --- [monitoringmicroservice] [ForkJoinPool.commonPool-worker-1] c.a.m.service.WaterReadingService        : Inserting record: 5388
2025-04-29T23:14:37.594+01:00 DEBUG 1976 --- [monitoringmicroservice] [ForkJoinPool.commonPool-worker-1] org.hibernate.SQL                        : insert into river_water_quality_records (alkmgl,bodmgl,conduscm,cusol1mgl,cusol2ugl,fesol1ugl,no2nmgl,object_id,phph,timestamp,znsolugl,id) values (?,?,?,?,?,?,?,?,?,?,?,?)
2025-04-29T23:15:07.606+01:00  INFO 1976 --- [monitoringmicroservice] [ForkJoinPool.commonPool-worker-1] c.a.m.service.WaterReadingService        : Inserting record: 5389
2025-04-29T23:15:07.608+01:00 DEBUG 1976 --- [monitoringmicroservice] [ForkJoinPool.commonPool-worker-1] org.hibernate.SQL                        : insert into river_water_quality_records (alkmgl,bodmgl,conduscm,cusol1mgl,cusol2ugl,fesol1ugl,no2nmgl,object_id,phph,timestamp,znsolugl,id) values (?,?,?,?,?,?,?,?,?,?,?,?)
2025-04-29T23:15:37.615+01:00  INFO 1976 --- [monitoringmicroservice] [ForkJoinPool.commonPool-worker-1] c.a.m.service.WaterReadingService        : Inserting record: 5419
2025-04-29T23:15:37.617+01:00 DEBUG 1976 --- [monitoringmicroservice] [ForkJoinPool.commonPool-worker-1] org.hibernate.SQL                        : insert into river_water_quality_records (alkmgl,bodmgl,conduscm,cusol1mgl,cusol2ugl,fesol1ugl,no2nmgl,object_id,phph,timestamp,znsolugl,id) values (?,?,?,?,?,?,?,?,?,?,?,?)
2025-04-29T23:16:07.630+01:00  INFO 1976 --- [monitoringmicroservice] [ForkJoinPool.commonPool-worker-1] c.a.m.service.WaterReadingService        : Inserting record: 5420
2025-04-29T23:16:07.632+01:00 DEBUG 1976 --- [monitoringmicroservice] [ForkJoinPool.commonPool-worker-1] org.hibernate.SQL                        : insert into river_water_quality_records (alkmgl,bodmgl,conduscm,cusol1mgl,cusol2ugl,fesol1ugl,no2nmgl,object_id,phph,timestamp,znsolugl,id) values (?,?,?,?,?,?,?,?,?,?,?,?)
2025-04-29T23:16:37.645+01:00  INFO 1976 --- [monitoringmicroservice] [ForkJoinPool.commonPool-worker-1] c.a.m.service.WaterReadingService        : Inserting record: 5645
2025-04-29T23:16:37.647+01:00 DEBUG 1976 --- [monitoringmicroservice] [ForkJoinPool.commonPool-worker-1] org.hibernate.SQL                        : insert into river_water_quality_records (alkmgl,bodmgl,conduscm,cusol1mgl,cusol2ugl,fesol1ugl,no2nmgl,object_id,phph,timestamp,znsolugl,id) values (?,?,?,?,?,?,?,?,?,?,?,?)
2025-04-29T23:17:07.672+01:00  INFO 1976 --- [monitoringmicroservice] [ForkJoinPool.commonPool-worker-1] c.a.m.service.WaterReadingService        : Inserting record: 5671
2025-04-29T23:17:07.676+01:00 DEBUG 1976 --- [monitoringmicroservice] [ForkJoinPool.commonPool-worker-1] org.hibernate.SQL                        : insert into river_water_quality_records (alkmgl,bodmgl,conduscm,cusol1mgl,cusol2ugl,fesol1ugl,no2nmgl,object_id,phph,timestamp,znsolugl,id) values (?,?,?,?,?,?,?,?,?,?,?,?)
2025-04-29T23:17:37.690+01:00  INFO 1976 --- [monitoringmicroservice] [ForkJoinPool.commonPool-worker-1] c.a.m.service.WaterReadingService        : Inserting record: 6177
2025-04-29T23:17:37.694+01:00 DEBUG 1976 --- [monitoringmicroservice] [ForkJoinPool.commonPool-worker-1] org.hibernate.SQL                        : insert into river_water_quality_records (alkmgl,bodmgl,conduscm,cusol1mgl,cusol2ugl,fesol1ugl,no2nmgl,object_id,phph,timestamp,znsolugl,id) values (?,?,?,?,?,?,?,?,?,?,?,?)
2025-04-29T23:18:07.717+01:00  INFO 1976 --- [monitoringmicroservice] [ForkJoinPool.commonPool-worker-1] c.a.m.service.WaterReadingService        : Inserting record: 6203
2025-04-29T23:18:07.717+01:00 DEBUG 1976 --- [monitoringmicroservice] [ForkJoinPool.commonPool-worker-1] org.hibernate.SQL                        : insert into river_water_quality_records (alkmgl,bodmgl,conduscm,cusol1mgl,cusol2ugl,fesol1ugl,no2nmgl,object_id,phph,timestamp,znsolugl,id) values (?,?,?,?,?,?,?,?,?,?,?,?)
2025-04-29T23:18:37.743+01:00  INFO 1976 --- [monitoringmicroservice] [ForkJoinPool.commonPool-worker-1] c.a.m.service.WaterReadingService        : Inserting record: 6510
2025-04-29T23:18:37.745+01:00 DEBUG 1976 --- [monitoringmicroservice] [ForkJoinPool.commonPool-worker-1] org.hibernate.SQL                        : insert into river_water_quality_records (alkmgl,bodmgl,conduscm,cusol1mgl,cusol2ugl,fesol1ugl,no2nmgl,object_id,phph,timestamp,znsolugl,id) values (?,?,?,?,?,?,?,?,?,?,?,?)
2025-04-29T23:19:07.755+01:00  INFO 1976 --- [monitoringmicroservice] [ForkJoinPool.commonPool-worker-1] c.a.m.service.WaterReadingService        : Inserting record: 6536
2025-04-29T23:19:07.757+01:00 DEBUG 1976 --- [monitoringmicroservice] [ForkJoinPool.commonPool-worker-1] org.hibernate.SQL                        : insert into river_water_quality_records (alkmgl,bodmgl,conduscm,cusol1mgl,cusol2ugl,fesol1ugl,no2nmgl,object_id,phph,timestamp,znsolugl,id) values (?,?,?,?,?,?,?,?,?,?,?,?)
2025-04-29T23:19:37.773+01:00  INFO 1976 --- [monitoringmicroservice] [ForkJoinPool.commonPool-worker-1] c.a.m.service.WaterReadingService        : Inserting record: 6821
2025-04-29T23:19:37.775+01:00 DEBUG 1976 --- [monitoringmicroservice] [ForkJoinPool.commonPool-worker-1] org.hibernate.SQL                        : insert into river_water_quality_records (alkmgl,bodmgl,conduscm,cusol1mgl,cusol2ugl,fesol1ugl,no2nmgl,object_id,phph,timestamp,znsolugl,id) values (?,?,?,?,?,?,?,?,?,?,?,?)
2025-04-29T23:20:07.797+01:00  INFO 1976 --- [monitoringmicroservice] [ForkJoinPool.commonPool-worker-1] c.a.m.service.WaterReadingService        : Inserting record: 6822
2025-04-29T23:20:07.800+01:00 DEBUG 1976 --- [monitoringmicroservice] [ForkJoinPool.commonPool-worker-1] org.hibernate.SQL                        : insert into river_water_quality_records (alkmgl,bodmgl,conduscm,cusol1mgl,cusol2ugl,fesol1ugl,no2nmgl,object_id,phph,timestamp,znsolugl,id) values (?,?,?,?,?,?,?,?,?,?,?,?)
2025-04-29T23:20:37.813+01:00  INFO 1976 --- [monitoringmicroservice] [ForkJoinPool.commonPool-worker-1] c.a.m.service.WaterReadingService        : Inserting record: 6852
2025-04-29T23:20:37.820+01:00 DEBUG 1976 --- [monitoringmicroservice] [ForkJoinPool.commonPool-worker-1] org.hibernate.SQL                        : insert into river_water_quality_records (alkmgl,bodmgl,conduscm,cusol1mgl,cusol2ugl,fesol1ugl,no2nmgl,object_id,phph,timestamp,znsolugl,id) values (?,?,?,?,?,?,?,?,?,?,?,?)
2025-04-29T23:21:07.836+01:00  INFO 1976 --- [monitoringmicroservice] [ForkJoinPool.commonPool-worker-1] c.a.m.service.WaterReadingService        : Inserting record: 6853
2025-04-29T23:21:07.838+01:00 DEBUG 1976 --- [monitoringmicroservice] [ForkJoinPool.commonPool-worker-1] org.hibernate.SQL                        : insert into river_water_quality_records (alkmgl,bodmgl,conduscm,cusol1mgl,cusol2ugl,fesol1ugl,no2nmgl,object_id,phph,timestamp,znsolugl,id) values (?,?,?,?,?,?,?,?,?,?,?,?)
2025-04-29T23:21:37.852+01:00  INFO 1976 --- [monitoringmicroservice] [ForkJoinPool.commonPool-worker-1] c.a.m.service.WaterReadingService        : Inserting record: 7627
2025-04-29T23:21:37.853+01:00 DEBUG 1976 --- [monitoringmicroservice] [ForkJoinPool.commonPool-worker-1] org.hibernate.SQL                        : insert into river_water_quality_records (alkmgl,bodmgl,conduscm,cusol1mgl,cusol2ugl,fesol1ugl,no2nmgl,object_id,phph,timestamp,znsolugl,id) values (?,?,?,?,?,?,?,?,?,?,?,?)
2025-04-29T23:22:07.874+01:00  INFO 1976 --- [monitoringmicroservice] [ForkJoinPool.commonPool-worker-1] c.a.m.service.WaterReadingService        : Inserting record: 7913
2025-04-29T23:22:07.877+01:00 DEBUG 1976 --- [monitoringmicroservice] [ForkJoinPool.commonPool-worker-1] org.hibernate.SQL                        : insert into river_water_quality_records (alkmgl,bodmgl,conduscm,cusol1mgl,cusol2ugl,fesol1ugl,no2nmgl,object_id,phph,timestamp,znsolugl,id) values (?,?,?,?,?,?,?,?,?,?,?,?)
2025-04-29T23:22:37.897+01:00  INFO 1976 --- [monitoringmicroservice] [ForkJoinPool.commonPool-worker-1] c.a.m.service.WaterReadingService        : Inserting record: 7914
2025-04-29T23:22:37.898+01:00 DEBUG 1976 --- [monitoringmicroservice] [ForkJoinPool.commonPool-worker-1] org.hibernate.SQL                        : insert into river_water_quality_records (alkmgl,bodmgl,conduscm,cusol1mgl,cusol2ugl,fesol1ugl,no2nmgl,object_id,phph,timestamp,znsolugl,id) values (?,?,?,?,?,?,?,?,?,?,?,?)
2025-04-29T23:23:07.909+01:00  INFO 1976 --- [monitoringmicroservice] [ForkJoinPool.commonPool-worker-1] c.a.m.service.WaterReadingService        : Inserting record: 8285
2025-04-29T23:23:07.912+01:00 DEBUG 1976 --- [monitoringmicroservice] [ForkJoinPool.commonPool-worker-1] org.hibernate.SQL                        : insert into river_water_quality_records (alkmgl,bodmgl,conduscm,cusol1mgl,cusol2ugl,fesol1ugl,no2nmgl,object_id,phph,timestamp,znsolugl,id) values (?,?,?,?,?,?,?,?,?,?,?,?)
2025-04-29T23:23:37.920+01:00  INFO 1976 --- [monitoringmicroservice] [ForkJoinPool.commonPool-worker-1] c.a.m.service.WaterReadingService        : Inserting record: 8311
2025-04-29T23:23:37.923+01:00 DEBUG 1976 --- [monitoringmicroservice] [ForkJoinPool.commonPool-worker-1] org.hibernate.SQL                        : insert into river_water_quality_records (alkmgl,bodmgl,conduscm,cusol1mgl,cusol2ugl,fesol1ugl,no2nmgl,object_id,phph,timestamp,znsolugl,id) values (?,?,?,?,?,?,?,?,?,?,?,?)
2025-04-29T23:24:07.941+01:00  INFO 1976 --- [monitoringmicroservice] [ForkJoinPool.commonPool-worker-1] c.a.m.service.WaterReadingService        : Inserting record: 8869
2025-04-29T23:24:07.948+01:00 DEBUG 1976 --- [monitoringmicroservice] [ForkJoinPool.commonPool-worker-1] org.hibernate.SQL                        : insert into river_water_quality_records (alkmgl,bodmgl,conduscm,cusol1mgl,cusol2ugl,fesol1ugl,no2nmgl,object_id,phph,timestamp,znsolugl,id) values (?,?,?,?,?,?,?,?,?,?,?,?)
2025-04-29T23:24:37.965+01:00  INFO 1976 --- [monitoringmicroservice] [ForkJoinPool.commonPool-worker-1] c.a.m.service.WaterReadingService        : Inserting record: 8870
2025-04-29T23:24:37.966+01:00 DEBUG 1976 --- [monitoringmicroservice] [ForkJoinPool.commonPool-worker-1] org.hibernate.SQL                        : insert into river_water_quality_records (alkmgl,bodmgl,conduscm,cusol1mgl,cusol2ugl,fesol1ugl,no2nmgl,object_id,phph,timestamp,znsolugl,id) values (?,?,?,?,?,?,?,?,?,?,?,?)
2025-04-29T23:25:07.981+01:00  INFO 1976 --- [monitoringmicroservice] [ForkJoinPool.commonPool-worker-1] c.a.m.service.WaterReadingService        : Inserting record: 9204
2025-04-29T23:25:07.984+01:00 DEBUG 1976 --- [monitoringmicroservice] [ForkJoinPool.commonPool-worker-1] org.hibernate.SQL                        : insert into river_water_quality_records (alkmgl,bodmgl,conduscm,cusol1mgl,cusol2ugl,fesol1ugl,no2nmgl,object_id,phph,timestamp,znsolugl,id) values (?,?,?,?,?,?,?,?,?,?,?,?)
2025-04-29T23:25:37.998+01:00  INFO 1976 --- [monitoringmicroservice] [ForkJoinPool.commonPool-worker-1] c.a.m.service.WaterReadingService        : Inserting record: 9205
2025-04-29T23:25:38.002+01:00 DEBUG 1976 --- [monitoringmicroservice] [ForkJoinPool.commonPool-worker-1] org.hibernate.SQL                        : insert into river_water_quality_records (alkmgl,bodmgl,conduscm,cusol1mgl,cusol2ugl,fesol1ugl,no2nmgl,object_id,phph,timestamp,znsolugl,id) values (?,?,?,?,?,?,?,?,?,?,?,?)
2025-04-29T23:26:08.022+01:00  INFO 1976 --- [monitoringmicroservice] [ForkJoinPool.commonPool-worker-1] c.a.m.service.WaterReadingService        : Inserting record: 9236
2025-04-29T23:26:08.024+01:00 DEBUG 1976 --- [monitoringmicroservice] [ForkJoinPool.commonPool-worker-1] org.hibernate.SQL                        : insert into river_water_quality_records (alkmgl,bodmgl,conduscm,cusol1mgl,cusol2ugl,fesol1ugl,no2nmgl,object_id,phph,timestamp,znsolugl,id) values (?,?,?,?,?,?,?,?,?,?,?,?)
