2025-03-20T05:32:40.487Z  INFO 21040 --- [waterqualitymicroservice] [http-nio-8082-exec-8] c.a.w.service.WaterQualityService        : Fetching latest water quality data from monitoring service...
2025-03-20T05:32:40.496Z  INFO 21040 --- [waterqualitymicroservice] [http-nio-8082-exec-8] c.a.w.service.WaterQualityService        : Successfully processed water quality data.
2025-03-20T16:16:23.368Z  INFO 7899 --- [waterqualitymicroservice] [main] WaterqualitymicroserviceApplicationTests : Starting WaterqualitymicroserviceApplicationTests using Java 23.0.2 with PID 7899 (started by ridhamsaini in /Users/ridhamsaini/Desktop/Adv_programming_assessment/waterqualitymicroservice/waterqualitymicroservice)
2025-03-20T16:16:23.368Z  INFO 7899 --- [waterqualitymicroservice] [main] WaterqualitymicroserviceApplicationTests : No active profile set, falling back to 1 default profile: "default"
2025-03-20T16:16:23.737Z  INFO 7899 --- [waterqualitymicroservice] [main] o.s.v.b.OptionalValidatorFactoryBean     : Failed to set up a Bean Validation provider: jakarta.validation.NoProviderFoundException: Unable to create a Configuration, because no Jakarta Bean Validation provider could be found. Add a provider like Hibernate Validator (RI) to your classpath.
2025-03-20T16:16:24.027Z  INFO 7899 --- [waterqualitymicroservice] [main] WaterqualitymicroserviceApplicationTests : Started WaterqualitymicroserviceApplicationTests in 0.768 seconds (process running for 1.203)
2025-03-20T16:16:24.379Z  INFO 7899 --- [waterqualitymicroservice] [main] c.a.w.service.WaterQualityService        : Fetching latest water quality data from monitoring service...
2025-03-20T16:16:24.380Z ERROR 7899 --- [waterqualitymicroservice] [main] c.a.w.service.WaterQualityService        : Other errors fetching water quality data
2025-03-20T16:16:24.387Z  INFO 7899 --- [waterqualitymicroservice] [main] c.a.w.service.WaterQualityService        : Fetching latest water quality data from monitoring service...
2025-03-20T16:16:24.387Z  INFO 7899 --- [waterqualitymicroservice] [main] c.a.w.service.WaterQualityService        : Successfully processed water quality data.
2025-03-20T16:16:24.389Z  INFO 7899 --- [waterqualitymicroservice] [main] c.a.w.service.WaterQualityService        : Fetching latest water quality data from monitoring service...
2025-03-20T16:16:24.389Z ERROR 7899 --- [waterqualitymicroservice] [main] c.a.w.service.WaterQualityService        : Service timeout while fetching water quality data
2025-03-20T16:16:24.391Z  INFO 7899 --- [waterqualitymicroservice] [main] c.a.w.service.WaterQualityService        : Fetching latest water quality data from monitoring service...
2025-03-20T16:16:24.391Z  WARN 7899 --- [waterqualitymicroservice] [main] c.a.w.service.WaterQualityService        : No water quality data found.
2025-03-20T16:16:24.396Z  INFO 7899 --- [waterqualitymicroservice] [main] t.c.s.AnnotationConfigContextLoaderUtils : Could not detect default configuration classes for test class [com.assessment2.waterqualitymicroservice.controller.WaterQualityControllerTests]: WaterQualityControllerTests does not declare any static, non-private, non-final, nested classes annotated with @Configuration.
2025-03-20T16:16:24.405Z  INFO 7899 --- [waterqualitymicroservice] [main] .b.t.c.SpringBootTestContextBootstrapper : Found @SpringBootConfiguration com.assessment2.waterqualitymicroservice.WaterqualitymicroserviceApplication for test class com.assessment2.waterqualitymicroservice.controller.WaterQualityControllerTests
2025-03-20T16:16:24.417Z  INFO 7899 --- [waterqualitymicroservice] [main] c.a.w.c.WaterQualityControllerTests      : Starting WaterQualityControllerTests using Java 23.0.2 with PID 7899 (started by ridhamsaini in /Users/ridhamsaini/Desktop/Adv_programming_assessment/waterqualitymicroservice/waterqualitymicroservice)
2025-03-20T16:16:24.417Z  INFO 7899 --- [waterqualitymicroservice] [main] c.a.w.c.WaterQualityControllerTests      : No active profile set, falling back to 1 default profile: "default"
2025-03-20T16:16:24.532Z  INFO 7899 --- [waterqualitymicroservice] [main] o.s.v.b.OptionalValidatorFactoryBean     : Failed to set up a Bean Validation provider: jakarta.validation.NoProviderFoundException: Unable to create a Configuration, because no Jakarta Bean Validation provider could be found. Add a provider like Hibernate Validator (RI) to your classpath.
2025-03-20T16:16:24.845Z  INFO 7899 --- [waterqualitymicroservice] [main] o.s.b.t.m.w.SpringBootMockServletContext : Initializing Spring TestDispatcherServlet ''
2025-03-20T16:16:24.846Z  INFO 7899 --- [waterqualitymicroservice] [main] o.s.t.web.servlet.TestDispatcherServlet  : Initializing Servlet ''
2025-03-20T16:16:24.846Z  INFO 7899 --- [waterqualitymicroservice] [main] o.s.t.web.servlet.TestDispatcherServlet  : Completed initialization in 0 ms
2025-03-20T16:16:24.853Z  INFO 7899 --- [waterqualitymicroservice] [main] c.a.w.c.WaterQualityControllerTests      : Started WaterQualityControllerTests in 0.446 seconds (process running for 2.029)
2025-03-20T16:16:24.869Z  INFO 7899 --- [waterqualitymicroservice] [main] c.a.w.service.WaterQualityService        : Fetching latest water quality data from monitoring service...
2025-03-20T16:16:24.870Z  INFO 7899 --- [waterqualitymicroservice] [main] c.a.w.service.WaterQualityService        : Successfully processed water quality data.
2025-03-20T16:16:24.906Z  INFO 7899 --- [waterqualitymicroservice] [main] c.a.w.service.WaterQualityService        : Fetching latest water quality data from monitoring service...
2025-03-20T16:16:24.906Z  WARN 7899 --- [waterqualitymicroservice] [main] c.a.w.service.WaterQualityService        : No water quality data found.
2025-03-20T16:16:24.911Z  INFO 7899 --- [waterqualitymicroservice] [main] c.a.w.service.WaterQualityService        : Fetching latest water quality data from monitoring service...
2025-03-20T16:16:24.911Z ERROR 7899 --- [waterqualitymicroservice] [main] c.a.w.service.WaterQualityService        : Other errors fetching water quality data
2025-03-20T16:16:24.916Z  INFO 7899 --- [waterqualitymicroservice] [main] c.a.w.service.WaterQualityService        : Fetching latest water quality data from monitoring service...
2025-03-20T16:16:24.916Z ERROR 7899 --- [waterqualitymicroservice] [main] c.a.w.service.WaterQualityService        : Service timeout while fetching water quality data
2025-05-17T19:41:49.947+01:00  INFO 45359 --- [waterqualitymicroservice] [main] WaterqualitymicroserviceApplicationTests : Starting WaterqualitymicroserviceApplicationTests using Java 23.0.2 with PID 45359 (started by ridhamsaini in /Users/ridhamsaini/Documents/GitHub/KF7014_AP_GROUP_COMPONENT/prathamesh_services/waterqualitymicroservice)
2025-05-17T19:41:49.949+01:00  INFO 45359 --- [waterqualitymicroservice] [main] WaterqualitymicroserviceApplicationTests : No active profile set, falling back to 1 default profile: "default"
2025-05-17T19:41:50.306+01:00  INFO 45359 --- [waterqualitymicroservice] [main] o.s.v.b.OptionalValidatorFactoryBean     : Failed to set up a Bean Validation provider: jakarta.validation.NoProviderFoundException: Unable to create a Configuration, because no Jakarta Bean Validation provider could be found. Add a provider like Hibernate Validator (RI) to your classpath.
2025-05-17T19:41:50.590+01:00  INFO 45359 --- [waterqualitymicroservice] [main] WaterqualitymicroserviceApplicationTests : Started WaterqualitymicroserviceApplicationTests in 0.805 seconds (process running for 1.371)
2025-05-17T19:41:50.915+01:00  INFO 45359 --- [waterqualitymicroservice] [main] c.a.w.service.WaterQualityService        : Fetching latest water quality data from monitoring service...
2025-05-17T19:41:50.916+01:00 ERROR 45359 --- [waterqualitymicroservice] [main] c.a.w.service.WaterQualityService        : Other errors fetching water quality data
2025-05-17T19:41:50.923+01:00  INFO 45359 --- [waterqualitymicroservice] [main] c.a.w.service.WaterQualityService        : Fetching latest water quality data from monitoring service...
2025-05-17T19:41:50.923+01:00  INFO 45359 --- [waterqualitymicroservice] [main] c.a.w.service.WaterQualityService        : Successfully processed water quality data.
2025-05-17T19:41:50.925+01:00  INFO 45359 --- [waterqualitymicroservice] [main] c.a.w.service.WaterQualityService        : Fetching latest water quality data from monitoring service...
2025-05-17T19:41:50.925+01:00 ERROR 45359 --- [waterqualitymicroservice] [main] c.a.w.service.WaterQualityService        : Service timeout while fetching water quality data
2025-05-17T19:41:50.927+01:00  INFO 45359 --- [waterqualitymicroservice] [main] c.a.w.service.WaterQualityService        : Fetching latest water quality data from monitoring service...
2025-05-17T19:41:50.927+01:00  WARN 45359 --- [waterqualitymicroservice] [main] c.a.w.service.WaterQualityService        : No water quality data found.
2025-05-17T19:41:50.933+01:00  INFO 45359 --- [waterqualitymicroservice] [main] t.c.s.AnnotationConfigContextLoaderUtils : Could not detect default configuration classes for test class [com.assessment2.waterqualitymicroservice.controller.WaterQualityControllerTests]: WaterQualityControllerTests does not declare any static, non-private, non-final, nested classes annotated with @Configuration.
2025-05-17T19:41:50.942+01:00  INFO 45359 --- [waterqualitymicroservice] [main] .b.t.c.SpringBootTestContextBootstrapper : Found @SpringBootConfiguration com.assessment2.waterqualitymicroservice.WaterqualitymicroserviceApplication for test class com.assessment2.waterqualitymicroservice.controller.WaterQualityControllerTests
2025-05-17T19:41:50.955+01:00  INFO 45359 --- [waterqualitymicroservice] [main] c.a.w.c.WaterQualityControllerTests      : Starting WaterQualityControllerTests using Java 23.0.2 with PID 45359 (started by ridhamsaini in /Users/ridhamsaini/Documents/GitHub/KF7014_AP_GROUP_COMPONENT/prathamesh_services/waterqualitymicroservice)
2025-05-17T19:41:50.955+01:00  INFO 45359 --- [waterqualitymicroservice] [main] c.a.w.c.WaterQualityControllerTests      : No active profile set, falling back to 1 default profile: "default"
2025-05-17T19:41:51.071+01:00  INFO 45359 --- [waterqualitymicroservice] [main] o.s.v.b.OptionalValidatorFactoryBean     : Failed to set up a Bean Validation provider: jakarta.validation.NoProviderFoundException: Unable to create a Configuration, because no Jakarta Bean Validation provider could be found. Add a provider like Hibernate Validator (RI) to your classpath.
2025-05-17T19:41:51.316+01:00  INFO 45359 --- [waterqualitymicroservice] [main] o.s.b.t.m.w.SpringBootMockServletContext : Initializing Spring TestDispatcherServlet ''
2025-05-17T19:41:51.316+01:00  INFO 45359 --- [waterqualitymicroservice] [main] o.s.t.web.servlet.TestDispatcherServlet  : Initializing Servlet ''
2025-05-17T19:41:51.317+01:00  INFO 45359 --- [waterqualitymicroservice] [main] o.s.t.web.servlet.TestDispatcherServlet  : Completed initialization in 1 ms
2025-05-17T19:41:51.323+01:00  INFO 45359 --- [waterqualitymicroservice] [main] c.a.w.c.WaterQualityControllerTests      : Started WaterQualityControllerTests in 0.379 seconds (process running for 2.104)
2025-05-17T19:41:51.343+01:00  WARN 45359 --- [waterqualitymicroservice] [main] .w.s.m.s.DefaultHandlerExceptionResolver : Resolved [org.springframework.web.bind.MissingRequestHeaderException: Required request header 'Authorization' for method parameter type String is not present]
2025-05-17T19:41:51.355+01:00  WARN 45359 --- [waterqualitymicroservice] [main] .w.s.m.s.DefaultHandlerExceptionResolver : Resolved [org.springframework.web.bind.MissingRequestHeaderException: Required request header 'Authorization' for method parameter type String is not present]
2025-05-17T19:41:51.362+01:00  WARN 45359 --- [waterqualitymicroservice] [main] .w.s.m.s.DefaultHandlerExceptionResolver : Resolved [org.springframework.web.bind.MissingRequestHeaderException: Required request header 'Authorization' for method parameter type String is not present]
2025-05-17T19:41:51.366+01:00  WARN 45359 --- [waterqualitymicroservice] [main] .w.s.m.s.DefaultHandlerExceptionResolver : Resolved [org.springframework.web.bind.MissingRequestHeaderException: Required request header 'Authorization' for method parameter type String is not present]
2025-05-17T19:43:12.375+01:00  INFO 45456 --- [waterqualitymicroservice] [main] c.a.w.c.WaterQualityControllerTests      : Starting WaterQualityControllerTests using Java 23.0.2 with PID 45456 (started by ridhamsaini in /Users/ridhamsaini/Documents/GitHub/KF7014_AP_GROUP_COMPONENT/prathamesh_services/waterqualitymicroservice)
2025-05-17T19:43:12.376+01:00  INFO 45456 --- [waterqualitymicroservice] [main] c.a.w.c.WaterQualityControllerTests      : No active profile set, falling back to 1 default profile: "default"
2025-05-17T19:43:13.083+01:00  INFO 45456 --- [waterqualitymicroservice] [main] o.s.v.b.OptionalValidatorFactoryBean     : Failed to set up a Bean Validation provider: jakarta.validation.NoProviderFoundException: Unable to create a Configuration, because no Jakarta Bean Validation provider could be found. Add a provider like Hibernate Validator (RI) to your classpath.
2025-05-17T19:43:13.382+01:00  INFO 45456 --- [waterqualitymicroservice] [main] o.s.b.t.m.w.SpringBootMockServletContext : Initializing Spring TestDispatcherServlet ''
2025-05-17T19:43:13.382+01:00  INFO 45456 --- [waterqualitymicroservice] [main] o.s.t.web.servlet.TestDispatcherServlet  : Initializing Servlet ''
2025-05-17T19:43:13.383+01:00  INFO 45456 --- [waterqualitymicroservice] [main] o.s.t.web.servlet.TestDispatcherServlet  : Completed initialization in 1 ms
2025-05-17T19:43:13.394+01:00  INFO 45456 --- [waterqualitymicroservice] [main] c.a.w.c.WaterQualityControllerTests      : Started WaterQualityControllerTests in 1.132 seconds (process running for 1.568)
2025-05-17T19:43:13.429+01:00  WARN 45456 --- [waterqualitymicroservice] [main] .w.s.m.s.DefaultHandlerExceptionResolver : Resolved [org.springframework.web.bind.MissingRequestHeaderException: Required request header 'Authorization' for method parameter type String is not present]
2025-05-17T19:43:13.442+01:00  WARN 45456 --- [waterqualitymicroservice] [main] .w.s.m.s.DefaultHandlerExceptionResolver : Resolved [org.springframework.web.bind.MissingRequestHeaderException: Required request header 'Authorization' for method parameter type String is not present]
2025-05-17T19:43:13.447+01:00  WARN 45456 --- [waterqualitymicroservice] [main] .w.s.m.s.DefaultHandlerExceptionResolver : Resolved [org.springframework.web.bind.MissingRequestHeaderException: Required request header 'Authorization' for method parameter type String is not present]
2025-05-17T19:43:13.452+01:00  WARN 45456 --- [waterqualitymicroservice] [main] .w.s.m.s.DefaultHandlerExceptionResolver : Resolved [org.springframework.web.bind.MissingRequestHeaderException: Required request header 'Authorization' for method parameter type String is not present]
2025-05-17T19:43:42.169+01:00  INFO 45497 --- [waterqualitymicroservice] [main] c.a.w.c.WaterQualityControllerTests      : Starting WaterQualityControllerTests using Java 23.0.2 with PID 45497 (started by ridhamsaini in /Users/ridhamsaini/Documents/GitHub/KF7014_AP_GROUP_COMPONENT/prathamesh_services/waterqualitymicroservice)
2025-05-17T19:43:42.170+01:00  INFO 45497 --- [waterqualitymicroservice] [main] c.a.w.c.WaterQualityControllerTests      : No active profile set, falling back to 1 default profile: "default"
2025-05-17T19:43:42.842+01:00  INFO 45497 --- [waterqualitymicroservice] [main] o.s.v.b.OptionalValidatorFactoryBean     : Failed to set up a Bean Validation provider: jakarta.validation.NoProviderFoundException: Unable to create a Configuration, because no Jakarta Bean Validation provider could be found. Add a provider like Hibernate Validator (RI) to your classpath.
2025-05-17T19:43:43.137+01:00  INFO 45497 --- [waterqualitymicroservice] [main] o.s.b.t.m.w.SpringBootMockServletContext : Initializing Spring TestDispatcherServlet ''
2025-05-17T19:43:43.137+01:00  INFO 45497 --- [waterqualitymicroservice] [main] o.s.t.web.servlet.TestDispatcherServlet  : Initializing Servlet ''
2025-05-17T19:43:43.137+01:00  INFO 45497 --- [waterqualitymicroservice] [main] o.s.t.web.servlet.TestDispatcherServlet  : Completed initialization in 0 ms
2025-05-17T19:43:43.148+01:00  INFO 45497 --- [waterqualitymicroservice] [main] c.a.w.c.WaterQualityControllerTests      : Started WaterQualityControllerTests in 1.088 seconds (process running for 1.502)
2025-05-17T19:43:43.186+01:00  INFO 45497 --- [waterqualitymicroservice] [main] c.a.w.service.WaterQualityService        : Fetching latest water quality data from monitoring service...
2025-05-17T19:43:43.187+01:00  INFO 45497 --- [waterqualitymicroservice] [main] c.a.w.service.WaterQualityService        : Successfully processed water quality data.
2025-05-17T19:43:43.228+01:00  INFO 45497 --- [waterqualitymicroservice] [main] c.a.w.service.WaterQualityService        : Fetching latest water quality data from monitoring service...
2025-05-17T19:43:43.228+01:00  WARN 45497 --- [waterqualitymicroservice] [main] c.a.w.service.WaterQualityService        : No water quality data found.
2025-05-17T19:43:43.234+01:00  INFO 45497 --- [waterqualitymicroservice] [main] c.a.w.service.WaterQualityService        : Fetching latest water quality data from monitoring service...
2025-05-17T19:43:43.234+01:00 ERROR 45497 --- [waterqualitymicroservice] [main] c.a.w.service.WaterQualityService        : Other errors fetching water quality data
2025-05-17T19:43:43.240+01:00  INFO 45497 --- [waterqualitymicroservice] [main] c.a.w.service.WaterQualityService        : Fetching latest water quality data from monitoring service...
2025-05-17T19:43:43.240+01:00 ERROR 45497 --- [waterqualitymicroservice] [main] c.a.w.service.WaterQualityService        : Service timeout while fetching water quality data
2025-05-17T19:59:32.016+01:00  INFO 46419 --- [waterqualitymicroservice] [main] WaterqualitymicroserviceApplicationTests : Starting WaterqualitymicroserviceApplicationTests using Java 23.0.2 with PID 46419 (started by ridhamsaini in /Users/ridhamsaini/Documents/GitHub/KF7014_AP_GROUP_COMPONENT/prathamesh_services/waterqualitymicroservice)
2025-05-17T19:59:32.017+01:00  INFO 46419 --- [waterqualitymicroservice] [main] WaterqualitymicroserviceApplicationTests : No active profile set, falling back to 1 default profile: "default"
2025-05-17T19:59:32.390+01:00  INFO 46419 --- [waterqualitymicroservice] [main] o.s.v.b.OptionalValidatorFactoryBean     : Failed to set up a Bean Validation provider: jakarta.validation.NoProviderFoundException: Unable to create a Configuration, because no Jakarta Bean Validation provider could be found. Add a provider like Hibernate Validator (RI) to your classpath.
2025-05-17T19:59:32.669+01:00  INFO 46419 --- [waterqualitymicroservice] [main] WaterqualitymicroserviceApplicationTests : Started WaterqualitymicroserviceApplicationTests in 0.824 seconds (process running for 1.49)
2025-05-17T19:59:33.002+01:00  INFO 46419 --- [waterqualitymicroservice] [main] c.a.w.service.WaterQualityService        : Fetching latest water quality data from monitoring service...
2025-05-17T19:59:33.003+01:00 ERROR 46419 --- [waterqualitymicroservice] [main] c.a.w.service.WaterQualityService        : Other errors fetching water quality data
2025-05-17T19:59:33.009+01:00  INFO 46419 --- [waterqualitymicroservice] [main] c.a.w.service.WaterQualityService        : Fetching latest water quality data from monitoring service...
2025-05-17T19:59:33.010+01:00  INFO 46419 --- [waterqualitymicroservice] [main] c.a.w.service.WaterQualityService        : Successfully processed water quality data.
2025-05-17T19:59:33.012+01:00  INFO 46419 --- [waterqualitymicroservice] [main] c.a.w.service.WaterQualityService        : Fetching latest water quality data from monitoring service...
2025-05-17T19:59:33.012+01:00 ERROR 46419 --- [waterqualitymicroservice] [main] c.a.w.service.WaterQualityService        : Service timeout while fetching water quality data
2025-05-17T19:59:33.014+01:00  INFO 46419 --- [waterqualitymicroservice] [main] c.a.w.service.WaterQualityService        : Fetching latest water quality data from monitoring service...
2025-05-17T19:59:33.014+01:00  WARN 46419 --- [waterqualitymicroservice] [main] c.a.w.service.WaterQualityService        : No water quality data found.
2025-05-17T19:59:33.019+01:00  INFO 46419 --- [waterqualitymicroservice] [main] t.c.s.AnnotationConfigContextLoaderUtils : Could not detect default configuration classes for test class [com.assessment2.waterqualitymicroservice.controller.WaterQualityControllerTests]: WaterQualityControllerTests does not declare any static, non-private, non-final, nested classes annotated with @Configuration.
2025-05-17T19:59:33.028+01:00  INFO 46419 --- [waterqualitymicroservice] [main] .b.t.c.SpringBootTestContextBootstrapper : Found @SpringBootConfiguration com.assessment2.waterqualitymicroservice.WaterqualitymicroserviceApplication for test class com.assessment2.waterqualitymicroservice.controller.WaterQualityControllerTests
2025-05-17T19:59:33.040+01:00  INFO 46419 --- [waterqualitymicroservice] [main] c.a.w.c.WaterQualityControllerTests      : Starting WaterQualityControllerTests using Java 23.0.2 with PID 46419 (started by ridhamsaini in /Users/ridhamsaini/Documents/GitHub/KF7014_AP_GROUP_COMPONENT/prathamesh_services/waterqualitymicroservice)
2025-05-17T19:59:33.040+01:00  INFO 46419 --- [waterqualitymicroservice] [main] c.a.w.c.WaterQualityControllerTests      : No active profile set, falling back to 1 default profile: "default"
2025-05-17T19:59:33.151+01:00  INFO 46419 --- [waterqualitymicroservice] [main] o.s.v.b.OptionalValidatorFactoryBean     : Failed to set up a Bean Validation provider: jakarta.validation.NoProviderFoundException: Unable to create a Configuration, because no Jakarta Bean Validation provider could be found. Add a provider like Hibernate Validator (RI) to your classpath.
2025-05-17T19:59:33.308+01:00  INFO 46419 --- [waterqualitymicroservice] [main] o.s.b.t.m.w.SpringBootMockServletContext : Initializing Spring TestDispatcherServlet ''
2025-05-17T19:59:33.308+01:00  INFO 46419 --- [waterqualitymicroservice] [main] o.s.t.web.servlet.TestDispatcherServlet  : Initializing Servlet ''
2025-05-17T19:59:33.308+01:00  INFO 46419 --- [waterqualitymicroservice] [main] o.s.t.web.servlet.TestDispatcherServlet  : Completed initialization in 0 ms
2025-05-17T19:59:33.315+01:00  INFO 46419 --- [waterqualitymicroservice] [main] c.a.w.c.WaterQualityControllerTests      : Started WaterQualityControllerTests in 0.285 seconds (process running for 2.137)
2025-05-17T19:59:33.336+01:00  INFO 46419 --- [waterqualitymicroservice] [main] c.a.w.service.WaterQualityService        : Fetching latest water quality data from monitoring service...
2025-05-17T19:59:33.336+01:00  INFO 46419 --- [waterqualitymicroservice] [main] c.a.w.service.WaterQualityService        : Successfully processed water quality data.
2025-05-17T19:59:33.378+01:00  INFO 46419 --- [waterqualitymicroservice] [main] c.a.w.service.WaterQualityService        : Fetching latest water quality data from monitoring service...
2025-05-17T19:59:33.378+01:00  WARN 46419 --- [waterqualitymicroservice] [main] c.a.w.service.WaterQualityService        : No water quality data found.
2025-05-17T19:59:33.383+01:00  INFO 46419 --- [waterqualitymicroservice] [main] c.a.w.service.WaterQualityService        : Fetching latest water quality data from monitoring service...
2025-05-17T19:59:33.383+01:00 ERROR 46419 --- [waterqualitymicroservice] [main] c.a.w.service.WaterQualityService        : Other errors fetching water quality data
2025-05-17T19:59:33.387+01:00  INFO 46419 --- [waterqualitymicroservice] [main] c.a.w.service.WaterQualityService        : Fetching latest water quality data from monitoring service...
2025-05-17T19:59:33.388+01:00 ERROR 46419 --- [waterqualitymicroservice] [main] c.a.w.service.WaterQualityService        : Service timeout while fetching water quality data
